Build.bat is already running, waiting for existing script to terminate...
Using bundled DotNet SDK version: 8.0.300 win-x64
Running UnrealBuildTool: dotnet "..\..\Engine\Binaries\DotNET\UnrealBuildTool\UnrealBuildTool.dll" AlexanderEditor Win64 Development -Project=C:\Users\allen\Desktop\Alexander\Alexander\Alexander.uproject -WaitMutex
Log file: C:\Users\allen\AppData\Local\UnrealBuildTool\Log.txt
Using 'git status' to determine working set for adaptive non-unity build (C:\Users\allen\Desktop\Alexander\Alexander).
Building AlexanderEditor...
Using Visual Studio 2022 14.44.35219 toolchain (C:\Program Files\Microsoft Visual Studio\2022\Community\VC\Tools\MSVC\14.44.35207) and Windows 10.0.26100.0 SDK (C:\Program Files (x86)\Windows Kits\10).
Warning: Visual Studio 2022 compiler is not a preferred version
[Adaptive Build] Excluded from Alexander unity file: AsteroidMiningSystem.cpp, AsyncLoadingComponent.cpp, AutomationAPIServer.cpp, AutomationEfficiencySystem.cpp, CraftingSystem.cpp, CropGrowthSystem.cpp, CropSystem.cpp, DynamicMarketManager.cpp, EconomicEventManager.cpp, FactionEconomyManager.cpp, FarmingInfrastructure.cpp, FarmPlot.cpp, GameStateExtractor.cpp, InventoryManager.cpp, IrrigationSystem.cpp, LandClaimManager.cpp, MemoryOptimizationManager.cpp, OrbitalBody.cpp, OrbitalMechanicsManager.cpp, PerformanceSelfMonitor.cpp, PersistentUniverseManager.cpp, Planet.cpp, PlanetaryFarmingSystem.cpp, PlanetaryMiningSystem.cpp, ProceduralStarSystemGenerator.cpp, RefiningSystem.cpp, ReplicationManager.cpp, ResourceGatheringSystem.cpp, SoilSystem.cpp, Spaceship.cpp, SpatialPartitioningComponent.cpp, SphereOfInfluenceManager.cpp, SphericalSpacePhysicsManager.cpp, StarSystemManager.cpp, Sun.cpp, SurfacePlayerCharacter.cpp, SystemEvents.cpp, TickAnalysisComponent.cpp, TickOptimizationManager.cpp, TradeMissionSystem.cpp, TradeShipAutomation.cpp, TradingEconomySystem.cpp, VerificationGameMode.cpp, VerificationReportGenerator.cpp, FarmingTestStation.cpp, NavigationKioskWidget.cpp, PerformanceMonitorWidget.cpp, TestResultsWidget.cpp, TestStation.cpp, TestUtilities.cpp, FarmingSystemTest.cpp, OrbitalMechanicsTest.cpp, PersistentUniverseManagerTest.cpp, PlanetaryFarmingSystemTest.cpp, ResourceGatheringSystemTest.cpp, SystemIntegrationTest.cpp, TradingEconomySystemTest.cpp
Determining max actions to execute in parallel (24 physical cores, 32 logical cores)
  Executing up to 24 processes, one per physical core
Using Unreal Build Accelerator local executor to run 28 action(s)
  Storage capacity 40Gb
---- Starting trace: 251112_134821 ----
UbaServer - Listening on 0.0.0.0:1345
------ Building 28 action(s) started ------
[1/28] Compile [x64] TestUtilities.cpp
C:\Users\allen\Desktop\Alexander\Alexander\Source\Alexander\Private\Testing\TestUtilities.cpp(262,30): error C2511: 'FLinearColor UTestUtilities::GetTestStatusColor(EAlexanderTestStatus)': overloaded member function not found in 'UTestUtilities'
FLinearColor UTestUtilities::GetTestStatusColor(EAlexanderTestStatus Status)
                             ^
C:\Users\allen\Desktop\Alexander\Alexander\Source\Alexander\Public\Testing\TestUtilities.h(21,21): note: see declaration of 'UTestUtilities'
class ALEXANDER_API UTestUtilities : public UBlueprintFunctionLibrary
                    ^
[2/28] Compile [x64] OrbitalMechanicsTest.cpp
C:\Users\allen\Desktop\Alexander\Alexander\Source\Alexander\Tests\OrbitalMechanicsTest.cpp(22,1): error C2338: static_assert failed: 'AutomationTest has no application flag.  It shouldn't run.  See AutomationTest.h.'
IMPLEMENT_SIMPLE_AUTOMATION_TEST(FOrbitalMechanicsKeplerCircularTest, "Alexander.OrbitalMechanics.KeplerSolver.Circular", EAutomationTestFlags::EngineFilter | EAutomationTestFlags::ProductFilter)
^
C:\Users\allen\Desktop\Alexander\Alexander\Source\Alexander\Tests\OrbitalMechanicsTest.cpp(22,1): error C2338: static_assert failed: 'All AutomationTests must have exactly 1 filter type specified.  See AutomationTest.h.'
C:\Users\allen\Desktop\Alexander\Alexander\Source\Alexander\Tests\OrbitalMechanicsTest.cpp(30,16): error C2653: 'FOrbitalMechanics': is not a class or namespace name
    double E = FOrbitalMechanics::SolveKeplerEquation(Eccentricity, MeanAnomaly);
               ^
C:\Users\allen\Desktop\Alexander\Alexander\Source\Alexander\Tests\OrbitalMechanicsTest.cpp(30,35): error C3861: 'SolveKeplerEquation': identifier not found
    double E = FOrbitalMechanics::SolveKeplerEquation(Eccentricity, MeanAnomaly);
                                  ^
C:\Users\allen\Desktop\Alexander\Alexander\Source\Alexander\Tests\OrbitalMechanicsTest.cpp(34,9): error C2653: 'FOrbitalMechanics': is not a class or namespace name
    E = FOrbitalMechanics::SolveKeplerEquation(Eccentricity, MeanAnomaly);
        ^
C:\Users\allen\Desktop\Alexander\Alexander\Source\Alexander\Tests\OrbitalMechanicsTest.cpp(34,28): error C3861: 'SolveKeplerEquation': identifier not found
    E = FOrbitalMechanics::SolveKeplerEquation(Eccentricity, MeanAnomaly);
                           ^
C:\Users\allen\Desktop\Alexander\Alexander\Source\Alexander\Tests\OrbitalMechanicsTest.cpp(40,1): error C2338: static_assert failed: 'AutomationTest has no application flag.  It shouldn't run.  See AutomationTest.h.'
IMPLEMENT_SIMPLE_AUTOMATION_TEST(FOrbitalMechanicsKeplerEccentricTest, "Alexander.OrbitalMechanics.KeplerSolver.Eccentric", EAutomationTestFlags::EngineFilter | EAutomationTestFlags::ProductFilter)
^
C:\Users\allen\Desktop\Alexander\Alexander\Source\Alexander\Tests\OrbitalMechanicsTest.cpp(40,1): error C2338: static_assert failed: 'All AutomationTests must have exactly 1 filter type specified.  See AutomationTest.h.'
C:\Users\allen\Desktop\Alexander\Alexander\Source\Alexander\Tests\OrbitalMechanicsTest.cpp(46,16): error C2653: 'FOrbitalMechanics': is not a class or namespace name
    double E = FOrbitalMechanics::SolveKeplerEquation(Eccentricity, MeanAnomaly);
               ^
C:\Users\allen\Desktop\Alexander\Alexander\Source\Alexander\Tests\OrbitalMechanicsTest.cpp(46,35): error C3861: 'SolveKeplerEquation': identifier not found
    double E = FOrbitalMechanics::SolveKeplerEquation(Eccentricity, MeanAnomaly);
                                  ^
C:\Users\allen\Desktop\Alexander\Alexander\Source\Alexander\Tests\OrbitalMechanicsTest.cpp(54,1): error C2338: static_assert failed: 'AutomationTest has no application flag.  It shouldn't run.  See AutomationTest.h.'
IMPLEMENT_SIMPLE_AUTOMATION_TEST(FOrbitalMechanicsKeplerHighEccentricityTest, "Alexander.OrbitalMechanics.KeplerSolver.HighEccentricity", EAutomationTestFlags::EngineFilter | EAutomationTestFlags::ProductFilter)
^
C:\Users\allen\Desktop\Alexander\Alexander\Source\Alexander\Tests\OrbitalMechanicsTest.cpp(54,1): error C2338: static_assert failed: 'All AutomationTests must have exactly 1 filter type specified.  See AutomationTest.h.'
C:\Users\allen\Desktop\Alexander\Alexander\Source\Alexander\Tests\OrbitalMechanicsTest.cpp(60,16): error C2653: 'FOrbitalMechanics': is not a class or namespace name
    double E = FOrbitalMechanics::SolveKeplerEquation(Eccentricity, MeanAnomaly);
               ^
C:\Users\allen\Desktop\Alexander\Alexander\Source\Alexander\Tests\OrbitalMechanicsTest.cpp(60,35): error C3861: 'SolveKeplerEquation': identifier not found
    double E = FOrbitalMechanics::SolveKeplerEquation(Eccentricity, MeanAnomaly);
                                  ^
C:\Users\allen\Desktop\Alexander\Alexander\Source\Alexander\Tests\OrbitalMechanicsTest.cpp(72,1): error C2338: static_assert failed: 'AutomationTest has no application flag.  It shouldn't run.  See AutomationTest.h.'
IMPLEMENT_SIMPLE_AUTOMATION_TEST(FOrbitalMechanicsGravityBasicTest, "Alexander.OrbitalMechanics.Gravity.Basic", EAutomationTestFlags::EngineFilter | EAutomationTestFlags::ProductFilter)
^
C:\Users\allen\Desktop\Alexander\Alexander\Source\Alexander\Tests\OrbitalMechanicsTest.cpp(72,1): error C2338: static_assert failed: 'All AutomationTests must have exactly 1 filter type specified.  See AutomationTest.h.'
C:\Users\allen\Desktop\Alexander\Alexander\Source\Alexander\Tests\OrbitalMechanicsTest.cpp(81,21): error C2653: 'FOrbitalMechanics': is not a class or namespace name
    FVector Force = FOrbitalMechanics::CalculateGravitationalForce(Pos1, Pos2, Mass1, Mass2);
                    ^
C:\Users\allen\Desktop\Alexander\Alexander\Source\Alexander\Tests\OrbitalMechanicsTest.cpp(81,40): error C3861: 'CalculateGravitationalForce': identifier not found
    FVector Force = FOrbitalMechanics::CalculateGravitationalForce(Pos1, Pos2, Mass1, Mass2);
                                       ^
C:\Users\allen\Desktop\Alexander\Alexander\Source\Alexander\Tests\OrbitalMechanicsTest.cpp(90,1): error C2338: static_assert failed: 'AutomationTest has no application flag.  It shouldn't run.  See AutomationTest.h.'
IMPLEMENT_SIMPLE_AUTOMATION_TEST(FOrbitalMechanicsGravityDistanceTest, "Alexander.OrbitalMechanics.Gravity.Distance", EAutomationTestFlags::EngineFilter | EAutomationTestFlags::ProductFilter)
^
C:\Users\allen\Desktop\Alexander\Alexander\Source\Alexander\Tests\OrbitalMechanicsTest.cpp(90,1): error C2338: static_assert failed: 'All AutomationTests must have exactly 1 filter type specified.  See AutomationTest.h.'
C:\Users\allen\Desktop\Alexander\Alexander\Source\Alexander\Tests\OrbitalMechanicsTest.cpp(99,22): error C2653: 'FOrbitalMechanics': is not a class or namespace name
    FVector ForceA = FOrbitalMechanics::CalculateGravitationalForce(Pos1, Pos2A, Mass1, Mass2);
                     ^
C:\Users\allen\Desktop\Alexander\Alexander\Source\Alexander\Tests\OrbitalMechanicsTest.cpp(99,41): error C3861: 'CalculateGravitationalForce': identifier not found
    FVector ForceA = FOrbitalMechanics::CalculateGravitationalForce(Pos1, Pos2A, Mass1, Mass2);
                                        ^
C:\Users\allen\Desktop\Alexander\Alexander\Source\Alexander\Tests\OrbitalMechanicsTest.cpp(102,22): error C2653: 'FOrbitalMechanics': is not a class or namespace name
    FVector ForceB = FOrbitalMechanics::CalculateGravitationalForce(Pos1, Pos2B, Mass1, Mass2);
                     ^
C:\Users\allen\Desktop\Alexander\Alexander\Source\Alexander\Tests\OrbitalMechanicsTest.cpp(102,41): error C3861: 'CalculateGravitationalForce': identifier not found
    FVector ForceB = FOrbitalMechanics::CalculateGravitationalForce(Pos1, Pos2B, Mass1, Mass2);
                                        ^
C:\Users\allen\Desktop\Alexander\Alexander\Source\Alexander\Tests\OrbitalMechanicsTest.cpp(111,1): error C2338: static_assert failed: 'AutomationTest has no application flag.  It shouldn't run.  See AutomationTest.h.'
IMPLEMENT_SIMPLE_AUTOMATION_TEST(FOrbitalMechanicsGravitySymmetryTest, "Alexander.OrbitalMechanics.Gravity.Symmetry", EAutomationTestFlags::EngineFilter | EAutomationTestFlags::ProductFilter)
^
C:\Users\allen\Desktop\Alexander\Alexander\Source\Alexander\Tests\OrbitalMechanicsTest.cpp(111,1): error C2338: static_assert failed: 'All AutomationTests must have exactly 1 filter type specified.  See AutomationTest.h.'
C:\Users\allen\Desktop\Alexander\Alexander\Source\Alexander\Tests\OrbitalMechanicsTest.cpp(120,23): error C2653: 'FOrbitalMechanics': is not a class or namespace name
    FVector Force12 = FOrbitalMechanics::CalculateGravitationalForce(Pos1, Pos2, Mass1, Mass2);
                      ^
C:\Users\allen\Desktop\Alexander\Alexander\Source\Alexander\Tests\OrbitalMechanicsTest.cpp(120,42): error C3861: 'CalculateGravitationalForce': identifier not found
    FVector Force12 = FOrbitalMechanics::CalculateGravitationalForce(Pos1, Pos2, Mass1, Mass2);
                                         ^
C:\Users\allen\Desktop\Alexander\Alexander\Source\Alexander\Tests\OrbitalMechanicsTest.cpp(121,23): error C2653: 'FOrbitalMechanics': is not a class or namespace name
    FVector Force21 = FOrbitalMechanics::CalculateGravitationalForce(Pos2, Pos1, Mass2, Mass1);
                      ^
C:\Users\allen\Desktop\Alexander\Alexander\Source\Alexander\Tests\OrbitalMechanicsTest.cpp(121,42): error C3861: 'CalculateGravitationalForce': identifier not found
    FVector Force21 = FOrbitalMechanics::CalculateGravitationalForce(Pos2, Pos1, Mass2, Mass1);
                                         ^
C:\Users\allen\Desktop\Alexander\Alexander\Source\Alexander\Tests\OrbitalMechanicsTest.cpp(133,1): error C2338: static_assert failed: 'AutomationTest has no application flag.  It shouldn't run.  See AutomationTest.h.'
IMPLEMENT_SIMPLE_AUTOMATION_TEST(FOrbitalMechanicsPositionCircularTest, "Alexander.OrbitalMechanics.Position.Circular", EAutomationTestFlags::EngineFilter | EAutomationTestFlags::ProductFilter)
^
C:\Users\allen\Desktop\Alexander\Alexander\Source\Alexander\Tests\OrbitalMechanicsTest.cpp(133,1): error C2338: static_assert failed: 'All AutomationTests must have exactly 1 filter type specified.  See AutomationTest.h.'
C:\Users\allen\Desktop\Alexander\Alexander\Source\Alexander\Tests\OrbitalMechanicsTest.cpp(141,14): error C2039: 'LongitudeOfAscendingNode': is not a member of 'FOrbitalElements'
    Elements.LongitudeOfAscendingNode = 0.0;
             ^
C:\Users\allen\Desktop\Alexander\Alexander\Source\Alexander\Public\OrbitalMechanics.h(17,8): note: see declaration of 'FOrbitalElements'
struct FOrbitalElements
       ^
C:\Users\allen\Desktop\Alexander\Alexander\Source\Alexander\Tests\OrbitalMechanicsTest.cpp(144,24): error C2653: 'FOrbitalMechanics': is not a class or namespace name
    FVector Position = FOrbitalMechanics::CalculatePositionFromOrbitalElements(Elements);
                       ^
C:\Users\allen\Desktop\Alexander\Alexander\Source\Alexander\Tests\OrbitalMechanicsTest.cpp(144,43): error C3861: 'CalculatePositionFromOrbitalElements': identifier not found
    FVector Position = FOrbitalMechanics::CalculatePositionFromOrbitalElements(Elements);
                                          ^
C:\Users\allen\Desktop\Alexander\Alexander\Source\Alexander\Tests\OrbitalMechanicsTest.cpp(152,1): error C2338: static_assert failed: 'AutomationTest has no application flag.  It shouldn't run.  See AutomationTest.h.'
IMPLEMENT_SIMPLE_AUTOMATION_TEST(FOrbitalMechanicsPositionEccentricTest, "Alexander.OrbitalMechanics.Position.Eccentric", EAutomationTestFlags::EngineFilter | EAutomationTestFlags::ProductFilter)
^
C:\Users\allen\Desktop\Alexander\Alexander\Source\Alexander\Tests\OrbitalMechanicsTest.cpp(152,1): error C2338: static_assert failed: 'All AutomationTests must have exactly 1 filter type specified.  See AutomationTest.h.'
C:\Users\allen\Desktop\Alexander\Alexander\Source\Alexander\Tests\OrbitalMechanicsTest.cpp(160,14): error C2039: 'LongitudeOfAscendingNode': is not a member of 'FOrbitalElements'
    Elements.LongitudeOfAscendingNode = 0.0;
             ^
C:\Users\allen\Desktop\Alexander\Alexander\Source\Alexander\Public\OrbitalMechanics.h(17,8): note: see declaration of 'FOrbitalElements'
struct FOrbitalElements
       ^
C:\Users\allen\Desktop\Alexander\Alexander\Source\Alexander\Tests\OrbitalMechanicsTest.cpp(164,28): error C2653: 'FOrbitalMechanics': is not a class or namespace name
    FVector PosPeriapsis = FOrbitalMechanics::CalculatePositionFromOrbitalElements(Elements);
                           ^
C:\Users\allen\Desktop\Alexander\Alexander\Source\Alexander\Tests\OrbitalMechanicsTest.cpp(164,47): error C3861: 'CalculatePositionFromOrbitalElements': identifier not found
    FVector PosPeriapsis = FOrbitalMechanics::CalculatePositionFromOrbitalElements(Elements);
                                              ^
C:\Users\allen\Desktop\Alexander\Alexander\Source\Alexander\Tests\OrbitalMechanicsTest.cpp(170,27): error C2653: 'FOrbitalMechanics': is not a class or namespace name
    FVector PosApoapsis = FOrbitalMechanics::CalculatePositionFromOrbitalElements(Elements);
                          ^
C:\Users\allen\Desktop\Alexander\Alexander\Source\Alexander\Tests\OrbitalMechanicsTest.cpp(170,46): error C3861: 'CalculatePositionFromOrbitalElements': identifier not found
    FVector PosApoapsis = FOrbitalMechanics::CalculatePositionFromOrbitalElements(Elements);
                                             ^
C:\Users\allen\Desktop\Alexander\Alexander\Source\Alexander\Tests\OrbitalMechanicsTest.cpp(181,1): error C2338: static_assert failed: 'AutomationTest has no application flag.  It shouldn't run.  See AutomationTest.h.'
IMPLEMENT_SIMPLE_AUTOMATION_TEST(FOrbitalMechanicsVelocityCircularTest, "Alexander.OrbitalMechanics.Velocity.Circular", EAutomationTestFlags::EngineFilter | EAutomationTestFlags::ProductFilter)
^
C:\Users\allen\Desktop\Alexander\Alexander\Source\Alexander\Tests\OrbitalMechanicsTest.cpp(181,1): error C2338: static_assert failed: 'All AutomationTests must have exactly 1 filter type specified.  See AutomationTest.h.'
C:\Users\allen\Desktop\Alexander\Alexander\Source\Alexander\Tests\OrbitalMechanicsTest.cpp(189,14): error C2039: 'LongitudeOfAscendingNode': is not a member of 'FOrbitalElements'
    Elements.LongitudeOfAscendingNode = 0.0;
             ^
C:\Users\allen\Desktop\Alexander\Alexander\Source\Alexander\Public\OrbitalMechanics.h(17,8): note: see declaration of 'FOrbitalElements'
struct FOrbitalElements
       ^
C:\Users\allen\Desktop\Alexander\Alexander\Source\Alexander\Tests\OrbitalMechanicsTest.cpp(193,24): error C2653: 'FOrbitalMechanics': is not a class or namespace name
    FVector Velocity = FOrbitalMechanics::CalculateVelocityFromOrbitalElements(Elements, CentralBodyMass);
                       ^
C:\Users\allen\Desktop\Alexander\Alexander\Source\Alexander\Tests\OrbitalMechanicsTest.cpp(193,43): error C3861: 'CalculateVelocityFromOrbitalElements': identifier not found
    FVector Velocity = FOrbitalMechanics::CalculateVelocityFromOrbitalElements(Elements, CentralBodyMass);
                                          ^
C:\Users\allen\Desktop\Alexander\Alexander\Source\Alexander\Tests\OrbitalMechanicsTest.cpp(199,24): error C2653: 'FOrbitalMechanics': is not a class or namespace name
    FVector Position = FOrbitalMechanics::CalculatePositionFromOrbitalElements(Elements);
                       ^
C:\Users\allen\Desktop\Alexander\Alexander\Source\Alexander\Tests\OrbitalMechanicsTest.cpp(199,43): error C3861: 'CalculatePositionFromOrbitalElements': identifier not found
    FVector Position = FOrbitalMechanics::CalculatePositionFromOrbitalElements(Elements);
                                          ^
C:\Users\allen\Desktop\Alexander\Alexander\Source\Alexander\Tests\OrbitalMechanicsTest.cpp(206,1): error C2338: static_assert failed: 'AutomationTest has no application flag.  It shouldn't run.  See AutomationTest.h.'
IMPLEMENT_SIMPLE_AUTOMATION_TEST(FOrbitalMechanicsVelocityEccentricTest, "Alexander.OrbitalMechanics.Velocity.Eccentric", EAutomationTestFlags::EngineFilter | EAutomationTestFlags::ProductFilter)
^
C:\Users\allen\Desktop\Alexander\Alexander\Source\Alexander\Tests\OrbitalMechanicsTest.cpp(206,1): error C2338: static_assert failed: 'All AutomationTests must have exactly 1 filter type specified.  See AutomationTest.h.'
C:\Users\allen\Desktop\Alexander\Alexander\Source\Alexander\Tests\OrbitalMechanicsTest.cpp(214,14): error C2039: 'LongitudeOfAscendingNode': is not a member of 'FOrbitalElements'
    Elements.LongitudeOfAscendingNode = 0.0;
             ^
C:\Users\allen\Desktop\Alexander\Alexander\Source\Alexander\Public\OrbitalMechanics.h(17,8): note: see declaration of 'FOrbitalElements'
struct FOrbitalElements
       ^
C:\Users\allen\Desktop\Alexander\Alexander\Source\Alexander\Tests\OrbitalMechanicsTest.cpp(220,28): error C2653: 'FOrbitalMechanics': is not a class or namespace name
    FVector VelPeriapsis = FOrbitalMechanics::CalculateVelocityFromOrbitalElements(Elements, CentralBodyMass);
                           ^
C:\Users\allen\Desktop\Alexander\Alexander\Source\Alexander\Tests\OrbitalMechanicsTest.cpp(220,47): error C3861: 'CalculateVelocityFromOrbitalElements': identifier not found
    FVector VelPeriapsis = FOrbitalMechanics::CalculateVelocityFromOrbitalElements(Elements, CentralBodyMass);
                                              ^
C:\Users\allen\Desktop\Alexander\Alexander\Source\Alexander\Tests\OrbitalMechanicsTest.cpp(223,27): error C2653: 'FOrbitalMechanics': is not a class or namespace name
    FVector VelApoapsis = FOrbitalMechanics::CalculateVelocityFromOrbitalElements(Elements, CentralBodyMass);
                          ^
C:\Users\allen\Desktop\Alexander\Alexander\Source\Alexander\Tests\OrbitalMechanicsTest.cpp(223,46): error C3861: 'CalculateVelocityFromOrbitalElements': identifier not found
    FVector VelApoapsis = FOrbitalMechanics::CalculateVelocityFromOrbitalElements(Elements, CentralBodyMass);
                                             ^
C:\Users\allen\Desktop\Alexander\Alexander\Source\Alexander\Tests\OrbitalMechanicsTest.cpp(234,1): error C2338: static_assert failed: 'AutomationTest has no application flag.  It shouldn't run.  See AutomationTest.h.'
IMPLEMENT_SIMPLE_AUTOMATION_TEST(FOrbitalMechanicsSOICalculationTest, "Alexander.OrbitalMechanics.SOI.Calculation", EAutomationTestFlags::EngineFilter | EAutomationTestFlags::ProductFilter)
^
C:\Users\allen\Desktop\Alexander\Alexander\Source\Alexander\Tests\OrbitalMechanicsTest.cpp(234,1): error C2338: static_assert failed: 'All AutomationTests must have exactly 1 filter type specified.  See AutomationTest.h.'
C:\Users\allen\Desktop\Alexander\Alexander\Source\Alexander\Tests\OrbitalMechanicsTest.cpp(244,36): error C2039: 'CalculateSOIRadius': is not a member of 'USphereOfInfluenceManager'
    double SOIRadius = SOIManager->CalculateSOIRadius(PlanetMass, StarMass, OrbitalRadius);
                                   ^
C:\Users\allen\Desktop\Alexander\Alexander\Source\Alexander\Public\SphereOfInfluenceManager.h(87,21): note: see declaration of 'USphereOfInfluenceManager'
class ALEXANDER_API USphereOfInfluenceManager : public UObject
                    ^
C:\Users\allen\Desktop\Alexander\Alexander\Source\Alexander\Tests\OrbitalMechanicsTest.cpp(252,1): error C2338: static_assert failed: 'AutomationTest has no application flag.  It shouldn't run.  See AutomationTest.h.'
IMPLEMENT_SIMPLE_AUTOMATION_TEST(FOrbitalMechanicsSOIDetectionTest, "Alexander.OrbitalMechanics.SOI.Detection", EAutomationTestFlags::EngineFilter | EAutomationTestFlags::ProductFilter)
^
C:\Users\allen\Desktop\Alexander\Alexander\Source\Alexander\Tests\OrbitalMechanicsTest.cpp(252,1): error C2338: static_assert failed: 'All AutomationTests must have exactly 1 filter type specified.  See AutomationTest.h.'
C:\Users\allen\Desktop\Alexander\Alexander\Source\Alexander\Tests\OrbitalMechanicsTest.cpp(277,1): error C2338: static_assert failed: 'AutomationTest has no application flag.  It shouldn't run.  See AutomationTest.h.'
IMPLEMENT_SIMPLE_AUTOMATION_TEST(FOrbitalMechanicsHohmannBasicTest, "Alexander.OrbitalMechanics.Hohmann.Basic", EAutomationTestFlags::EngineFilter | EAutomationTestFlags::ProductFilter)
^
C:\Users\allen\Desktop\Alexander\Alexander\Source\Alexander\Tests\OrbitalMechanicsTest.cpp(277,1): error C2338: static_assert failed: 'All AutomationTests must have exactly 1 filter type specified.  See AutomationTest.h.'
C:\Users\allen\Desktop\Alexander\Alexander\Source\Alexander\Tests\OrbitalMechanicsTest.cpp(286,49): error C2039: 'CalculateHohmannTransfer': is not a member of 'UHohmannTransferCalculator'
    FHohmannTransferResult Result = Calculator->CalculateHohmannTransfer(R1, R2, Mu);
                                                ^
C:\Users\allen\Desktop\Alexander\Alexander\Source\Alexander\Public\HohmannTransferCalculator.h(122,21): note: see declaration of 'UHohmannTransferCalculator'
class ALEXANDER_API UHohmannTransferCalculator : public UObject
                    ^
C:\Users\allen\Desktop\Alexander\Alexander\Source\Alexander\Tests\OrbitalMechanicsTest.cpp(288,52): error C2039: 'bSuccess': is not a member of 'FHohmannTransferResult'
    TestTrue("Hohmann transfer calculated", Result.bSuccess);
                                                   ^
C:\Users\allen\Desktop\Alexander\Alexander\Source\Alexander\Public\HohmannTransferCalculator.h(54,8): note: see declaration of 'FHohmannTransferResult'
struct FHohmannTransferResult
       ^
C:\Users\allen\Desktop\Alexander\Alexander\Source\Alexander\Tests\OrbitalMechanicsTest.cpp(288,5): error C2661: 'FAutomationTestBase::TestTrue': no overloaded function takes 1 arguments
    TestTrue("Hohmann transfer calculated", Result.bSuccess);
    ^
C:\Users\allen\Desktop\Alexander\Alexander\Source\Alexander\Tests\OrbitalMechanicsTest.cpp(288,5): note: while trying to match the argument list '(const char [28])'
C:\Users\allen\Desktop\Alexander\Alexander\Source\Alexander\Tests\OrbitalMechanicsTest.cpp(297,1): error C2338: static_assert failed: 'AutomationTest has no application flag.  It shouldn't run.  See AutomationTest.h.'
IMPLEMENT_SIMPLE_AUTOMATION_TEST(FOrbitalMechanicsHohmannSymmetryTest, "Alexander.OrbitalMechanics.Hohmann.Symmetry", EAutomationTestFlags::EngineFilter | EAutomationTestFlags::ProductFilter)
^
C:\Users\allen\Desktop\Alexander\Alexander\Source\Alexander\Tests\OrbitalMechanicsTest.cpp(297,1): error C2338: static_assert failed: 'All AutomationTests must have exactly 1 filter type specified.  See AutomationTest.h.'
C:\Users\allen\Desktop\Alexander\Alexander\Source\Alexander\Tests\OrbitalMechanicsTest.cpp(307,50): error C2039: 'CalculateHohmannTransfer': is not a member of 'UHohmannTransferCalculator'
    FHohmannTransferResult Forward = Calculator->CalculateHohmannTransfer(R1, R2, Mu);
                                                 ^
C:\Users\allen\Desktop\Alexander\Alexander\Source\Alexander\Public\HohmannTransferCalculator.h(122,21): note: see declaration of 'UHohmannTransferCalculator'
class ALEXANDER_API UHohmannTransferCalculator : public UObject
                    ^
C:\Users\allen\Desktop\Alexander\Alexander\Source\Alexander\Tests\OrbitalMechanicsTest.cpp(310,50): error C2039: 'CalculateHohmannTransfer': is not a member of 'UHohmannTransferCalculator'
    FHohmannTransferResult Reverse = Calculator->CalculateHohmannTransfer(R2, R1, Mu);
                                                 ^
C:\Users\allen\Desktop\Alexander\Alexander\Source\Alexander\Public\HohmannTransferCalculator.h(122,21): note: see declaration of 'UHohmannTransferCalculator'
class ALEXANDER_API UHohmannTransferCalculator : public UObject
                    ^
C:\Users\allen\Desktop\Alexander\Alexander\Source\Alexander\Tests\OrbitalMechanicsTest.cpp(325,1): error C2338: static_assert failed: 'AutomationTest has no application flag.  It shouldn't run.  See AutomationTest.h.'
IMPLEMENT_SIMPLE_AUTOMATION_TEST(FOrbitalMechanicsPeriodCircularTest, "Alexander.OrbitalMechanics.Period.Circular", EAutomationTestFlags::EngineFilter | EAutomationTestFlags::ProductFilter)
^
C:\Users\allen\Desktop\Alexander\Alexander\Source\Alexander\Tests\OrbitalMechanicsTest.cpp(325,1): error C2338: static_assert failed: 'All AutomationTests must have exactly 1 filter type specified.  See AutomationTest.h.'
C:\Users\allen\Desktop\Alexander\Alexander\Source\Alexander\Tests\OrbitalMechanicsTest.cpp(331,21): error C2653: 'FOrbitalMechanics': is not a class or namespace name
    double Period = FOrbitalMechanics::CalculateOrbitalPeriod(SemiMajorAxis, Mu);
                    ^
C:\Users\allen\Desktop\Alexander\Alexander\Source\Alexander\Tests\OrbitalMechanicsTest.cpp(331,40): error C3861: 'CalculateOrbitalPeriod': identifier not found
    double Period = FOrbitalMechanics::CalculateOrbitalPeriod(SemiMajorAxis, Mu);
                                       ^
C:\Users\allen\Desktop\Alexander\Alexander\Source\Alexander\Tests\OrbitalMechanicsTest.cpp(339,1): error C2338: static_assert failed: 'AutomationTest has no application flag.  It shouldn't run.  See AutomationTest.h.'
IMPLEMENT_SIMPLE_AUTOMATION_TEST(FOrbitalMechanicsPeriodKeplerThirdLawTest, "Alexander.OrbitalMechanics.Period.KeplerThirdLaw", EAutomationTestFlags::EngineFilter | EAutomationTestFlags::ProductFilter)
^
C:\Users\allen\Desktop\Alexander\Alexander\Source\Alexander\Tests\OrbitalMechanicsTest.cpp(339,1): error C2338: static_assert failed: 'All AutomationTests must have exactly 1 filter type specified.  See AutomationTest.h.'
C:\Users\allen\Desktop\Alexander\Alexander\Source\Alexander\Tests\OrbitalMechanicsTest.cpp(346,17): error C2653: 'FOrbitalMechanics': is not a class or namespace name
    double T1 = FOrbitalMechanics::CalculateOrbitalPeriod(A1, Mu);
                ^
C:\Users\allen\Desktop\Alexander\Alexander\Source\Alexander\Tests\OrbitalMechanicsTest.cpp(346,36): error C3861: 'CalculateOrbitalPeriod': identifier not found
    double T1 = FOrbitalMechanics::CalculateOrbitalPeriod(A1, Mu);
                                   ^
C:\Users\allen\Desktop\Alexander\Alexander\Source\Alexander\Tests\OrbitalMechanicsTest.cpp(349,17): error C2653: 'FOrbitalMechanics': is not a class or namespace name
    double T2 = FOrbitalMechanics::CalculateOrbitalPeriod(A2, Mu);
                ^
C:\Users\allen\Desktop\Alexander\Alexander\Source\Alexander\Tests\OrbitalMechanicsTest.cpp(349,36): error C3861: 'CalculateOrbitalPeriod': identifier not found
    double T2 = FOrbitalMechanics::CalculateOrbitalPeriod(A2, Mu);
                                   ^
C:\Users\allen\Desktop\Alexander\Alexander\Source\Alexander\Tests\OrbitalMechanicsTest.cpp(364,1): error C2338: static_assert failed: 'AutomationTest has no application flag.  It shouldn't run.  See AutomationTest.h.'
IMPLEMENT_SIMPLE_AUTOMATION_TEST(FOrbitalMechanicsManagerInitTest, "Alexander.OrbitalMechanics.Manager.Initialization", EAutomationTestFlags::EngineFilter | EAutomationTestFlags::ProductFilter)
^
C:\Users\allen\Desktop\Alexander\Alexander\Source\Alexander\Tests\OrbitalMechanicsTest.cpp(364,1): error C2338: static_assert failed: 'All AutomationTests must have exactly 1 filter type specified.  See AutomationTest.h.'
C:\Users\allen\Desktop\Alexander\Alexander\Source\Alexander\Tests\OrbitalMechanicsTest.cpp(376,1): error C2338: static_assert failed: 'AutomationTest has no application flag.  It shouldn't run.  See AutomationTest.h.'
IMPLEMENT_SIMPLE_AUTOMATION_TEST(FOrbitalMechanicsManagerBodyRegistrationTest, "Alexander.OrbitalMechanics.Manager.BodyRegistration", EAutomationTestFlags::EngineFilter | EAutomationTestFlags::ProductFilter)
^
C:\Users\allen\Desktop\Alexander\Alexander\Source\Alexander\Tests\OrbitalMechanicsTest.cpp(376,1): error C2338: static_assert failed: 'All AutomationTests must have exactly 1 filter type specified.  See AutomationTest.h.'
C:\Users\allen\Desktop\Alexander\Alexander\Source\Alexander\Tests\OrbitalMechanicsTest.cpp(392,1): error C2338: static_assert failed: 'AutomationTest has no application flag.  It shouldn't run.  See AutomationTest.h.'
IMPLEMENT_SIMPLE_AUTOMATION_TEST(FOrbitalMechanicsSpatialPartitionBasicTest, "Alexander.OrbitalMechanics.SpatialPartition.Basic", EAutomationTestFlags::EngineFilter | EAutomationTestFlags::ProductFilter)
^
C:\Users\allen\Desktop\Alexander\Alexander\Source\Alexander\Tests\OrbitalMechanicsTest.cpp(392,1): error C2338: static_assert failed: 'All AutomationTests must have exactly 1 filter type specified.  See AutomationTest.h.'
C:\Users\allen\Desktop\Alexander\Alexander\Source\Alexander\Tests\OrbitalMechanicsTest.cpp(406,1): error C2338: static_assert failed: 'AutomationTest has no application flag.  It shouldn't run.  See AutomationTest.h.'
IMPLEMENT_SIMPLE_AUTOMATION_TEST(FOrbitalMechanicsProceduralBasicTest, "Alexander.OrbitalMechanics.Procedural.Basic", EAutomationTestFlags::EngineFilter | EAutomationTestFlags::ProductFilter)
^
C:\Users\allen\Desktop\Alexander\Alexander\Source\Alexander\Tests\OrbitalMechanicsTest.cpp(406,1): error C2338: static_assert failed: 'All AutomationTests must have exactly 1 filter type specified.  See AutomationTest.h.'
C:\Users\allen\Desktop\Alexander\Alexander\Source\Alexander\Tests\OrbitalMechanicsTest.cpp(420,1): error C2338: static_assert failed: 'AutomationTest has no application flag.  It shouldn't run.  See AutomationTest.h.'
IMPLEMENT_SIMPLE_AUTOMATION_TEST(FOrbitalMechanicsIntegrationFullOrbitTest, "Alexander.OrbitalMechanics.Integration.FullOrbit", EAutomationTestFlags::EngineFilter | EAutomationTestFlags::ProductFilter)
^
C:\Users\allen\Desktop\Alexander\Alexander\Source\Alexander\Tests\OrbitalMechanicsTest.cpp(420,1): error C2338: static_assert failed: 'All AutomationTests must have exactly 1 filter type specified.  See AutomationTest.h.'
C:\Users\allen\Desktop\Alexander\Alexander\Source\Alexander\Tests\OrbitalMechanicsTest.cpp(428,14): error C2039: 'LongitudeOfAscendingNode': is not a member of 'FOrbitalElements'
    Elements.LongitudeOfAscendingNode = 0.0;
             ^
C:\Users\allen\Desktop\Alexander\Alexander\Source\Alexander\Public\OrbitalMechanics.h(17,8): note: see declaration of 'FOrbitalElements'
struct FOrbitalElements
       ^
C:\Users\allen\Desktop\Alexander\Alexander\Source\Alexander\Tests\OrbitalMechanicsTest.cpp(433,21): error C2653: 'FOrbitalMechanics': is not a class or namespace name
    double Period = FOrbitalMechanics::CalculateOrbitalPeriod(Elements.SemiMajorAxis, Mu);
                    ^
C:\Users\allen\Desktop\Alexander\Alexander\Source\Alexander\Tests\OrbitalMechanicsTest.cpp(433,40): error C3861: 'CalculateOrbitalPeriod': identifier not found
    double Period = FOrbitalMechanics::CalculateOrbitalPeriod(Elements.SemiMajorAxis, Mu);
                                       ^
C:\Users\allen\Desktop\Alexander\Alexander\Source\Alexander\Tests\OrbitalMechanicsTest.cpp(437,29): error C2653: 'FOrbitalMechanics': is not a class or namespace name
    FVector StartPosition = FOrbitalMechanics::CalculatePositionFromOrbitalElements(Elements);
                            ^
C:\Users\allen\Desktop\Alexander\Alexander\Source\Alexander\Tests\OrbitalMechanicsTest.cpp(437,48): error C3861: 'CalculatePositionFromOrbitalElements': identifier not found
    FVector StartPosition = FOrbitalMechanics::CalculatePositionFromOrbitalElements(Elements);
                                               ^
C:\Users\allen\Desktop\Alexander\Alexander\Source\Alexander\Tests\OrbitalMechanicsTest.cpp(442,18): error C2039: 'MeanAnomaly': is not a member of 'FOrbitalElements'
        Elements.MeanAnomaly += (2 * PI) / Steps;
                 ^
C:\Users\allen\Desktop\Alexander\Alexander\Source\Alexander\Public\OrbitalMechanics.h(17,8): note: see declaration of 'FOrbitalElements'
struct FOrbitalElements
       ^
C:\Users\allen\Desktop\Alexander\Alexander\Source\Alexander\Tests\OrbitalMechanicsTest.cpp(443,22): error C2039: 'MeanAnomaly': is not a member of 'FOrbitalElements'
        if (Elements.MeanAnomaly > 2 * PI)
                     ^
C:\Users\allen\Desktop\Alexander\Alexander\Source\Alexander\Public\OrbitalMechanics.h(17,8): note: see declaration of 'FOrbitalElements'
struct FOrbitalElements
       ^
C:\Users\allen\Desktop\Alexander\Alexander\Source\Alexander\Tests\OrbitalMechanicsTest.cpp(445,22): error C2039: 'MeanAnomaly': is not a member of 'FOrbitalElements'
            Elements.MeanAnomaly -= 2 * PI;
                     ^
C:\Users\allen\Desktop\Alexander\Alexander\Source\Alexander\Public\OrbitalMechanics.h(17,8): note: see declaration of 'FOrbitalElements'
struct FOrbitalElements
       ^
C:\Users\allen\Desktop\Alexander\Alexander\Source\Alexander\Tests\OrbitalMechanicsTest.cpp(448,28): error C2653: 'FOrbitalMechanics': is not a class or namespace name
        FVector Position = FOrbitalMechanics::CalculatePositionFromOrbitalElements(Elements);
                           ^
C:\Users\allen\Desktop\Alexander\Alexander\Source\Alexander\Tests\OrbitalMechanicsTest.cpp(448,47): error C3861: 'CalculatePositionFromOrbitalElements': identifier not found
        FVector Position = FOrbitalMechanics::CalculatePositionFromOrbitalElements(Elements);
                                              ^
C:\Users\allen\Desktop\Alexander\Alexander\Source\Alexander\Tests\OrbitalMechanicsTest.cpp(452,27): error C2653: 'FOrbitalMechanics': is not a class or namespace name
    FVector EndPosition = FOrbitalMechanics::CalculatePositionFromOrbitalElements(Elements);
                          ^
C:\Users\allen\Desktop\Alexander\Alexander\Source\Alexander\Tests\OrbitalMechanicsTest.cpp(452,27): fatal error C1003: error count exceeds 100; stopping compilation
[3/28] Compile [x64] SphereOfInfluenceManager.cpp
C:\Users\allen\Desktop\Alexander\Alexander\Source\Alexander\Private\SphereOfInfluenceManager.cpp(94,29): error C3861: 'CalculateSphereOfInfluenceRadius': identifier not found
    float ParentSOIRadius = CalculateSphereOfInfluenceRadius(Parent);
                            ^
C:\Users\allen\Desktop\Alexander\Alexander\Source\Alexander\Private\SphereOfInfluenceManager.cpp(108,31): error C3861: 'FindDominantGravitationalBody': identifier not found
    AOrbitalBody* NewParent = FindDominantGravitationalBody(Body);
                              ^
[4/28] Compile [x64] PersistentUniverseManager.cpp
C:\Users\allen\Desktop\Alexander\Alexander\Source\Alexander\Private\PersistentUniverseManager.cpp(965,34): error C2039: 'SaveEconomicState': is not a member of 'UPersistentUniverseManager'
void UPersistentUniverseManager::SaveEconomicState()
                                 ^
C:\Users\allen\Desktop\Alexander\Alexander\Source\Alexander\Public\PersistentUniverseManager.h(192,21): note: see declaration of 'UPersistentUniverseManager'
class ALEXANDER_API UPersistentUniverseManager : public UActorComponent, public ISystemSelfTestInterface
                    ^
C:\Users\allen\Desktop\Alexander\Alexander\Source\Alexander\Private\PersistentUniverseManager.cpp(967,21): error C3861: 'GetSaveFilePath': identifier not found
	FString FilePath = GetSaveFilePath(EPersistenceType::EconomyData, TEXT("EconomicState"));
	                   ^
C:\Users\allen\Desktop\Alexander\Alexander\Source\Alexander\Private\PersistentUniverseManager.cpp(982,6): error C2065: 'bEnableCompression': undeclared identifier
	if (bEnableCompression)
	    ^
C:\Users\allen\Desktop\Alexander\Alexander\Source\Alexander\Private\PersistentUniverseManager.cpp(984,19): error C3861: 'CompressData': identifier not found
		ProcessedData = CompressData(ProcessedData);
		                ^
C:\Users\allen\Desktop\Alexander\Alexander\Source\Alexander\Private\PersistentUniverseManager.cpp(984,3): error C2593: 'operator =' is ambiguous
		ProcessedData = CompressData(ProcessedData);
		^
C:\Program Files\Epic Games\UE_5.6\Engine\Source\Runtime\Core\Public\Containers\Array.h(955,10): note: could be 'TArray<uint8,FDefaultAllocator> &TArray<uint8,FDefaultAllocator>::operator =(TArray<uint8,FDefaultAllocator> &&)'
	TArray& operator=(TArray&& Other)
	        ^
C:\Program Files\Epic Games\UE_5.6\Engine\Source\Runtime\Core\Public\Containers\Array.h(791,10): note: or       'TArray<uint8,FDefaultAllocator> &TArray<uint8,FDefaultAllocator>::operator =(const TArray<uint8,FDefaultAllocator> &)'
	TArray& operator=(const TArray& Other)
	        ^
C:\Program Files\Epic Games\UE_5.6\Engine\Source\Runtime\Core\Public\Containers\Array.h(759,10): note: or       'TArray<uint8,FDefaultAllocator> &TArray<uint8,FDefaultAllocator>::operator =(std::initializer_list<InElementType>)'
        with
        [
            InElementType=uint8
        ]
	TArray& operator=(std::initializer_list<InElementType> InitList)
	        ^
C:\Users\allen\Desktop\Alexander\Alexander\Source\Alexander\Private\PersistentUniverseManager.cpp(984,3): note: while trying to match the argument list '(TArray<uint8,FDefaultAllocator>, <error type>)'
		ProcessedData = CompressData(ProcessedData);
		^
C:\Users\allen\Desktop\Alexander\Alexander\Source\Alexander\Private\PersistentUniverseManager.cpp(987,6): error C2065: 'bEnableEncryption': undeclared identifier
	if (bEnableEncryption)
	    ^
C:\Users\allen\Desktop\Alexander\Alexander\Source\Alexander\Private\PersistentUniverseManager.cpp(989,19): error C3861: 'EncryptData': identifier not found
		ProcessedData = EncryptData(ProcessedData);
		                ^
C:\Users\allen\Desktop\Alexander\Alexander\Source\Alexander\Private\PersistentUniverseManager.cpp(989,3): error C2593: 'operator =' is ambiguous
		ProcessedData = EncryptData(ProcessedData);
		^
C:\Program Files\Epic Games\UE_5.6\Engine\Source\Runtime\Core\Public\Containers\Array.h(955,10): note: could be 'TArray<uint8,FDefaultAllocator> &TArray<uint8,FDefaultAllocator>::operator =(TArray<uint8,FDefaultAllocator> &&)'
	TArray& operator=(TArray&& Other)
	        ^
C:\Program Files\Epic Games\UE_5.6\Engine\Source\Runtime\Core\Public\Containers\Array.h(791,10): note: or       'TArray<uint8,FDefaultAllocator> &TArray<uint8,FDefaultAllocator>::operator =(const TArray<uint8,FDefaultAllocator> &)'
	TArray& operator=(const TArray& Other)
	        ^
C:\Program Files\Epic Games\UE_5.6\Engine\Source\Runtime\Core\Public\Containers\Array.h(759,10): note: or       'TArray<uint8,FDefaultAllocator> &TArray<uint8,FDefaultAllocator>::operator =(std::initializer_list<InElementType>)'
        with
        [
            InElementType=uint8
        ]
	TArray& operator=(std::initializer_list<InElementType> InitList)
	        ^
C:\Users\allen\Desktop\Alexander\Alexander\Source\Alexander\Private\PersistentUniverseManager.cpp(989,3): note: while trying to match the argument list '(TArray<uint8,FDefaultAllocator>, <error type>)'
		ProcessedData = EncryptData(ProcessedData);
		^
C:\Users\allen\Desktop\Alexander\Alexander\Source\Alexander\Private\PersistentUniverseManager.cpp(992,18): error C3861: 'WriteToFile': identifier not found
	bool bSuccess = WriteToFile(FilePath, ProcessedData);
	                ^
C:\Users\allen\Desktop\Alexander\Alexander\Source\Alexander\Private\PersistentUniverseManager.cpp(1005,34): error C2039: 'LoadEconomicState': is not a member of 'UPersistentUniverseManager'
void UPersistentUniverseManager::LoadEconomicState()
                                 ^
C:\Users\allen\Desktop\Alexander\Alexander\Source\Alexander\Public\PersistentUniverseManager.h(192,21): note: see declaration of 'UPersistentUniverseManager'
class ALEXANDER_API UPersistentUniverseManager : public UActorComponent, public ISystemSelfTestInterface
                    ^
C:\Users\allen\Desktop\Alexander\Alexander\Source\Alexander\Private\PersistentUniverseManager.cpp(1007,21): error C3861: 'GetSaveFilePath': identifier not found
	FString FilePath = GetSaveFilePath(EPersistenceType::EconomyData, TEXT("EconomicState"));
	                   ^
C:\Users\allen\Desktop\Alexander\Alexander\Source\Alexander\Private\PersistentUniverseManager.cpp(1010,7): error C3861: 'ReadFromFile': identifier not found
	if (!ReadFromFile(FilePath, FileData))
	     ^
C:\Users\allen\Desktop\Alexander\Alexander\Source\Alexander\Private\PersistentUniverseManager.cpp(1019,6): error C2065: 'bEnableEncryption': undeclared identifier
	if (bEnableEncryption)
	    ^
C:\Users\allen\Desktop\Alexander\Alexander\Source\Alexander\Private\PersistentUniverseManager.cpp(1021,19): error C3861: 'DecryptData': identifier not found
		ProcessedData = DecryptData(ProcessedData);
		                ^
C:\Users\allen\Desktop\Alexander\Alexander\Source\Alexander\Private\PersistentUniverseManager.cpp(1021,3): error C2593: 'operator =' is ambiguous
		ProcessedData = DecryptData(ProcessedData);
		^
C:\Program Files\Epic Games\UE_5.6\Engine\Source\Runtime\Core\Public\Containers\Array.h(955,10): note: could be 'TArray<uint8,FDefaultAllocator> &TArray<uint8,FDefaultAllocator>::operator =(TArray<uint8,FDefaultAllocator> &&)'
	TArray& operator=(TArray&& Other)
	        ^
C:\Program Files\Epic Games\UE_5.6\Engine\Source\Runtime\Core\Public\Containers\Array.h(791,10): note: or       'TArray<uint8,FDefaultAllocator> &TArray<uint8,FDefaultAllocator>::operator =(const TArray<uint8,FDefaultAllocator> &)'
	TArray& operator=(const TArray& Other)
	        ^
C:\Program Files\Epic Games\UE_5.6\Engine\Source\Runtime\Core\Public\Containers\Array.h(759,10): note: or       'TArray<uint8,FDefaultAllocator> &TArray<uint8,FDefaultAllocator>::operator =(std::initializer_list<InElementType>)'
        with
        [
            InElementType=uint8
        ]
	TArray& operator=(std::initializer_list<InElementType> InitList)
	        ^
C:\Users\allen\Desktop\Alexander\Alexander\Source\Alexander\Private\PersistentUniverseManager.cpp(1021,3): note: while trying to match the argument list '(TArray<uint8,FDefaultAllocator>, <error type>)'
		ProcessedData = DecryptData(ProcessedData);
		^
C:\Users\allen\Desktop\Alexander\Alexander\Source\Alexander\Private\PersistentUniverseManager.cpp(1024,6): error C2065: 'bEnableCompression': undeclared identifier
	if (bEnableCompression)
	    ^
C:\Users\allen\Desktop\Alexander\Alexander\Source\Alexander\Private\PersistentUniverseManager.cpp(1026,19): error C3861: 'DecompressData': identifier not found
		ProcessedData = DecompressData(ProcessedData);
		                ^
C:\Users\allen\Desktop\Alexander\Alexander\Source\Alexander\Private\PersistentUniverseManager.cpp(1026,3): error C2593: 'operator =' is ambiguous
		ProcessedData = DecompressData(ProcessedData);
		^
C:\Program Files\Epic Games\UE_5.6\Engine\Source\Runtime\Core\Public\Containers\Array.h(955,10): note: could be 'TArray<uint8,FDefaultAllocator> &TArray<uint8,FDefaultAllocator>::operator =(TArray<uint8,FDefaultAllocator> &&)'
	TArray& operator=(TArray&& Other)
	        ^
C:\Program Files\Epic Games\UE_5.6\Engine\Source\Runtime\Core\Public\Containers\Array.h(791,10): note: or       'TArray<uint8,FDefaultAllocator> &TArray<uint8,FDefaultAllocator>::operator =(const TArray<uint8,FDefaultAllocator> &)'
	TArray& operator=(const TArray& Other)
	        ^
C:\Program Files\Epic Games\UE_5.6\Engine\Source\Runtime\Core\Public\Containers\Array.h(759,10): note: or       'TArray<uint8,FDefaultAllocator> &TArray<uint8,FDefaultAllocator>::operator =(std::initializer_list<InElementType>)'
        with
        [
            InElementType=uint8
        ]
	TArray& operator=(std::initializer_list<InElementType> InitList)
	        ^
C:\Users\allen\Desktop\Alexander\Alexander\Source\Alexander\Private\PersistentUniverseManager.cpp(1026,3): note: while trying to match the argument list '(TArray<uint8,FDefaultAllocator>, <error type>)'
		ProcessedData = DecompressData(ProcessedData);
		^
C:\Users\allen\Desktop\Alexander\Alexander\Source\Alexander\Private\PersistentUniverseManager.cpp(1042,34): error C2039: 'SaveFarmingState': is not a member of 'UPersistentUniverseManager'
void UPersistentUniverseManager::SaveFarmingState()
                                 ^
C:\Users\allen\Desktop\Alexander\Alexander\Source\Alexander\Public\PersistentUniverseManager.h(192,21): note: see declaration of 'UPersistentUniverseManager'
class ALEXANDER_API UPersistentUniverseManager : public UActorComponent, public ISystemSelfTestInterface
                    ^
C:\Users\allen\Desktop\Alexander\Alexander\Source\Alexander\Private\PersistentUniverseManager.cpp(1044,21): error C2065: 'SaveDirectory': undeclared identifier
	FString FilePath = SaveDirectory / TEXT("Farming") / TEXT("FarmingState.sav");
	                   ^
C:\Users\allen\Desktop\Alexander\Alexander\Source\Alexander\Private\PersistentUniverseManager.cpp(1059,6): error C2065: 'bEnableCompression': undeclared identifier
	if (bEnableCompression)
	    ^
C:\Users\allen\Desktop\Alexander\Alexander\Source\Alexander\Private\PersistentUniverseManager.cpp(1061,19): error C3861: 'CompressData': identifier not found
		ProcessedData = CompressData(ProcessedData);
		                ^
C:\Users\allen\Desktop\Alexander\Alexander\Source\Alexander\Private\PersistentUniverseManager.cpp(1061,3): error C2593: 'operator =' is ambiguous
		ProcessedData = CompressData(ProcessedData);
		^
C:\Program Files\Epic Games\UE_5.6\Engine\Source\Runtime\Core\Public\Containers\Array.h(955,10): note: could be 'TArray<uint8,FDefaultAllocator> &TArray<uint8,FDefaultAllocator>::operator =(TArray<uint8,FDefaultAllocator> &&)'
	TArray& operator=(TArray&& Other)
	        ^
C:\Program Files\Epic Games\UE_5.6\Engine\Source\Runtime\Core\Public\Containers\Array.h(791,10): note: or       'TArray<uint8,FDefaultAllocator> &TArray<uint8,FDefaultAllocator>::operator =(const TArray<uint8,FDefaultAllocator> &)'
	TArray& operator=(const TArray& Other)
	        ^
C:\Program Files\Epic Games\UE_5.6\Engine\Source\Runtime\Core\Public\Containers\Array.h(759,10): note: or       'TArray<uint8,FDefaultAllocator> &TArray<uint8,FDefaultAllocator>::operator =(std::initializer_list<InElementType>)'
        with
        [
            InElementType=uint8
        ]
	TArray& operator=(std::initializer_list<InElementType> InitList)
	        ^
C:\Users\allen\Desktop\Alexander\Alexander\Source\Alexander\Private\PersistentUniverseManager.cpp(1061,3): note: while trying to match the argument list '(TArray<uint8,FDefaultAllocator>, <error type>)'
		ProcessedData = CompressData(ProcessedData);
		^
C:\Users\allen\Desktop\Alexander\Alexander\Source\Alexander\Private\PersistentUniverseManager.cpp(1064,6): error C2065: 'bEnableEncryption': undeclared identifier
	if (bEnableEncryption)
	    ^
C:\Users\allen\Desktop\Alexander\Alexander\Source\Alexander\Private\PersistentUniverseManager.cpp(1066,19): error C3861: 'EncryptData': identifier not found
		ProcessedData = EncryptData(ProcessedData);
		                ^
C:\Users\allen\Desktop\Alexander\Alexander\Source\Alexander\Private\PersistentUniverseManager.cpp(1066,3): error C2593: 'operator =' is ambiguous
		ProcessedData = EncryptData(ProcessedData);
		^
C:\Program Files\Epic Games\UE_5.6\Engine\Source\Runtime\Core\Public\Containers\Array.h(955,10): note: could be 'TArray<uint8,FDefaultAllocator> &TArray<uint8,FDefaultAllocator>::operator =(TArray<uint8,FDefaultAllocator> &&)'
	TArray& operator=(TArray&& Other)
	        ^
C:\Program Files\Epic Games\UE_5.6\Engine\Source\Runtime\Core\Public\Containers\Array.h(791,10): note: or       'TArray<uint8,FDefaultAllocator> &TArray<uint8,FDefaultAllocator>::operator =(const TArray<uint8,FDefaultAllocator> &)'
	TArray& operator=(const TArray& Other)
	        ^
C:\Program Files\Epic Games\UE_5.6\Engine\Source\Runtime\Core\Public\Containers\Array.h(759,10): note: or       'TArray<uint8,FDefaultAllocator> &TArray<uint8,FDefaultAllocator>::operator =(std::initializer_list<InElementType>)'
        with
        [
            InElementType=uint8
        ]
	TArray& operator=(std::initializer_list<InElementType> InitList)
	        ^
C:\Users\allen\Desktop\Alexander\Alexander\Source\Alexander\Private\PersistentUniverseManager.cpp(1066,3): note: while trying to match the argument list '(TArray<uint8,FDefaultAllocator>, <error type>)'
		ProcessedData = EncryptData(ProcessedData);
		^
C:\Users\allen\Desktop\Alexander\Alexander\Source\Alexander\Private\PersistentUniverseManager.cpp(1077,18): error C3861: 'WriteToFile': identifier not found
	bool bSuccess = WriteToFile(FilePath, ProcessedData);
	                ^
C:\Users\allen\Desktop\Alexander\Alexander\Source\Alexander\Private\PersistentUniverseManager.cpp(1090,34): error C2039: 'LoadFarmingState': is not a member of 'UPersistentUniverseManager'
void UPersistentUniverseManager::LoadFarmingState()
                                 ^
C:\Users\allen\Desktop\Alexander\Alexander\Source\Alexander\Public\PersistentUniverseManager.h(192,21): note: see declaration of 'UPersistentUniverseManager'
class ALEXANDER_API UPersistentUniverseManager : public UActorComponent, public ISystemSelfTestInterface
                    ^
C:\Users\allen\Desktop\Alexander\Alexander\Source\Alexander\Private\PersistentUniverseManager.cpp(1092,21): error C2065: 'SaveDirectory': undeclared identifier
	FString FilePath = SaveDirectory / TEXT("Farming") / TEXT("FarmingState.sav");
	                   ^
C:\Users\allen\Desktop\Alexander\Alexander\Source\Alexander\Private\PersistentUniverseManager.cpp(1095,7): error C3861: 'ReadFromFile': identifier not found
	if (!ReadFromFile(FilePath, FileData))
	     ^
C:\Users\allen\Desktop\Alexander\Alexander\Source\Alexander\Private\PersistentUniverseManager.cpp(1104,6): error C2065: 'bEnableEncryption': undeclared identifier
	if (bEnableEncryption)
	    ^
C:\Users\allen\Desktop\Alexander\Alexander\Source\Alexander\Private\PersistentUniverseManager.cpp(1106,19): error C3861: 'DecryptData': identifier not found
		ProcessedData = DecryptData(ProcessedData);
		                ^
C:\Users\allen\Desktop\Alexander\Alexander\Source\Alexander\Private\PersistentUniverseManager.cpp(1106,3): error C2593: 'operator =' is ambiguous
		ProcessedData = DecryptData(ProcessedData);
		^
C:\Program Files\Epic Games\UE_5.6\Engine\Source\Runtime\Core\Public\Containers\Array.h(955,10): note: could be 'TArray<uint8,FDefaultAllocator> &TArray<uint8,FDefaultAllocator>::operator =(TArray<uint8,FDefaultAllocator> &&)'
	TArray& operator=(TArray&& Other)
	        ^
C:\Program Files\Epic Games\UE_5.6\Engine\Source\Runtime\Core\Public\Containers\Array.h(791,10): note: or       'TArray<uint8,FDefaultAllocator> &TArray<uint8,FDefaultAllocator>::operator =(const TArray<uint8,FDefaultAllocator> &)'
	TArray& operator=(const TArray& Other)
	        ^
C:\Program Files\Epic Games\UE_5.6\Engine\Source\Runtime\Core\Public\Containers\Array.h(759,10): note: or       'TArray<uint8,FDefaultAllocator> &TArray<uint8,FDefaultAllocator>::operator =(std::initializer_list<InElementType>)'
        with
        [
            InElementType=uint8
        ]
	TArray& operator=(std::initializer_list<InElementType> InitList)
	        ^
C:\Users\allen\Desktop\Alexander\Alexander\Source\Alexander\Private\PersistentUniverseManager.cpp(1106,3): note: while trying to match the argument list '(TArray<uint8,FDefaultAllocator>, <error type>)'
		ProcessedData = DecryptData(ProcessedData);
		^
C:\Users\allen\Desktop\Alexander\Alexander\Source\Alexander\Private\PersistentUniverseManager.cpp(1109,6): error C2065: 'bEnableCompression': undeclared identifier
	if (bEnableCompression)
	    ^
C:\Users\allen\Desktop\Alexander\Alexander\Source\Alexander\Private\PersistentUniverseManager.cpp(1111,19): error C3861: 'DecompressData': identifier not found
		ProcessedData = DecompressData(ProcessedData);
		                ^
C:\Users\allen\Desktop\Alexander\Alexander\Source\Alexander\Private\PersistentUniverseManager.cpp(1111,3): error C2593: 'operator =' is ambiguous
		ProcessedData = DecompressData(ProcessedData);
		^
C:\Program Files\Epic Games\UE_5.6\Engine\Source\Runtime\Core\Public\Containers\Array.h(955,10): note: could be 'TArray<uint8,FDefaultAllocator> &TArray<uint8,FDefaultAllocator>::operator =(TArray<uint8,FDefaultAllocator> &&)'
	TArray& operator=(TArray&& Other)
	        ^
C:\Program Files\Epic Games\UE_5.6\Engine\Source\Runtime\Core\Public\Containers\Array.h(791,10): note: or       'TArray<uint8,FDefaultAllocator> &TArray<uint8,FDefaultAllocator>::operator =(const TArray<uint8,FDefaultAllocator> &)'
	TArray& operator=(const TArray& Other)
	        ^
C:\Program Files\Epic Games\UE_5.6\Engine\Source\Runtime\Core\Public\Containers\Array.h(759,10): note: or       'TArray<uint8,FDefaultAllocator> &TArray<uint8,FDefaultAllocator>::operator =(std::initializer_list<InElementType>)'
        with
        [
            InElementType=uint8
        ]
	TArray& operator=(std::initializer_list<InElementType> InitList)
	        ^
C:\Users\allen\Desktop\Alexander\Alexander\Source\Alexander\Private\PersistentUniverseManager.cpp(1111,3): note: while trying to match the argument list '(TArray<uint8,FDefaultAllocator>, <error type>)'
		ProcessedData = DecompressData(ProcessedData);
		^
[5/28] Compile [x64] FarmingInfrastructure.cpp
C:\Users\allen\Desktop\Alexander\Alexander\Source\Alexander\Private\FarmingInfrastructure.cpp(361,43): error C2039: 'PlotID': is not a member of 'AFarmPlot'
		if (CoveredPlots[i] && CoveredPlots[i]->PlotID == PlotID)
		                                        ^
C:\Users\allen\Desktop\Alexander\Alexander\Source\Alexander\Public\FarmPlot.h(241,21): note: see declaration of 'AFarmPlot'
class ALEXANDER_API AFarmPlot : public AActor
                    ^
C:\Users\allen\Desktop\Alexander\Alexander\Source\Alexander\Private\FarmingInfrastructure.cpp(386,10): error C2660: 'AFarmPlot::FertilizePlot': function does not take 2 arguments
			Plot->FertilizePlot(FertilizerPerPlot, FertilizerType);
			      ^
C:\Users\allen\Desktop\Alexander\Alexander\Source\Alexander\Public\FarmPlot.h(418,7): note: see declaration of 'AFarmPlot::FertilizePlot'
	void FertilizePlot(float FertilizerAmount);
	     ^
C:\Users\allen\Desktop\Alexander\Alexander\Source\Alexander\Private\FarmingInfrastructure.cpp(386,10): note: while trying to match the argument list '(float, EFertilizerType)'
			Plot->FertilizePlot(FertilizerPerPlot, FertilizerType);
			      ^
C:\Users\allen\Desktop\Alexander\Alexander\Source\Alexander\Private\FarmingInfrastructure.cpp(505,2): error C2039: 'PlotID': is not a member of 'AFarmPlot'
	UE_LOG(LogTemp, Log, TEXT("Drone assigned to farm plot: %s"), *Plot->PlotID.ToString());
	^
C:\Users\allen\Desktop\Alexander\Alexander\Source\Alexander\Public\FarmPlot.h(241,21): note: see declaration of 'AFarmPlot'
class ALEXANDER_API AFarmPlot : public AActor
                    ^
C:\Users\allen\Desktop\Alexander\Alexander\Source\Alexander\Private\FarmingInfrastructure.cpp(563,40): error C2039: 'HarvestAllCrops': is not a member of 'AFarmPlot'
		FHarvestResult Result = CurrentPlot->HarvestAllCrops();
		                                     ^
C:\Users\allen\Desktop\Alexander\Alexander\Source\Alexander\Public\FarmPlot.h(241,21): note: see declaration of 'AFarmPlot'
class ALEXANDER_API AFarmPlot : public AActor
                    ^
C:\Users\allen\Desktop\Alexander\Alexander\Source\Alexander\Private\FarmingInfrastructure.cpp(564,28): error C2039: 'Quantity': is not a member of 'FHarvestResult'
		TotalHarvested += Result.Quantity;
		                         ^
C:\Users\allen\Desktop\Alexander\Alexander\Source\Alexander\Public\FarmPlot.h(100,8): note: see declaration of 'FHarvestResult'
struct FHarvestResult
       ^
C:\Users\allen\Desktop\Alexander\Alexander\Source\Alexander\Private\FarmingInfrastructure.cpp(565,3): error C2039: 'Quantity': is not a member of 'FHarvestResult'
		UE_LOG(LogTemp, Log, TEXT("Drone harvested %d crops. Total: %d"), Result.Quantity, TotalHarvested);
		^
C:\Users\allen\Desktop\Alexander\Alexander\Source\Alexander\Public\FarmPlot.h(100,8): note: see declaration of 'FHarvestResult'
struct FHarvestResult
       ^
C:\Users\allen\Desktop\Alexander\Alexander\Source\Alexander\Private\FarmingInfrastructure.cpp(569,19): error C2039: 'CurrentCrop': is not a member of 'AFarmPlot'
	if (CurrentPlot->CurrentCrop == nullptr)
	                 ^
C:\Users\allen\Desktop\Alexander\Alexander\Source\Alexander\Public\FarmPlot.h(241,21): note: see declaration of 'AFarmPlot'
class ALEXANDER_API AFarmPlot : public AActor
                    ^
[6/28] Compile [x64] FarmingSystemTest.cpp
C:\Users\allen\Desktop\Alexander\Alexander\Source\Alexander\Tests\FarmingSystemTest.cpp(202,81): error C2838: 'QuantumPotatoes': illegal qualified name in member declaration
        bool CannotBreedSpecial = !CropSystem->CanBreedCrops(ECropTypeExtended::QuantumPotatoes, ECropTypeExtended::Wheat);
                                                                                ^
C:\Users\allen\Desktop\Alexander\Alexander\Source\Alexander\Tests\FarmingSystemTest.cpp(202,81): error C2065: 'QuantumPotatoes': undeclared identifier
C:\Users\allen\Desktop\Alexander\Alexander\Source\Alexander\Tests\FarmingSystemTest.cpp(208,60): error C2838: 'QuantumPotatoes': illegal qualified name in member declaration
                          HybridCrop == ECropTypeExtended::QuantumPotatoes &&
                                                           ^
C:\Users\allen\Desktop\Alexander\Alexander\Source\Alexander\Tests\FarmingSystemTest.cpp(208,60): error C2065: 'QuantumPotatoes': undeclared identifier
[7/28] Compile [x64] OrbitalMechanicsManager.cpp
C:\Users\allen\Desktop\Alexander\Alexander\Source\Alexander\Private\OrbitalMechanicsManager.cpp(85,2): error C2143: syntax error: missing ';' before 'constant'
 88     // Verify generated bodies were registered
 ^
C:\Users\allen\Desktop\Alexander\Alexander\Source\Alexander\Private\OrbitalMechanicsManager.cpp(86,2): error C2143: syntax error: missing ';' before 'constant'
 89     if (RegisteredBodies.Num() < 3) // At least star + 2 planets
 ^
C:\Users\allen\Desktop\Alexander\Alexander\Source\Alexander\Private\OrbitalMechanicsManager.cpp(86,9): error C2143: syntax error: missing ';' before 'if'
 89     if (RegisteredBodies.Num() < 3) // At least star + 2 planets
        ^
C:\Users\allen\Desktop\Alexander\Alexander\Source\Alexander\Private\OrbitalMechanicsManager.cpp(88,13): error C2146: syntax error: missing ')' before identifier 'OutResult'
 91         OutResult.bPassed = false;
            ^
C:\Users\allen\Desktop\Alexander\Alexander\Source\Alexander\Private\OrbitalMechanicsManager.cpp(89,13): error C2146: syntax error: missing ';' before identifier 'OutResult'
 92         OutResult.ErrorMessage = TEXT("Generated star system but bodies were not properly registered");
            ^
C:\Users\allen\Desktop\Alexander\Alexander\Source\Alexander\Private\OrbitalMechanicsManager.cpp(90,13): error C2059: syntax error: 'static_assert'
 93         UE_LOG(LogTemp, Error, TEXT("TEST FAILED: Body registration failed"));
            ^
C:\Users\allen\Desktop\Alexander\Alexander\Source\Alexander\Private\OrbitalMechanicsManager.cpp(91,2): error C2059: syntax error: 'constant'
 94         return false;
 ^
C:\Users\allen\Desktop\Alexander\Alexander\Source\Alexander\Private\OrbitalMechanicsManager.cpp(92,2): error C2059: syntax error: 'constant'
 95     }
 ^
C:\Users\allen\Desktop\Alexander\Alexander\Source\Alexander\Private\OrbitalMechanicsManager.cpp(92,9): error C2143: syntax error: missing ';' before '}'
 95     }
        ^
C:\Users\allen\Desktop\Alexander\Alexander\Source\Alexander\Private\OrbitalMechanicsManager.cpp(92,9): error C2059: syntax error: '}'
C:\Users\allen\Desktop\Alexander\Alexander\Source\Alexander\Private\OrbitalMechanicsManager.cpp(93,9): error C2143: syntax error: missing ';' before '{'
 96     UE_LOG(LogTemp, Log, TEXT(" Star system generation test PASSED - Generated %d bodies"), RegisteredBodies.Num());
        ^
C:\Users\allen\Desktop\Alexander\Alexander\Source\Alexander\Private\OrbitalMechanicsManager.cpp(93,9): error C2447: '{': missing function header (old-style formal list?)
C:\Users\allen\Desktop\Alexander\Alexander\Source\Alexander\Private\OrbitalMechanicsManager.cpp(94,2): error C2059: syntax error: 'constant'
 97
 ^
C:\Users\allen\Desktop\Alexander\Alexander\Source\Alexander\Private\OrbitalMechanicsManager.cpp(97,9): error C2143: syntax error: missing ';' before '{'
100     {
        ^
C:\Users\allen\Desktop\Alexander\Alexander\Source\Alexander\Private\OrbitalMechanicsManager.cpp(97,9): error C2447: '{': missing function header (old-style formal list?)
C:\Users\allen\Desktop\Alexander\Alexander\Source\Alexander\Private\OrbitalMechanicsManager.cpp(139,1): error C2059: syntax error: 'constant'
142
^
C:\Users\allen\Desktop\Alexander\Alexander\Source\Alexander\Private\OrbitalMechanicsManager.cpp(142,1): error C2059: syntax error: 'constant'
145     float TestRadius = 1000000000.0f; // 10,000 km in cm
^
C:\Users\allen\Desktop\Alexander\Alexander\Source\Alexander\Private\OrbitalMechanicsManager.cpp(143,1): error C2059: syntax error: 'constant'
146     TArray<AOrbitalBody*> FoundBodies = FindBodiesInRadius(TestPosition, TestRadius);
^
C:\Users\allen\Desktop\Alexander\Alexander\Source\Alexander\Private\OrbitalMechanicsManager.cpp(144,1): error C2059: syntax error: 'constant'
147
^
C:\Users\allen\Desktop\Alexander\Alexander\Source\Alexander\Private\OrbitalMechanicsManager.cpp(146,9): error C2143: syntax error: missing ';' before '{'
149     {
        ^
C:\Users\allen\Desktop\Alexander\Alexander\Source\Alexander\Private\OrbitalMechanicsManager.cpp(146,9): error C2447: '{': missing function header (old-style formal list?)
C:\Users\allen\Desktop\Alexander\Alexander\Source\Alexander\Private\OrbitalMechanicsManager.cpp(151,1): error C2059: syntax error: 'constant'
154     else
^
C:\Users\allen\Desktop\Alexander\Alexander\Source\Alexander\Private\OrbitalMechanicsManager.cpp(152,9): error C2143: syntax error: missing ';' before '{'
155     {
        ^
C:\Users\allen\Desktop\Alexander\Alexander\Source\Alexander\Private\OrbitalMechanicsManager.cpp(152,9): error C2447: '{': missing function header (old-style formal list?)
C:\Users\allen\Desktop\Alexander\Alexander\Source\Alexander\Private\OrbitalMechanicsManager.cpp(155,1): error C2059: syntax error: 'constant'
158
^
C:\Users\allen\Desktop\Alexander\Alexander\Source\Alexander\Private\OrbitalMechanicsManager.cpp(158,9): error C2143: syntax error: missing ';' before '{'
161     {
        ^
C:\Users\allen\Desktop\Alexander\Alexander\Source\Alexander\Private\OrbitalMechanicsManager.cpp(158,9): error C2447: '{': missing function header (old-style formal list?)
C:\Users\allen\Desktop\Alexander\Alexander\Source\Alexander\Private\OrbitalMechanicsManager.cpp(176,1): error C2059: syntax error: 'constant'
179
^
C:\Users\allen\Desktop\Alexander\Alexander\Source\Alexander\Private\OrbitalMechanicsManager.cpp(179,1): error C2059: syntax error: 'constant'
182     float StartTime = GetWorld() ? GetWorld()->GetTimeSeconds() : 0.0f;
^
C:\Users\allen\Desktop\Alexander\Alexander\Source\Alexander\Private\OrbitalMechanicsManager.cpp(179,71): error C2059: syntax error: 'constant'
182     float StartTime = GetWorld() ? GetWorld()->GetTimeSeconds() : 0.0f;
                                                                      ^
C:\Users\allen\Desktop\Alexander\Alexander\Source\Alexander\Private\OrbitalMechanicsManager.cpp(180,1): error C2059: syntax error: 'constant'
183     int32 UpdatesDuringTest = 0;
^
C:\Users\allen\Desktop\Alexander\Alexander\Source\Alexander\Private\OrbitalMechanicsManager.cpp(181,1): error C2059: syntax error: 'constant'
184
^
C:\Users\allen\Desktop\Alexander\Alexander\Source\Alexander\Private\OrbitalMechanicsManager.cpp(183,9): error C2143: syntax error: missing ';' before '{'
186     {
        ^
C:\Users\allen\Desktop\Alexander\Alexander\Source\Alexander\Private\OrbitalMechanicsManager.cpp(183,9): error C2447: '{': missing function header (old-style formal list?)
C:\Users\allen\Desktop\Alexander\Alexander\Source\Alexander\Private\OrbitalMechanicsManager.cpp(187,1): error C2059: syntax error: 'constant'
190
^
C:\Users\allen\Desktop\Alexander\Alexander\Source\Alexander\Private\OrbitalMechanicsManager.cpp(188,90): error C4430: missing type specifier - int assumed. Note: C++ does not support default-int
191     float ActualDuration = GetWorld() ? (GetWorld()->GetTimeSeconds() - StartTime) : TestDuration;
                                                                                         ^
C:\Users\allen\Desktop\Alexander\Alexander\Source\Alexander\Private\OrbitalMechanicsManager.cpp(189,1): error C2059: syntax error: 'constant'
192     float AverageUpdateTime = ActualDuration / UpdatesDuringTest;
^
C:\Users\allen\Desktop\Alexander\Alexander\Source\Alexander\Private\OrbitalMechanicsManager.cpp(190,1): error C2059: syntax error: 'constant'
193
^
C:\Users\allen\Desktop\Alexander\Alexander\Source\Alexander\Private\OrbitalMechanicsManager.cpp(192,9): error C2143: syntax error: missing ';' before '{'
195     {
        ^
C:\Users\allen\Desktop\Alexander\Alexander\Source\Alexander\Private\OrbitalMechanicsManager.cpp(192,9): error C2447: '{': missing function header (old-style formal list?)
C:\Users\allen\Desktop\Alexander\Alexander\Source\Alexander\Private\OrbitalMechanicsManager.cpp(198,1): error C2059: syntax error: 'constant'
201     else
^
C:\Users\allen\Desktop\Alexander\Alexander\Source\Alexander\Private\OrbitalMechanicsManager.cpp(199,9): error C2143: syntax error: missing ';' before '{'
202     {
        ^
C:\Users\allen\Desktop\Alexander\Alexander\Source\Alexander\Private\OrbitalMechanicsManager.cpp(199,9): error C2447: '{': missing function header (old-style formal list?)
C:\Users\allen\Desktop\Alexander\Alexander\Source\Alexander\Private\OrbitalMechanicsManager.cpp(203,1): error C2059: syntax error: 'constant'
206
^
C:\Users\allen\Desktop\Alexander\Alexander\Source\Alexander\Private\OrbitalMechanicsManager.cpp(205,1): error C2059: syntax error: 'constant'
208     OutResult.PerformanceMetrics.Add(TEXT("AverageUpdateTime"), AverageUpdateTime);
^
C:\Users\allen\Desktop\Alexander\Alexander\Source\Alexander\Private\OrbitalMechanicsManager.cpp(206,1): error C2059: syntax error: 'constant'
209     OutResult.PerformanceMetrics.Add(TEXT("BodiesGenerated"), RegisteredBodies.Num());
^
C:\Users\allen\Desktop\Alexander\Alexander\Source\Alexander\Private\OrbitalMechanicsManager.cpp(207,1): error C2059: syntax error: 'constant'
210     OutResult.PerformanceMetrics.Add(TEXT("UpdatesDuringTest"), UpdatesDuringTest);
^
C:\Users\allen\Desktop\Alexander\Alexander\Source\Alexander\Private\OrbitalMechanicsManager.cpp(208,1): error C2059: syntax error: 'constant'
211
^
C:\Users\allen\Desktop\Alexander\Alexander\Source\Alexander\Private\OrbitalMechanicsManager.cpp(209,9): error C2143: syntax error: missing ';' before '{'
212     UE_LOG(LogTemp, Log, TEXT("=== Orbital Mechanics Manager test PASSED ==="));
        ^
C:\Users\allen\Desktop\Alexander\Alexander\Source\Alexander\Private\OrbitalMechanicsManager.cpp(209,9): error C2447: '{': missing function header (old-style formal list?)
C:\Users\allen\Desktop\Alexander\Alexander\Source\Alexander\Private\OrbitalMechanicsManager.cpp(210,1): error C2059: syntax error: 'constant'
213     return true;
^
C:\Users\allen\Desktop\Alexander\Alexander\Source\Alexander\Private\OrbitalMechanicsManager.cpp(211,1): error C2059: syntax error: 'constant'
214 }
^
C:\Users\allen\Desktop\Alexander\Alexander\Source\Alexander\Private\OrbitalMechanicsManager.cpp(211,5): error C2143: syntax error: missing ';' before '}'
214 }
    ^
C:\Users\allen\Desktop\Alexander\Alexander\Source\Alexander\Private\OrbitalMechanicsManager.cpp(211,5): error C2059: syntax error: '}'
C:\Users\allen\Desktop\Alexander\Alexander\Source\Alexander\Private\OrbitalMechanicsManager.cpp(214,5): error C2143: syntax error: missing ';' before '{'
217 {
    ^
C:\Users\allen\Desktop\Alexander\Alexander\Source\Alexander\Private\OrbitalMechanicsManager.cpp(214,5): error C2447: '{': missing function header (old-style formal list?)
C:\Users\allen\Desktop\Alexander\Alexander\Source\Alexander\Private\OrbitalMechanicsManager.cpp(217,1): error C2059: syntax error: 'constant'
220
^
C:\Users\allen\Desktop\Alexander\Alexander\Source\Alexander\Private\OrbitalMechanicsManager.cpp(219,5): error C2143: syntax error: missing ';' before '{'
221 {
    ^
C:\Users\allen\Desktop\Alexander\Alexander\Source\Alexander\Private\OrbitalMechanicsManager.cpp(219,5): error C2447: '{': missing function header (old-style formal list?)
C:\Users\allen\Desktop\Alexander\Alexander\Source\Alexander\Private\OrbitalMechanicsManager.cpp(222,1): error C2059: syntax error: 'constant'
224
^
C:\Users\allen\Desktop\Alexander\Alexander\Source\Alexander\Private\OrbitalMechanicsManager.cpp(224,5): error C2143: syntax error: missing ';' before '{'
226 {
    ^
C:\Users\allen\Desktop\Alexander\Alexander\Source\Alexander\Private\OrbitalMechanicsManager.cpp(224,5): error C2447: '{': missing function header (old-style formal list?)
C:\Users\allen\Desktop\Alexander\Alexander\Source\Alexander\Private\OrbitalMechanicsManager.cpp(228,1): error C2059: syntax error: 'constant'
230 //~ End ISystemSelfTestInterface interface
^
C:\Users\allen\Desktop\Alexander\Alexander\Source\Alexander\Private\OrbitalMechanicsManager.cpp(231,5): error C2143: syntax error: missing ';' before '{'
233 {
    ^
C:\Users\allen\Desktop\Alexander\Alexander\Source\Alexander\Private\OrbitalMechanicsManager.cpp(231,5): error C2447: '{': missing function header (old-style formal list?)
C:\Users\allen\Desktop\Alexander\Alexander\Source\Alexander\Private\OrbitalMechanicsManager.cpp(267,65): error C4458: declaration of 'RootBody' hides class member
void UOrbitalMechanicsManager::InitializeUniverse(AOrbitalBody* RootBody)
                                                                ^
C:\Users\allen\Desktop\Alexander\Alexander\Source\Alexander\Public\OrbitalMechanicsManager.h(195,34): note: see declaration of 'UOrbitalMechanicsManager::RootBody'
    TWeakObjectPtr<AOrbitalBody> RootBody;
                                 ^
C:\Users\allen\Desktop\Alexander\Alexander\Source\Alexander\Private\OrbitalMechanicsManager.cpp(295,18): error C2440: 'initializing': cannot convert from 'uint32' to 'FGuid'
    FGuid BodyId = Body->GetUniqueID();
                 ^
C:\Users\allen\Desktop\Alexander\Alexander\Source\Alexander\Private\OrbitalMechanicsManager.cpp(295,18): note: 'FGuid::FGuid': no overloaded function could convert all the argument types
C:\Program Files\Epic Games\UE_5.6\Engine\Source\Runtime\Core\Public\Misc\Guid.h(427,1): note: could be 'FGuid::FGuid(FGuid &&)'
};
^
C:\Users\allen\Desktop\Alexander\Alexander\Source\Alexander\Private\OrbitalMechanicsManager.cpp(295,18): note: 'FGuid::FGuid(FGuid &&)': cannot convert argument 1 from 'uint32' to 'FGuid &&'
    FGuid BodyId = Body->GetUniqueID();
                 ^
C:\Users\allen\Desktop\Alexander\Alexander\Source\Alexander\Private\OrbitalMechanicsManager.cpp(295,37): note: Reason: cannot convert from 'uint32' to 'FGuid'
    FGuid BodyId = Body->GetUniqueID();
                                    ^
C:\Users\allen\Desktop\Alexander\Alexander\Source\Alexander\Private\OrbitalMechanicsManager.cpp(295,37): note: Conversion requires a second user-defined-conversion operator or constructor
C:\Program Files\Epic Games\UE_5.6\Engine\Source\Runtime\Core\Public\Misc\Guid.h(427,1): note: or       'FGuid::FGuid(const FGuid &)'
};
^
C:\Users\allen\Desktop\Alexander\Alexander\Source\Alexander\Private\OrbitalMechanicsManager.cpp(295,18): note: 'FGuid::FGuid(const FGuid &)': cannot convert argument 1 from 'uint32' to 'const FGuid &'
    FGuid BodyId = Body->GetUniqueID();
                 ^
C:\Users\allen\Desktop\Alexander\Alexander\Source\Alexander\Private\OrbitalMechanicsManager.cpp(295,37): note: Reason: cannot convert from 'uint32' to 'const FGuid'
    FGuid BodyId = Body->GetUniqueID();
                                    ^
C:\Users\allen\Desktop\Alexander\Alexander\Source\Alexander\Private\OrbitalMechanicsManager.cpp(295,37): note: Conversion requires a second user-defined-conversion operator or constructor
C:\Users\allen\Desktop\Alexander\Alexander\Source\Alexander\Private\OrbitalMechanicsManager.cpp(295,18): note: while trying to match the argument list '(uint32)'
    FGuid BodyId = Body->GetUniqueID();
                 ^
C:\Users\allen\Desktop\Alexander\Alexander\Source\Alexander\Private\OrbitalMechanicsManager.cpp(327,18): error C2440: 'initializing': cannot convert from 'uint32' to 'FGuid'
    FGuid BodyId = Body->GetUniqueID();
                 ^
C:\Users\allen\Desktop\Alexander\Alexander\Source\Alexander\Private\OrbitalMechanicsManager.cpp(327,18): note: 'FGuid::FGuid': no overloaded function could convert all the argument types
C:\Program Files\Epic Games\UE_5.6\Engine\Source\Runtime\Core\Public\Misc\Guid.h(427,1): note: could be 'FGuid::FGuid(FGuid &&)'
};
^
C:\Users\allen\Desktop\Alexander\Alexander\Source\Alexander\Private\OrbitalMechanicsManager.cpp(327,18): note: 'FGuid::FGuid(FGuid &&)': cannot convert argument 1 from 'uint32' to 'FGuid &&'
    FGuid BodyId = Body->GetUniqueID();
                 ^
C:\Users\allen\Desktop\Alexander\Alexander\Source\Alexander\Private\OrbitalMechanicsManager.cpp(327,37): note: Reason: cannot convert from 'uint32' to 'FGuid'
    FGuid BodyId = Body->GetUniqueID();
                                    ^
C:\Users\allen\Desktop\Alexander\Alexander\Source\Alexander\Private\OrbitalMechanicsManager.cpp(327,37): note: Conversion requires a second user-defined-conversion operator or constructor
C:\Program Files\Epic Games\UE_5.6\Engine\Source\Runtime\Core\Public\Misc\Guid.h(427,1): note: or       'FGuid::FGuid(const FGuid &)'
};
^
C:\Users\allen\Desktop\Alexander\Alexander\Source\Alexander\Private\OrbitalMechanicsManager.cpp(327,18): note: 'FGuid::FGuid(const FGuid &)': cannot convert argument 1 from 'uint32' to 'const FGuid &'
    FGuid BodyId = Body->GetUniqueID();
                 ^
C:\Users\allen\Desktop\Alexander\Alexander\Source\Alexander\Private\OrbitalMechanicsManager.cpp(327,37): note: Reason: cannot convert from 'uint32' to 'const FGuid'
    FGuid BodyId = Body->GetUniqueID();
                                    ^
C:\Users\allen\Desktop\Alexander\Alexander\Source\Alexander\Private\OrbitalMechanicsManager.cpp(327,37): note: Conversion requires a second user-defined-conversion operator or constructor
C:\Users\allen\Desktop\Alexander\Alexander\Source\Alexander\Private\OrbitalMechanicsManager.cpp(327,18): note: while trying to match the argument list '(uint32)'
    FGuid BodyId = Body->GetUniqueID();
                 ^
C:\Users\allen\Desktop\Alexander\Alexander\Source\Alexander\Private\OrbitalMechanicsManager.cpp(368,5): error C2065: 'FSpatialQueryResult': undeclared identifier
    FSpatialQueryResult QueryResult = SpatialPartitioner->QueryBodiesInRadius(Position, Radius);
    ^
C:\Users\allen\Desktop\Alexander\Alexander\Source\Alexander\Private\OrbitalMechanicsManager.cpp(368,25): error C2146: syntax error: missing ';' before identifier 'QueryResult'
    FSpatialQueryResult QueryResult = SpatialPartitioner->QueryBodiesInRadius(Position, Radius);
                        ^
C:\Users\allen\Desktop\Alexander\Alexander\Source\Alexander\Private\OrbitalMechanicsManager.cpp(368,25): error C2065: 'QueryResult': undeclared identifier
C:\Users\allen\Desktop\Alexander\Alexander\Source\Alexander\Private\OrbitalMechanicsManager.cpp(371,56): error C2065: 'QueryResult': undeclared identifier
    for (const TWeakObjectPtr<AOrbitalBody>& BodyPtr : QueryResult.FoundBodies)
                                                       ^
C:\Users\allen\Desktop\Alexander\Alexander\Source\Alexander\Private\OrbitalMechanicsManager.cpp(371,46): error C2530: 'BodyPtr': references must be initialized
    for (const TWeakObjectPtr<AOrbitalBody>& BodyPtr : QueryResult.FoundBodies)
                                             ^
C:\Users\allen\Desktop\Alexander\Alexander\Source\Alexander\Private\OrbitalMechanicsManager.cpp(371,54): error C2143: syntax error: missing ';' before ':'
    for (const TWeakObjectPtr<AOrbitalBody>& BodyPtr : QueryResult.FoundBodies)
                                                     ^
C:\Users\allen\Desktop\Alexander\Alexander\Source\Alexander\Private\OrbitalMechanicsManager.cpp(371,79): error C2143: syntax error: missing ';' before ')'
    for (const TWeakObjectPtr<AOrbitalBody>& BodyPtr : QueryResult.FoundBodies)
                                                                              ^
C:\Users\allen\Desktop\Alexander\Alexander\Source\Alexander\Private\OrbitalMechanicsManager.cpp(627,24): error C2440: 'initializing': cannot convert from 'T *' to 'AOrbitalBody *'
        with
        [
            T=ASun
        ]
    AOrbitalBody* Star = GeneratedSystem.Star.Get();
                       ^
C:\Users\allen\Desktop\Alexander\Alexander\Source\Alexander\Private\OrbitalMechanicsManager.cpp(627,24): note: Types pointed to are unrelated; conversion requires reinterpret_cast, C-style cast or parenthesized function-style cast
C:\Users\allen\Desktop\Alexander\Alexander\Source\Alexander\Private\OrbitalMechanicsManager.cpp(634,55): error C2440: 'initializing': cannot convert from 'ElementType' to 'APlanet *'
        with
        [
            ElementType=TWeakObjectPtr<APlanet,FWeakObjectPtr>
        ]
        for (APlanet* Planet : GeneratedSystem.Planets)
                                                      ^
C:\Users\allen\Desktop\Alexander\Alexander\Source\Alexander\Private\OrbitalMechanicsManager.cpp(634,55): note: No user-defined-conversion operator available that can perform this conversion, or the operator cannot be called
C:\Users\allen\Desktop\Alexander\Alexander\Source\Alexander\Private\OrbitalMechanicsManager.cpp(638,17): error C2664: 'void UOrbitalMechanicsManager::RegisterOrbitalBody(AOrbitalBody *)': cannot convert argument 1 from 'APlanet *' to 'AOrbitalBody *'
                RegisterOrbitalBody(Planet);
                ^
C:\Users\allen\Desktop\Alexander\Alexander\Source\Alexander\Private\OrbitalMechanicsManager.cpp(638,37): note: Types pointed to are unrelated; conversion requires reinterpret_cast, C-style cast or parenthesized function-style cast
                RegisterOrbitalBody(Planet);
                                    ^
C:\Users\allen\Desktop\Alexander\Alexander\Source\Alexander\Private\OrbitalMechanicsManager.cpp(287,32): note: see declaration of 'UOrbitalMechanicsManager::RegisterOrbitalBody'
void UOrbitalMechanicsManager::RegisterOrbitalBody(AOrbitalBody* Body)
                               ^
C:\Users\allen\Desktop\Alexander\Alexander\Source\Alexander\Private\OrbitalMechanicsManager.cpp(638,17): note: while trying to match the argument list '(APlanet *)'
                RegisterOrbitalBody(Planet);
                ^
C:\Users\allen\Desktop\Alexander\Alexander\Source\Alexander\Private\OrbitalMechanicsManager.cpp(642,56): error C2440: 'initializing': cannot convert from 'ElementType' to 'AOrbitalBody *'
        with
        [
            ElementType=TWeakObjectPtr<AOrbitalBody,FWeakObjectPtr>
        ]
        for (AOrbitalBody* Moon : GeneratedSystem.Moons)
                                                       ^
C:\Users\allen\Desktop\Alexander\Alexander\Source\Alexander\Private\OrbitalMechanicsManager.cpp(642,56): note: No user-defined-conversion operator available that can perform this conversion, or the operator cannot be called
C:\Users\allen\Desktop\Alexander\Alexander\Source\Alexander\Private\OrbitalMechanicsManager.cpp(669,13): error C2664: 'void UOrbitalMechanicsManager::RegisterOrbitalBody(AOrbitalBody *)': cannot convert argument 1 from 'APlanet *' to 'AOrbitalBody *'
            RegisterOrbitalBody(Planet);
            ^
C:\Users\allen\Desktop\Alexander\Alexander\Source\Alexander\Private\OrbitalMechanicsManager.cpp(669,33): note: Types pointed to are unrelated; conversion requires reinterpret_cast, C-style cast or parenthesized function-style cast
            RegisterOrbitalBody(Planet);
                                ^
C:\Users\allen\Desktop\Alexander\Alexander\Source\Alexander\Private\OrbitalMechanicsManager.cpp(287,32): note: see declaration of 'UOrbitalMechanicsManager::RegisterOrbitalBody'
void UOrbitalMechanicsManager::RegisterOrbitalBody(AOrbitalBody* Body)
                               ^
C:\Users\allen\Desktop\Alexander\Alexander\Source\Alexander\Private\OrbitalMechanicsManager.cpp(669,13): note: while trying to match the argument list '(APlanet *)'
            RegisterOrbitalBody(Planet);
            ^
C:\Users\allen\Desktop\Alexander\Alexander\Source\Alexander\Private\OrbitalMechanicsManager.cpp(670,20): error C2665: 'TArray<AOrbitalBody *,FDefaultAllocator>::Add': no overloaded function could convert all the argument types
            Bodies.Add(Planet);
                   ^
C:\Program Files\Epic Games\UE_5.6\Engine\Source\Runtime\Core\Public\Containers\Array.h(2719,34): note: could be 'int TArray<AOrbitalBody *,FDefaultAllocator>::Add(AOrbitalBody *const &)'
	UE_NODEBUG FORCEINLINE SizeType Add(const ElementType& Item)
	                                ^
C:\Users\allen\Desktop\Alexander\Alexander\Source\Alexander\Private\OrbitalMechanicsManager.cpp(670,20): note: 'int TArray<AOrbitalBody *,FDefaultAllocator>::Add(AOrbitalBody *const &)': cannot convert argument 1 from 'APlanet *' to 'AOrbitalBody *const &'
            Bodies.Add(Planet);
                   ^
C:\Users\allen\Desktop\Alexander\Alexander\Source\Alexander\Private\OrbitalMechanicsManager.cpp(670,24): note: Reason: cannot convert from 'APlanet *' to 'AOrbitalBody *const '
            Bodies.Add(Planet);
                       ^
C:\Users\allen\Desktop\Alexander\Alexander\Source\Alexander\Private\OrbitalMechanicsManager.cpp(670,24): note: Types pointed to are unrelated; conversion requires reinterpret_cast, C-style cast or parenthesized function-style cast
C:\Program Files\Epic Games\UE_5.6\Engine\Source\Runtime\Core\Public\Containers\Array.h(2706,34): note: or       'int TArray<AOrbitalBody *,FDefaultAllocator>::Add(AOrbitalBody *&&)'
	UE_NODEBUG FORCEINLINE SizeType Add(ElementType&& Item)
	                                ^
C:\Users\allen\Desktop\Alexander\Alexander\Source\Alexander\Private\OrbitalMechanicsManager.cpp(670,20): note: 'int TArray<AOrbitalBody *,FDefaultAllocator>::Add(AOrbitalBody *&&)': cannot convert argument 1 from 'APlanet *' to 'AOrbitalBody *&&'
            Bodies.Add(Planet);
                   ^
C:\Users\allen\Desktop\Alexander\Alexander\Source\Alexander\Private\OrbitalMechanicsManager.cpp(670,24): note: Reason: cannot convert from 'APlanet *' to 'AOrbitalBody *'
            Bodies.Add(Planet);
                       ^
C:\Users\allen\Desktop\Alexander\Alexander\Source\Alexander\Private\OrbitalMechanicsManager.cpp(670,24): note: Types pointed to are unrelated; conversion requires reinterpret_cast, C-style cast or parenthesized function-style cast
C:\Users\allen\Desktop\Alexander\Alexander\Source\Alexander\Private\OrbitalMechanicsManager.cpp(670,20): note: while trying to match the argument list '(APlanet *)'
            Bodies.Add(Planet);
                   ^
[8/28] Compile [x64] ResourceGatheringSystem.cpp
C:\Users\allen\Desktop\Alexander\Alexander\Source\Alexander\Private\ResourceGatheringSystem.cpp(674,12): error C2039: 'RemainingQuantity': is not a member of 'FResourceDeposit'
			Deposit.RemainingQuantity = Result.RemainingInDeposit;
			        ^
C:\Users\allen\Desktop\Alexander\Alexander\Source\Alexander\Public\ResourceGatheringSystem.h(156,8): note: see declaration of 'FResourceDeposit'
struct FResourceDeposit
       ^
C:\Users\allen\Desktop\Alexander\Alexander\Source\Alexander\Private\ResourceGatheringSystem.cpp(674,39): error C2039: 'RemainingInDeposit': is not a member of 'FMiningResult'
			Deposit.RemainingQuantity = Result.RemainingInDeposit;
			                                   ^
C:\Users\allen\Desktop\Alexander\Alexander\Source\Alexander\Public\ResourceGatheringSystem.h(210,8): note: see declaration of 'FMiningResult'
struct FMiningResult
       ^
C:\Users\allen\Desktop\Alexander\Alexander\Source\Alexander\Private\ResourceGatheringSystem.cpp(675,16): error C2039: 'RemainingQuantity': is not a member of 'FResourceDeposit'
			if (Deposit.RemainingQuantity <= 0.0f)
			            ^
C:\Users\allen\Desktop\Alexander\Alexander\Source\Alexander\Public\ResourceGatheringSystem.h(156,8): note: see declaration of 'FResourceDeposit'
struct FResourceDeposit
       ^
C:\Users\allen\Desktop\Alexander\Alexander\Source\Alexander\Private\ResourceGatheringSystem.cpp(701,42): error C3861: 'GetPlanetaryResourcesPtr': identifier not found
	TArray<FResourceDeposit>* DepositsPtr = GetPlanetaryResourcesPtr(Planet, Location);
	                                        ^
C:\Users\allen\Desktop\Alexander\Alexander\Source\Alexander\Private\ResourceGatheringSystem.cpp(717,12): error C2039: 'RemainingQuantity': is not a member of 'FResourceDeposit'
			Deposit.RemainingQuantity = Result.RemainingInDeposit;
			        ^
C:\Users\allen\Desktop\Alexander\Alexander\Source\Alexander\Public\ResourceGatheringSystem.h(156,8): note: see declaration of 'FResourceDeposit'
struct FResourceDeposit
       ^
C:\Users\allen\Desktop\Alexander\Alexander\Source\Alexander\Private\ResourceGatheringSystem.cpp(717,39): error C2039: 'RemainingInDeposit': is not a member of 'FMiningResult'
			Deposit.RemainingQuantity = Result.RemainingInDeposit;
			                                   ^
C:\Users\allen\Desktop\Alexander\Alexander\Source\Alexander\Public\ResourceGatheringSystem.h(210,8): note: see declaration of 'FMiningResult'
struct FMiningResult
       ^
C:\Users\allen\Desktop\Alexander\Alexander\Source\Alexander\Private\ResourceGatheringSystem.cpp(718,16): error C2039: 'RemainingQuantity': is not a member of 'FResourceDeposit'
			if (Deposit.RemainingQuantity <= 0.0f)
			            ^
C:\Users\allen\Desktop\Alexander\Alexander\Source\Alexander\Public\ResourceGatheringSystem.h(156,8): note: see declaration of 'FResourceDeposit'
struct FResourceDeposit
       ^
[9/28] Compile [x64] PlanetaryFarmingSystem.cpp
C:\Users\allen\Desktop\Alexander\Alexander\Source\Alexander\Private\PlanetaryFarmingSystem.cpp(95,3): error C2027: use of undefined type 'UCropGrowthSystem'
		UE_LOG(LogTemp, Log, TEXT("Crop growth system initialized with %d crop types"), CropSystem->GetAllAvailableCrops().Num());
		^
C:\Users\allen\Desktop\Alexander\Alexander\Intermediate\Build\Win64\UnrealEditor\Inc\Alexander\UHT\PlanetaryFarmingSystem.generated.h(23,7): note: see declaration of 'UCropGrowthSystem'
class UCropGrowthSystem;
      ^
C:\Users\allen\Desktop\Alexander\Alexander\Source\Alexander\Private\PlanetaryFarmingSystem.cpp(123,11): error C2039: 'ClaimID': is not a member of 'AFarmPlot'
	NewPlot->ClaimID = ClaimID;
	         ^
C:\Users\allen\Desktop\Alexander\Alexander\Source\Alexander\Public\FarmPlot.h(241,21): note: see declaration of 'AFarmPlot'
class ALEXANDER_API AFarmPlot : public AActor
                    ^
C:\Users\allen\Desktop\Alexander\Alexander\Source\Alexander\Private\PlanetaryFarmingSystem.cpp(124,11): error C2039: 'PlotID': is not a member of 'AFarmPlot'
	NewPlot->PlotID = FGuid::NewGuid();
	         ^
C:\Users\allen\Desktop\Alexander\Alexander\Source\Alexander\Public\FarmPlot.h(241,21): note: see declaration of 'AFarmPlot'
class ALEXANDER_API AFarmPlot : public AActor
                    ^
C:\Users\allen\Desktop\Alexander\Alexander\Source\Alexander\Private\PlanetaryFarmingSystem.cpp(128,32): error C2039: 'PlotID': is not a member of 'AFarmPlot'
	FarmPlotIndexMap.Add(NewPlot->PlotID, FarmPlots.Num() - 1);
	                              ^
C:\Users\allen\Desktop\Alexander\Alexander\Source\Alexander\Public\FarmPlot.h(241,21): note: see declaration of 'AFarmPlot'
class ALEXANDER_API AFarmPlot : public AActor
                    ^
C:\Users\allen\Desktop\Alexander\Alexander\Source\Alexander\Private\PlanetaryFarmingSystem.cpp(131,39): error C2039: 'PlotID': is not a member of 'AFarmPlot'
	OnFarmPlotCreated.Broadcast(NewPlot->PlotID);
	                                     ^
C:\Users\allen\Desktop\Alexander\Alexander\Source\Alexander\Public\FarmPlot.h(241,21): note: see declaration of 'AFarmPlot'
class ALEXANDER_API AFarmPlot : public AActor
                    ^
C:\Users\allen\Desktop\Alexander\Alexander\Source\Alexander\Private\PlanetaryFarmingSystem.cpp(134,18): error C2039: 'PlotID': is not a member of 'AFarmPlot'
	return NewPlot->PlotID;
	                ^
C:\Users\allen\Desktop\Alexander\Alexander\Source\Alexander\Public\FarmPlot.h(241,21): note: see declaration of 'AFarmPlot'
class ALEXANDER_API AFarmPlot : public AActor
                    ^
C:\Users\allen\Desktop\Alexander\Alexander\Source\Alexander\Private\PlanetaryFarmingSystem.cpp(152,23): error C2027: use of undefined type 'UCropGrowthSystem'
	FCropData CropData = CropSystem->GetCropData(CropType);
	                     ^
C:\Users\allen\Desktop\Alexander\Alexander\Intermediate\Build\Win64\UnrealEditor\Inc\Alexander\UHT\PlanetaryFarmingSystem.generated.h(23,7): note: see declaration of 'UCropGrowthSystem'
class UCropGrowthSystem;
      ^
C:\Users\allen\Desktop\Alexander\Alexander\Source\Alexander\Private\PlanetaryFarmingSystem.cpp(156,2): error C2027: use of undefined type 'UCropDefinition'
	CropDef->CropType = CropType;
	^
C:\Users\allen\Desktop\Alexander\Alexander\Intermediate\Build\Win64\UnrealEditor\Inc\Alexander\UHT\FarmPlot.generated.h(19,7): note: see declaration of 'UCropDefinition'
class UCropDefinition;
      ^
C:\Users\allen\Desktop\Alexander\Alexander\Source\Alexander\Private\PlanetaryFarmingSystem.cpp(157,2): error C2027: use of undefined type 'UCropDefinition'
	CropDef->CropName = CropData.CropName;
	^
C:\Users\allen\Desktop\Alexander\Alexander\Intermediate\Build\Win64\UnrealEditor\Inc\Alexander\UHT\FarmPlot.generated.h(19,7): note: see declaration of 'UCropDefinition'
class UCropDefinition;
      ^
C:\Users\allen\Desktop\Alexander\Alexander\Source\Alexander\Private\PlanetaryFarmingSystem.cpp(158,2): error C2027: use of undefined type 'UCropDefinition'
	CropDef->GrowthDuration = CropData.BaseGrowthTime;
	^
C:\Users\allen\Desktop\Alexander\Alexander\Intermediate\Build\Win64\UnrealEditor\Inc\Alexander\UHT\FarmPlot.generated.h(19,7): note: see declaration of 'UCropDefinition'
class UCropDefinition;
      ^
C:\Users\allen\Desktop\Alexander\Alexander\Source\Alexander\Private\PlanetaryFarmingSystem.cpp(159,2): error C2027: use of undefined type 'UCropDefinition'
	CropDef->WaterConsumption = CropData.WaterNeed;
	^
C:\Users\allen\Desktop\Alexander\Alexander\Intermediate\Build\Win64\UnrealEditor\Inc\Alexander\UHT\FarmPlot.generated.h(19,7): note: see declaration of 'UCropDefinition'
class UCropDefinition;
      ^
C:\Users\allen\Desktop\Alexander\Alexander\Source\Alexander\Private\PlanetaryFarmingSystem.cpp(160,2): error C2027: use of undefined type 'UCropDefinition'
	CropDef->NutrientRequirement = CropData.NutrientNeed;
	^
C:\Users\allen\Desktop\Alexander\Alexander\Intermediate\Build\Win64\UnrealEditor\Inc\Alexander\UHT\FarmPlot.generated.h(19,7): note: see declaration of 'UCropDefinition'
class UCropDefinition;
      ^
C:\Users\allen\Desktop\Alexander\Alexander\Source\Alexander\Private\PlanetaryFarmingSystem.cpp(161,2): error C2027: use of undefined type 'UCropDefinition'
	CropDef->OptimalTemperature = CropData.OptimalTemp;
	^
C:\Users\allen\Desktop\Alexander\Alexander\Intermediate\Build\Win64\UnrealEditor\Inc\Alexander\UHT\FarmPlot.generated.h(19,7): note: see declaration of 'UCropDefinition'
class UCropDefinition;
      ^
C:\Users\allen\Desktop\Alexander\Alexander\Source\Alexander\Private\PlanetaryFarmingSystem.cpp(162,2): error C2027: use of undefined type 'UCropDefinition'
	CropDef->TemperatureTolerance = CropData.TempTolerance;
	^
C:\Users\allen\Desktop\Alexander\Alexander\Intermediate\Build\Win64\UnrealEditor\Inc\Alexander\UHT\FarmPlot.generated.h(19,7): note: see declaration of 'UCropDefinition'
class UCropDefinition;
      ^
C:\Users\allen\Desktop\Alexander\Alexander\Source\Alexander\Private\PlanetaryFarmingSystem.cpp(163,2): error C2027: use of undefined type 'UCropDefinition'
	CropDef->ExpectedYield = CropData.BaseYield;
	^
C:\Users\allen\Desktop\Alexander\Alexander\Intermediate\Build\Win64\UnrealEditor\Inc\Alexander\UHT\FarmPlot.generated.h(19,7): note: see declaration of 'UCropDefinition'
class UCropDefinition;
      ^
C:\Users\allen\Desktop\Alexander\Alexander\Source\Alexander\Private\PlanetaryFarmingSystem.cpp(166,24): error C2660: 'AFarmPlot::PlantCrop': function does not take 3 arguments
	bool bSuccess = Plot->PlantCrop(FIntPoint(0, 0), CropDef, PlantingDensity);
	                      ^
C:\Users\allen\Desktop\Alexander\Alexander\Source\Alexander\Public\FarmPlot.h(400,7): note: see declaration of 'AFarmPlot::PlantCrop'
	bool PlantCrop(FIntPoint GridPosition, UCropDefinition* CropType);
	     ^
C:\Users\allen\Desktop\Alexander\Alexander\Source\Alexander\Private\PlanetaryFarmingSystem.cpp(166,24): note: while trying to match the argument list '(FIntPoint, UCropDefinition *, float)'
	bool bSuccess = Plot->PlantCrop(FIntPoint(0, 0), CropDef, PlantingDensity);
	                      ^
C:\Users\allen\Desktop\Alexander\Alexander\Source\Alexander\Private\PlanetaryFarmingSystem.cpp(187,41): error C2556: 'FHarvestResult APlanetaryFarmingSystem::HarvestCrops(const FGuid &)': overloaded function differs only by return type from 'FAlexanderHarvestResult APlanetaryFarmingSystem::HarvestCrops(const FGuid &)'
FHarvestResult APlanetaryFarmingSystem::HarvestCrops(const FGuid& PlotID)
                                        ^
C:\Users\allen\Desktop\Alexander\Alexander\Source\Alexander\Public\PlanetaryFarmingSystem.h(262,26): note: see declaration of 'APlanetaryFarmingSystem::HarvestCrops'
	FAlexanderHarvestResult HarvestCrops(const FGuid& PlotID);
	                        ^
C:\Users\allen\Desktop\Alexander\Alexander\Source\Alexander\Private\PlanetaryFarmingSystem.cpp(187,41): error C2371: 'APlanetaryFarmingSystem::HarvestCrops': redefinition; different basic types
FHarvestResult APlanetaryFarmingSystem::HarvestCrops(const FGuid& PlotID)
                                        ^
C:\Users\allen\Desktop\Alexander\Alexander\Source\Alexander\Public\PlanetaryFarmingSystem.h(262,26): note: see declaration of 'APlanetaryFarmingSystem::HarvestCrops'
	FAlexanderHarvestResult HarvestCrops(const FGuid& PlotID);
	                        ^
C:\Users\allen\Desktop\Alexander\Alexander\Source\Alexander\Private\PlanetaryFarmingSystem.cpp(205,17): error C2039: 'HarvestAllCrops': is not a member of 'AFarmPlot'
	Result = Plot->HarvestAllCrops();
	               ^
C:\Users\allen\Desktop\Alexander\Alexander\Source\Alexander\Public\FarmPlot.h(241,21): note: see declaration of 'AFarmPlot'
class ALEXANDER_API AFarmPlot : public AActor
                    ^
C:\Users\allen\Desktop\Alexander\Alexander\Source\Alexander\Private\PlanetaryFarmingSystem.cpp(212,3): error C2039: 'Quantity': is not a member of 'FHarvestResult'
		UE_LOG(LogTemp, Log, TEXT("Crops harvested: %d units of %s"), Result.Quantity, *UEnum::GetDisplayValueAsText(Result.CropType).ToString());
		^
C:\Users\allen\Desktop\Alexander\Alexander\Source\Alexander\Public\FarmPlot.h(100,8): note: see declaration of 'FHarvestResult'
struct FHarvestResult
       ^
C:\Users\allen\Desktop\Alexander\Alexander\Source\Alexander\Private\PlanetaryFarmingSystem.cpp(212,3): error C2039: 'CropType': is not a member of 'FHarvestResult'
		UE_LOG(LogTemp, Log, TEXT("Crops harvested: %d units of %s"), Result.Quantity, *UEnum::GetDisplayValueAsText(Result.CropType).ToString());
		^
C:\Users\allen\Desktop\Alexander\Alexander\Source\Alexander\Public\FarmPlot.h(100,8): note: see declaration of 'FHarvestResult'
struct FHarvestResult
       ^
C:\Users\allen\Desktop\Alexander\Alexander\Source\Alexander\Private\PlanetaryFarmingSystem.cpp(212,3): error C2672: 'UEnum::GetDisplayValueAsText': no matching overloaded function found
		UE_LOG(LogTemp, Log, TEXT("Crops harvested: %d units of %s"), Result.Quantity, *UEnum::GetDisplayValueAsText(Result.CropType).ToString());
		^
C:\Program Files\Epic Games\UE_5.6\Engine\Source\Runtime\CoreUObject\Public\UObject\Class.h(2758,26): note: could be 'void UEnum::GetDisplayValueAsText(const EnumType,FText &)'
	FORCEINLINE static void GetDisplayValueAsText(const EnumType EnumeratorValue, FText& out_TextValue )
	                        ^
C:\Users\allen\Desktop\Alexander\Alexander\Source\Alexander\Private\PlanetaryFarmingSystem.cpp(212,3): note: 'void UEnum::GetDisplayValueAsText(const EnumType,FText &)': expects 2 arguments - 1 provided
		UE_LOG(LogTemp, Log, TEXT("Crops harvested: %d units of %s"), Result.Quantity, *UEnum::GetDisplayValueAsText(Result.CropType).ToString());
		^
C:\Program Files\Epic Games\UE_5.6\Engine\Source\Runtime\CoreUObject\Public\UObject\Class.h(2752,27): note: or       'FText UEnum::GetDisplayValueAsText(const TEnumAsByte<InEnumType>)'
	FORCEINLINE static FText GetDisplayValueAsText(const TEnumAsByte<EnumType> EnumeratorValue)
	                         ^
C:\Program Files\Epic Games\UE_5.6\Engine\Source\Runtime\CoreUObject\Public\UObject\Class.h(2742,27): note: or       'FText UEnum::GetDisplayValueAsText(const EnumType)'
	FORCEINLINE static FText GetDisplayValueAsText(const EnumType EnumeratorValue )
	                         ^
C:\Program Files\Epic Games\UE_5.6\Engine\Source\Runtime\CoreUObject\Public\UObject\Class.h(2620,26): note: or       'void UEnum::GetDisplayValueAsText(const TCHAR *,const T,FText &)'
	FORCEINLINE static void GetDisplayValueAsText( const TCHAR* EnumPath, const T EnumeratorValue, FText& out_TextValue )
	                        ^
C:\Users\allen\Desktop\Alexander\Alexander\Source\Alexander\Private\PlanetaryFarmingSystem.cpp(212,3): note: 'void UEnum::GetDisplayValueAsText(const TCHAR *,const T,FText &)': expects 3 arguments - 1 provided
		UE_LOG(LogTemp, Log, TEXT("Crops harvested: %d units of %s"), Result.Quantity, *UEnum::GetDisplayValueAsText(Result.CropType).ToString());
		^
C:\Program Files\Epic Games\UE_5.6\Engine\Source\Runtime\CoreUObject\Public\UObject\Class.h(2614,27): note: or       'FText UEnum::GetDisplayValueAsText(const TCHAR *,const TEnumAsByte<InEnumType>)'
	FORCEINLINE static FText GetDisplayValueAsText( const TCHAR* EnumPath, const TEnumAsByte<T> EnumeratorValue)
	                         ^
C:\Users\allen\Desktop\Alexander\Alexander\Source\Alexander\Private\PlanetaryFarmingSystem.cpp(212,3): note: 'FText UEnum::GetDisplayValueAsText(const TCHAR *,const TEnumAsByte<InEnumType>)': expects 2 arguments - 1 provided
		UE_LOG(LogTemp, Log, TEXT("Crops harvested: %d units of %s"), Result.Quantity, *UEnum::GetDisplayValueAsText(Result.CropType).ToString());
		^
C:\Program Files\Epic Games\UE_5.6\Engine\Source\Runtime\CoreUObject\Public\UObject\Class.h(2606,27): note: or       'FText UEnum::GetDisplayValueAsText(const TCHAR *,const T)'
	FORCEINLINE static FText GetDisplayValueAsText( const TCHAR* EnumPath, const T EnumeratorValue )
	                         ^
C:\Users\allen\Desktop\Alexander\Alexander\Source\Alexander\Private\PlanetaryFarmingSystem.cpp(212,3): note: 'FText UEnum::GetDisplayValueAsText(const TCHAR *,const T)': expects 2 arguments - 1 provided
		UE_LOG(LogTemp, Log, TEXT("Crops harvested: %d units of %s"), Result.Quantity, *UEnum::GetDisplayValueAsText(Result.CropType).ToString());
		^
C:\Users\allen\Desktop\Alexander\Alexander\Source\Alexander\Private\PlanetaryFarmingSystem.cpp(232,16): error C2440: 'initializing': cannot convert from 'void' to 'bool'
	bool bSuccess = Plot->WaterPlot(WaterAmount);
	              ^
C:\Users\allen\Desktop\Alexander\Alexander\Source\Alexander\Private\PlanetaryFarmingSystem.cpp(232,16): note: Expressions of type void cannot be converted to other types
C:\Users\allen\Desktop\Alexander\Alexander\Source\Alexander\Private\PlanetaryFarmingSystem.cpp(256,24): error C2660: 'AFarmPlot::FertilizePlot': function does not take 2 arguments
	bool bSuccess = Plot->FertilizePlot(FertilizerAmount, FertilizerType);
	                      ^
C:\Users\allen\Desktop\Alexander\Alexander\Source\Alexander\Public\FarmPlot.h(418,7): note: see declaration of 'AFarmPlot::FertilizePlot'
	void FertilizePlot(float FertilizerAmount);
	     ^
C:\Users\allen\Desktop\Alexander\Alexander\Source\Alexander\Private\PlanetaryFarmingSystem.cpp(256,24): note: while trying to match the argument list '(float, FName)'
	bool bSuccess = Plot->FertilizePlot(FertilizerAmount, FertilizerType);
	                      ^
C:\Users\allen\Desktop\Alexander\Alexander\Source\Alexander\Private\PlanetaryFarmingSystem.cpp(256,16): error C2440: 'initializing': cannot convert from 'void' to 'bool'
	bool bSuccess = Plot->FertilizePlot(FertilizerAmount, FertilizerType);
	              ^
C:\Users\allen\Desktop\Alexander\Alexander\Source\Alexander\Private\PlanetaryFarmingSystem.cpp(256,16): note: Expressions of type void cannot be converted to other types
C:\Users\allen\Desktop\Alexander\Alexander\Source\Alexander\Private\PlanetaryFarmingSystem.cpp(293,81): error C2027: use of undefined type 'AHydroponicsBay'
			NewInfrastructure = GetWorld()->SpawnActor<AHydroponicsBay>(AHydroponicsBay::StaticClass(), Location, FRotator::ZeroRotator);
			                                                                             ^
C:\Users\allen\Desktop\Alexander\Alexander\Source\Alexander\Public\PlanetaryFarmingSystem.h(16,7): note: see declaration of 'AHydroponicsBay'
class AHydroponicsBay;
      ^
C:\Users\allen\Desktop\Alexander\Alexander\Source\Alexander\Private\PlanetaryFarmingSystem.cpp(293,63): error C2440: '=': cannot convert from 'T *' to 'AActor *'
        with
        [
            T=AHydroponicsBay
        ]
			NewInfrastructure = GetWorld()->SpawnActor<AHydroponicsBay>(AHydroponicsBay::StaticClass(), Location, FRotator::ZeroRotator);
			                                                           ^
C:\Users\allen\Desktop\Alexander\Alexander\Source\Alexander\Private\PlanetaryFarmingSystem.cpp(293,63): note: Types pointed to are unrelated; conversion requires reinterpret_cast, C-style cast or parenthesized function-style cast
C:\Users\allen\Desktop\Alexander\Alexander\Source\Alexander\Private\PlanetaryFarmingSystem.cpp(297,73): error C2027: use of undefined type 'AGreenhouse'
			NewInfrastructure = GetWorld()->SpawnActor<AGreenhouse>(AGreenhouse::StaticClass(), Location, FRotator::ZeroRotator);
			                                                                     ^
C:\Users\allen\Desktop\Alexander\Alexander\Source\Alexander\Public\PlanetaryFarmingSystem.h(17,7): note: see declaration of 'AGreenhouse'
class AGreenhouse;
      ^
C:\Users\allen\Desktop\Alexander\Alexander\Source\Alexander\Private\PlanetaryFarmingSystem.cpp(297,59): error C2440: '=': cannot convert from 'T *' to 'AActor *'
        with
        [
            T=AGreenhouse
        ]
			NewInfrastructure = GetWorld()->SpawnActor<AGreenhouse>(AGreenhouse::StaticClass(), Location, FRotator::ZeroRotator);
			                                                       ^
C:\Users\allen\Desktop\Alexander\Alexander\Source\Alexander\Private\PlanetaryFarmingSystem.cpp(297,59): note: Types pointed to are unrelated; conversion requires reinterpret_cast, C-style cast or parenthesized function-style cast
C:\Users\allen\Desktop\Alexander\Alexander\Source\Alexander\Private\PlanetaryFarmingSystem.cpp(305,89): error C2027: use of undefined type 'AFertilizerInjector'
			NewInfrastructure = GetWorld()->SpawnActor<AFertilizerInjector>(AFertilizerInjector::StaticClass(), Location, FRotator::ZeroRotator);
			                                                                                     ^
C:\Users\allen\Desktop\Alexander\Alexander\Source\Alexander\Public\PlanetaryFarmingSystem.h(19,7): note: see declaration of 'AFertilizerInjector'
class AFertilizerInjector;
      ^
C:\Users\allen\Desktop\Alexander\Alexander\Source\Alexander\Private\PlanetaryFarmingSystem.cpp(305,67): error C2440: '=': cannot convert from 'T *' to 'AActor *'
        with
        [
            T=AFertilizerInjector
        ]
			NewInfrastructure = GetWorld()->SpawnActor<AFertilizerInjector>(AFertilizerInjector::StaticClass(), Location, FRotator::ZeroRotator);
			                                                               ^
C:\Users\allen\Desktop\Alexander\Alexander\Source\Alexander\Private\PlanetaryFarmingSystem.cpp(305,67): note: Types pointed to are unrelated; conversion requires reinterpret_cast, C-style cast or parenthesized function-style cast
C:\Users\allen\Desktop\Alexander\Alexander\Source\Alexander\Private\PlanetaryFarmingSystem.cpp(309,83): error C2027: use of undefined type 'AHarvestingDrone'
			NewInfrastructure = GetWorld()->SpawnActor<AHarvestingDrone>(AHarvestingDrone::StaticClass(), Location, FRotator::ZeroRotator);
			                                                                               ^
C:\Users\allen\Desktop\Alexander\Alexander\Source\Alexander\Public\PlanetaryFarmingSystem.h(20,7): note: see declaration of 'AHarvestingDrone'
class AHarvestingDrone;
      ^
C:\Users\allen\Desktop\Alexander\Alexander\Source\Alexander\Private\PlanetaryFarmingSystem.cpp(309,64): error C2440: '=': cannot convert from 'T *' to 'AActor *'
        with
        [
            T=AHarvestingDrone
        ]
			NewInfrastructure = GetWorld()->SpawnActor<AHarvestingDrone>(AHarvestingDrone::StaticClass(), Location, FRotator::ZeroRotator);
			                                                            ^
C:\Users\allen\Desktop\Alexander\Alexander\Source\Alexander\Private\PlanetaryFarmingSystem.cpp(309,64): note: Types pointed to are unrelated; conversion requires reinterpret_cast, C-style cast or parenthesized function-style cast
C:\Users\allen\Desktop\Alexander\Alexander\Source\Alexander\Private\PlanetaryFarmingSystem.cpp(321,30): error C2039: 'Add': is not a member of 'FActorArray'
		InfrastructureByType[Type].Add(NewInfrastructure);
		                           ^
C:\Users\allen\Desktop\Alexander\Alexander\Source\Alexander\Public\PlanetaryFarmingSystem.h(219,8): note: see declaration of 'FActorArray'
struct FActorArray
       ^
C:\Users\allen\Desktop\Alexander\Alexander\Source\Alexander\Private\PlanetaryFarmingSystem.cpp(361,25): error C2039: 'PlotID': is not a member of 'AFarmPlot'
			ReadyPlots.Add(Plot->PlotID);
			                     ^
C:\Users\allen\Desktop\Alexander\Alexander\Source\Alexander\Public\FarmPlot.h(241,21): note: see declaration of 'AFarmPlot'
class ALEXANDER_API AFarmPlot : public AActor
                    ^
C:\Users\allen\Desktop\Alexander\Alexander\Source\Alexander\Private\PlanetaryFarmingSystem.cpp(382,13): error C2039: 'CurrentCrop': is not a member of 'AFarmPlot'
		if (Plot->CurrentCrop != nullptr)
		          ^
C:\Users\allen\Desktop\Alexander\Alexander\Source\Alexander\Public\FarmPlot.h(241,21): note: see declaration of 'AFarmPlot'
class ALEXANDER_API AFarmPlot : public AActor
                    ^
C:\Users\allen\Desktop\Alexander\Alexander\Source\Alexander\Private\PlanetaryFarmingSystem.cpp(385,30): error C2039: 'CurrentCrop': is not a member of 'AFarmPlot'
			UniqueCropTypes.Add(Plot->CurrentCrop->CropType);
			                          ^
C:\Users\allen\Desktop\Alexander\Alexander\Source\Alexander\Public\FarmPlot.h(241,21): note: see declaration of 'AFarmPlot'
class ALEXANDER_API AFarmPlot : public AActor
                    ^
C:\Users\allen\Desktop\Alexander\Alexander\Source\Alexander\Private\PlanetaryFarmingSystem.cpp(393,36): error C2039: 'CropsPlanted': is not a member of 'AFarmPlot'
		Stats.TotalCropsPlanted += Plot->CropsPlanted;
		                                 ^
C:\Users\allen\Desktop\Alexander\Alexander\Source\Alexander\Public\FarmPlot.h(241,21): note: see declaration of 'AFarmPlot'
class ALEXANDER_API AFarmPlot : public AActor
                    ^
C:\Users\allen\Desktop\Alexander\Alexander\Source\Alexander\Private\PlanetaryFarmingSystem.cpp(394,38): error C2039: 'CropsHarvested': is not a member of 'AFarmPlot'
		Stats.TotalCropsHarvested += Plot->CropsHarvested;
		                                   ^
C:\Users\allen\Desktop\Alexander\Alexander\Source\Alexander\Public\FarmPlot.h(241,21): note: see declaration of 'AFarmPlot'
class ALEXANDER_API AFarmPlot : public AActor
                    ^
C:\Users\allen\Desktop\Alexander\Alexander\Source\Alexander\Private\PlanetaryFarmingSystem.cpp(395,31): error C2039: 'CurrentYield': is not a member of 'AFarmPlot'
		Stats.CurrentYield += Plot->CurrentYield;
		                            ^
C:\Users\allen\Desktop\Alexander\Alexander\Source\Alexander\Public\FarmPlot.h(241,21): note: see declaration of 'AFarmPlot'
class ALEXANDER_API AFarmPlot : public AActor
                    ^
C:\Users\allen\Desktop\Alexander\Alexander\Source\Alexander\Private\PlanetaryFarmingSystem.cpp(396,29): error C2039: 'WaterUsed': is not a member of 'AFarmPlot'
		Stats.WaterUsage += Plot->WaterUsed;
		                          ^
C:\Users\allen\Desktop\Alexander\Alexander\Source\Alexander\Public\FarmPlot.h(241,21): note: see declaration of 'AFarmPlot'
class ALEXANDER_API AFarmPlot : public AActor
                    ^
C:\Users\allen\Desktop\Alexander\Alexander\Source\Alexander\Private\PlanetaryFarmingSystem.cpp(397,34): error C2039: 'FertilizerUsed': is not a member of 'AFarmPlot'
		Stats.FertilizerUsage += Plot->FertilizerUsed;
		                               ^
C:\Users\allen\Desktop\Alexander\Alexander\Source\Alexander\Public\FarmPlot.h(241,21): note: see declaration of 'AFarmPlot'
class ALEXANDER_API AFarmPlot : public AActor
                    ^
C:\Users\allen\Desktop\Alexander\Alexander\Source\Alexander\Private\PlanetaryFarmingSystem.cpp(411,45): error C2440: 'initializing': cannot convert from 'const ValueType *' to 'const TArray<AActor *,TSizedDefaultAllocator<32>> *'
        with
        [
            ValueType=FActorArray
        ]
	const TArray<AActor*>* InfrastructureArray = InfrastructureByType.Find(Type);
	                                           ^
C:\Users\allen\Desktop\Alexander\Alexander\Source\Alexander\Private\PlanetaryFarmingSystem.cpp(411,45): note: Types pointed to are unrelated; conversion requires reinterpret_cast, C-style cast or parenthesized function-style cast
C:\Users\allen\Desktop\Alexander\Alexander\Source\Alexander\Private\PlanetaryFarmingSystem.cpp(438,44): error C2027: use of undefined type 'UCropGrowthSystem'
	TArray<ECropTypeExtended> SuitableCrops = CropSystem->GetCropsForClimate(Temperature, Humidity);
	                                          ^
C:\Users\allen\Desktop\Alexander\Alexander\Intermediate\Build\Win64\UnrealEditor\Inc\Alexander\UHT\PlanetaryFarmingSystem.generated.h(23,7): note: see declaration of 'UCropGrowthSystem'
class UCropGrowthSystem;
      ^
C:\Users\allen\Desktop\Alexander\Alexander\Source\Alexander\Private\PlanetaryFarmingSystem.cpp(446,17): error C2027: use of undefined type 'UCropGrowthSystem'
		float Value = CropSystem->GetCropMarketValue(Crop);
		              ^
C:\Users\allen\Desktop\Alexander\Alexander\Intermediate\Build\Win64\UnrealEditor\Inc\Alexander\UHT\PlanetaryFarmingSystem.generated.h(23,7): note: see declaration of 'UCropGrowthSystem'
class UCropGrowthSystem;
      ^
C:\Users\allen\Desktop\Alexander\Alexander\Source\Alexander\Private\PlanetaryFarmingSystem.cpp(460,20): error C2039: 'CurrentCrop': is not a member of 'AFarmPlot'
	if (Plot && Plot->CurrentCrop)
	                  ^
C:\Users\allen\Desktop\Alexander\Alexander\Source\Alexander\Public\FarmPlot.h(241,21): note: see declaration of 'AFarmPlot'
class ALEXANDER_API AFarmPlot : public AActor
                    ^
C:\Users\allen\Desktop\Alexander\Alexander\Source\Alexander\Private\PlanetaryFarmingSystem.cpp(462,16): error C2039: 'CurrentCrop': is not a member of 'AFarmPlot'
		return Plot->CurrentCrop->GrowthProgress;
		             ^
C:\Users\allen\Desktop\Alexander\Alexander\Source\Alexander\Public\FarmPlot.h(241,21): note: see declaration of 'AFarmPlot'
class ALEXANDER_API AFarmPlot : public AActor
                    ^
C:\Users\allen\Desktop\Alexander\Alexander\Source\Alexander\Private\PlanetaryFarmingSystem.cpp(467,43): error C2143: syntax error: missing ';' before 'APlanetaryFarmingSystem::GetCropGrowthStage'
ECropGrowthStage APlanetaryFarmingSystem::GetCropGrowthStage(const FGuid& PlotID) const
                                          ^
C:\Users\allen\Desktop\Alexander\Alexander\Source\Alexander\Private\PlanetaryFarmingSystem.cpp(467,1): error C4430: missing type specifier - int assumed. Note: C++ does not support default-int
ECropGrowthStage APlanetaryFarmingSystem::GetCropGrowthStage(const FGuid& PlotID) const
^
C:\Users\allen\Desktop\Alexander\Alexander\Source\Alexander\Private\PlanetaryFarmingSystem.cpp(467,43): error C4430: missing type specifier - int assumed. Note: C++ does not support default-int
ECropGrowthStage APlanetaryFarmingSystem::GetCropGrowthStage(const FGuid& PlotID) const
                                          ^
C:\Users\allen\Desktop\Alexander\Alexander\Source\Alexander\Private\PlanetaryFarmingSystem.cpp(467,43): error C2556: 'int APlanetaryFarmingSystem::GetCropGrowthStage(const FGuid &) const': overloaded function differs only by return type from 'EPlanetaryCropGrowthStage APlanetaryFarmingSystem::GetCropGrowthStage(const FGuid &) const'
C:\Users\allen\Desktop\Alexander\Alexander\Source\Alexander\Public\PlanetaryFarmingSystem.h(310,28): note: see declaration of 'APlanetaryFarmingSystem::GetCropGrowthStage'
	EPlanetaryCropGrowthStage GetCropGrowthStage(const FGuid& PlotID) const;
	                          ^
C:\Users\allen\Desktop\Alexander\Alexander\Source\Alexander\Private\PlanetaryFarmingSystem.cpp(467,43): error C2371: 'APlanetaryFarmingSystem::GetCropGrowthStage': redefinition; different basic types
ECropGrowthStage APlanetaryFarmingSystem::GetCropGrowthStage(const FGuid& PlotID) const
                                          ^
C:\Users\allen\Desktop\Alexander\Alexander\Source\Alexander\Public\PlanetaryFarmingSystem.h(310,28): note: see declaration of 'APlanetaryFarmingSystem::GetCropGrowthStage'
	EPlanetaryCropGrowthStage GetCropGrowthStage(const FGuid& PlotID) const;
	                          ^
C:\Users\allen\Desktop\Alexander\Alexander\Source\Alexander\Private\PlanetaryFarmingSystem.cpp(470,20): error C2039: 'CurrentCrop': is not a member of 'AFarmPlot'
	if (Plot && Plot->CurrentCrop)
	                  ^
C:\Users\allen\Desktop\Alexander\Alexander\Source\Alexander\Public\FarmPlot.h(241,21): note: see declaration of 'AFarmPlot'
class ALEXANDER_API AFarmPlot : public AActor
                    ^
C:\Users\allen\Desktop\Alexander\Alexander\Source\Alexander\Private\PlanetaryFarmingSystem.cpp(472,16): error C2039: 'CurrentCrop': is not a member of 'AFarmPlot'
		return Plot->CurrentCrop->GetGrowthStage();
		             ^
C:\Users\allen\Desktop\Alexander\Alexander\Source\Alexander\Public\FarmPlot.h(241,21): note: see declaration of 'AFarmPlot'
class ALEXANDER_API AFarmPlot : public AActor
                    ^
C:\Users\allen\Desktop\Alexander\Alexander\Source\Alexander\Private\PlanetaryFarmingSystem.cpp(474,9): error C2825: 'ECropGrowthStage': must be a class or namespace when followed by '::'
	return ECropGrowthStage::Seed;
	       ^
C:\Users\allen\Desktop\Alexander\Alexander\Source\Alexander\Private\PlanetaryFarmingSystem.cpp(474,27): error C2510: 'ECropGrowthStage': left of '::' must be a class/struct/union
	return ECropGrowthStage::Seed;
	                         ^
C:\Users\allen\Desktop\Alexander\Alexander\Source\Alexander\Private\PlanetaryFarmingSystem.cpp(474,27): error C2065: 'Seed': undeclared identifier
C:\Users\allen\Desktop\Alexander\Alexander\Source\Alexander\Private\PlanetaryFarmingSystem.cpp(505,23): error C2039: 'CurrentCrop': is not a member of 'AFarmPlot'
		if (!Plot || !Plot->CurrentCrop)
		                    ^
C:\Users\allen\Desktop\Alexander\Alexander\Source\Alexander\Public\FarmPlot.h(241,21): note: see declaration of 'AFarmPlot'
class ALEXANDER_API AFarmPlot : public AActor
                    ^
C:\Users\allen\Desktop\Alexander\Alexander\Source\Alexander\Private\PlanetaryFarmingSystem.cpp(511,13): error C2039: 'SoilMoisture': is not a member of 'AFarmPlot'
		if (Plot->SoilMoisture < 0.3f)
		          ^
C:\Users\allen\Desktop\Alexander\Alexander\Source\Alexander\Public\FarmPlot.h(241,21): note: see declaration of 'AFarmPlot'
class ALEXANDER_API AFarmPlot : public AActor
                    ^
C:\Users\allen\Desktop\Alexander\Alexander\Source\Alexander\Private\PlanetaryFarmingSystem.cpp(513,30): error C2039: 'CalculateWaterNeeded': is not a member of 'AFarmPlot'
			float WaterNeeded = Plot->CalculateWaterNeeded();
			                          ^
C:\Users\allen\Desktop\Alexander\Alexander\Source\Alexander\Public\FarmPlot.h(241,21): note: see declaration of 'AFarmPlot'
class ALEXANDER_API AFarmPlot : public AActor
                    ^
C:\Users\allen\Desktop\Alexander\Alexander\Source\Alexander\Private\PlanetaryFarmingSystem.cpp(514,20): error C2039: 'PlotID': is not a member of 'AFarmPlot'
			WaterPlot(Plot->PlotID, WaterNeeded);
			                ^
C:\Users\allen\Desktop\Alexander\Alexander\Source\Alexander\Public\FarmPlot.h(241,21): note: see declaration of 'AFarmPlot'
class ALEXANDER_API AFarmPlot : public AActor
                    ^
C:\Users\allen\Desktop\Alexander\Alexander\Source\Alexander\Private\PlanetaryFarmingSystem.cpp(518,13): error C2039: 'SoilNutrients': is not a member of 'AFarmPlot'
		if (Plot->SoilNutrients < 0.2f)
		          ^
C:\Users\allen\Desktop\Alexander\Alexander\Source\Alexander\Public\FarmPlot.h(241,21): note: see declaration of 'AFarmPlot'
class ALEXANDER_API AFarmPlot : public AActor
                    ^
C:\Users\allen\Desktop\Alexander\Alexander\Source\Alexander\Private\PlanetaryFarmingSystem.cpp(520,35): error C2039: 'CalculateFertilizerNeeded': is not a member of 'AFarmPlot'
			float FertilizerNeeded = Plot->CalculateFertilizerNeeded();
			                               ^
C:\Users\allen\Desktop\Alexander\Alexander\Source\Alexander\Public\FarmPlot.h(241,21): note: see declaration of 'AFarmPlot'
class ALEXANDER_API AFarmPlot : public AActor
                    ^
C:\Users\allen\Desktop\Alexander\Alexander\Source\Alexander\Private\PlanetaryFarmingSystem.cpp(521,24): error C2039: 'PlotID': is not a member of 'AFarmPlot'
			FertilizePlot(Plot->PlotID, FertilizerNeeded, TEXT("Basic"));
			                    ^
C:\Users\allen\Desktop\Alexander\Alexander\Source\Alexander\Public\FarmPlot.h(241,21): note: see declaration of 'AFarmPlot'
class ALEXANDER_API AFarmPlot : public AActor
                    ^
C:\Users\allen\Desktop\Alexander\Alexander\Source\Alexander\Private\PlanetaryFarmingSystem.cpp(535,23): error C2027: use of undefined type 'UCropGrowthSystem'
	FCropData CropData = CropSystem->GetCropData(CropType);
	                     ^
C:\Users\allen\Desktop\Alexander\Alexander\Intermediate\Build\Win64\UnrealEditor\Inc\Alexander\UHT\PlanetaryFarmingSystem.generated.h(23,7): note: see declaration of 'UCropGrowthSystem'
class UCropGrowthSystem;
      ^
[10/28] Compile [x64] PlanetaryFarmingSystemTest.cpp
C:\Users\allen\Desktop\Alexander\Alexander\Source\Alexander\Tests\PlanetaryFarmingSystemTest.cpp(21,1): error C2838: 'ApplicationContextMask': illegal qualified name in member declaration
IMPLEMENT_SIMPLE_AUTOMATION_TEST(FLandClaimManagerTest, "Alexander.PlanetaryFarming.LandClaimManager", EAutomationTestFlags::ApplicationContextMask | EAutomationTestFlags::ProductFilter)
^
C:\Users\allen\Desktop\Alexander\Alexander\Source\Alexander\Tests\PlanetaryFarmingSystemTest.cpp(21,1): error C2065: 'ApplicationContextMask': undeclared identifier
C:\Users\allen\Desktop\Alexander\Alexander\Source\Alexander\Tests\PlanetaryFarmingSystemTest.cpp(90,1): error C2838: 'ApplicationContextMask': illegal qualified name in member declaration
IMPLEMENT_SIMPLE_AUTOMATION_TEST(FCropGrowthSystemTest, "Alexander.PlanetaryFarming.CropGrowthSystem", EAutomationTestFlags::ApplicationContextMask | EAutomationTestFlags::ProductFilter)
^
C:\Users\allen\Desktop\Alexander\Alexander\Source\Alexander\Tests\PlanetaryFarmingSystemTest.cpp(90,1): error C2065: 'ApplicationContextMask': undeclared identifier
C:\Users\allen\Desktop\Alexander\Alexander\Source\Alexander\Tests\PlanetaryFarmingSystemTest.cpp(102,9): error C2065: 'ECropTypeExtendedExtended': undeclared identifier
	TArray<ECropTypeExtendedExtended> AllCrops = CropSystem->GetAllAvailableCrops();
	       ^
C:\Users\allen\Desktop\Alexander\Alexander\Source\Alexander\Tests\PlanetaryFarmingSystemTest.cpp(102,2): error C2923: 'TArray': 'ECropTypeExtendedExtended' is not a valid template type argument for parameter 'InElementType'
	TArray<ECropTypeExtendedExtended> AllCrops = CropSystem->GetAllAvailableCrops();
	^
C:\Users\allen\Desktop\Alexander\Alexander\Source\Alexander\Tests\PlanetaryFarmingSystemTest.cpp(102,9): note: see declaration of 'ECropTypeExtendedExtended'
	TArray<ECropTypeExtendedExtended> AllCrops = CropSystem->GetAllAvailableCrops();
	       ^
C:\Users\allen\Desktop\Alexander\Alexander\Source\Alexander\Tests\PlanetaryFarmingSystemTest.cpp(102,2): error C2976: 'TArray': too few template arguments
	TArray<ECropTypeExtendedExtended> AllCrops = CropSystem->GetAllAvailableCrops();
	^
C:\Program Files\Epic Games\UE_5.6\Engine\Source\Runtime\Core\Public\Containers\Array.h(651,7): note: see declaration of 'TArray'
class TArray
      ^
C:\Users\allen\Desktop\Alexander\Alexander\Source\Alexander\Tests\PlanetaryFarmingSystemTest.cpp(106,60): error C2653: 'ECropTypeExtendedExtended': is not a class or namespace name
	FCropGrowthData WheatData = CropSystem->GetCropGrowthData(ECropTypeExtendedExtended::Wheat);
	                                                          ^
C:\Users\allen\Desktop\Alexander\Alexander\Source\Alexander\Tests\PlanetaryFarmingSystemTest.cpp(106,87): error C2065: 'Wheat': undeclared identifier
	FCropGrowthData WheatData = CropSystem->GetCropGrowthData(ECropTypeExtendedExtended::Wheat);
	                                                                                     ^
C:\Users\allen\Desktop\Alexander\Alexander\Source\Alexander\Tests\PlanetaryFarmingSystemTest.cpp(112,9): error C2065: 'ECropTypeExtendedExtended': undeclared identifier
	TArray<ECropTypeExtendedExtended> FoodCrops = CropSystem->GetCropsByCategory(TEXT("Food"));
	       ^
C:\Users\allen\Desktop\Alexander\Alexander\Source\Alexander\Tests\PlanetaryFarmingSystemTest.cpp(112,2): error C2923: 'TArray': 'ECropTypeExtendedExtended' is not a valid template type argument for parameter 'InElementType'
	TArray<ECropTypeExtendedExtended> FoodCrops = CropSystem->GetCropsByCategory(TEXT("Food"));
	^
C:\Users\allen\Desktop\Alexander\Alexander\Source\Alexander\Tests\PlanetaryFarmingSystemTest.cpp(112,9): note: see declaration of 'ECropTypeExtendedExtended'
	TArray<ECropTypeExtendedExtended> FoodCrops = CropSystem->GetCropsByCategory(TEXT("Food"));
	       ^
C:\Users\allen\Desktop\Alexander\Alexander\Source\Alexander\Tests\PlanetaryFarmingSystemTest.cpp(112,2): error C2976: 'TArray': too few template arguments
	TArray<ECropTypeExtendedExtended> FoodCrops = CropSystem->GetCropsByCategory(TEXT("Food"));
	^
C:\Program Files\Epic Games\UE_5.6\Engine\Source\Runtime\Core\Public\Containers\Array.h(651,7): note: see declaration of 'TArray'
class TArray
      ^
C:\Users\allen\Desktop\Alexander\Alexander\Source\Alexander\Tests\PlanetaryFarmingSystemTest.cpp(115,9): error C2065: 'ECropTypeExtendedExtended': undeclared identifier
	TArray<ECropTypeExtendedExtended> MedicalCrops = CropSystem->GetCropsByCategory(TEXT("Medical"));
	       ^
C:\Users\allen\Desktop\Alexander\Alexander\Source\Alexander\Tests\PlanetaryFarmingSystemTest.cpp(115,2): error C2923: 'TArray': 'ECropTypeExtendedExtended' is not a valid template type argument for parameter 'InElementType'
	TArray<ECropTypeExtendedExtended> MedicalCrops = CropSystem->GetCropsByCategory(TEXT("Medical"));
	^
C:\Users\allen\Desktop\Alexander\Alexander\Source\Alexander\Tests\PlanetaryFarmingSystemTest.cpp(115,9): note: see declaration of 'ECropTypeExtendedExtended'
	TArray<ECropTypeExtendedExtended> MedicalCrops = CropSystem->GetCropsByCategory(TEXT("Medical"));
	       ^
C:\Users\allen\Desktop\Alexander\Alexander\Source\Alexander\Tests\PlanetaryFarmingSystemTest.cpp(115,2): error C2976: 'TArray': too few template arguments
	TArray<ECropTypeExtendedExtended> MedicalCrops = CropSystem->GetCropsByCategory(TEXT("Medical"));
	^
C:\Program Files\Epic Games\UE_5.6\Engine\Source\Runtime\Core\Public\Containers\Array.h(651,7): note: see declaration of 'TArray'
class TArray
      ^
C:\Users\allen\Desktop\Alexander\Alexander\Source\Alexander\Tests\PlanetaryFarmingSystemTest.cpp(118,9): error C2065: 'ECropTypeExtendedExtended': undeclared identifier
	TArray<ECropTypeExtendedExtended> IndustrialCrops = CropSystem->GetCropsByCategory(TEXT("Industrial"));
	       ^
C:\Users\allen\Desktop\Alexander\Alexander\Source\Alexander\Tests\PlanetaryFarmingSystemTest.cpp(118,2): error C2923: 'TArray': 'ECropTypeExtendedExtended' is not a valid template type argument for parameter 'InElementType'
	TArray<ECropTypeExtendedExtended> IndustrialCrops = CropSystem->GetCropsByCategory(TEXT("Industrial"));
	^
C:\Users\allen\Desktop\Alexander\Alexander\Source\Alexander\Tests\PlanetaryFarmingSystemTest.cpp(118,9): note: see declaration of 'ECropTypeExtendedExtended'
	TArray<ECropTypeExtendedExtended> IndustrialCrops = CropSystem->GetCropsByCategory(TEXT("Industrial"));
	       ^
C:\Users\allen\Desktop\Alexander\Alexander\Source\Alexander\Tests\PlanetaryFarmingSystemTest.cpp(118,2): error C2976: 'TArray': too few template arguments
	TArray<ECropTypeExtendedExtended> IndustrialCrops = CropSystem->GetCropsByCategory(TEXT("Industrial"));
	^
C:\Program Files\Epic Games\UE_5.6\Engine\Source\Runtime\Core\Public\Containers\Array.h(651,7): note: see declaration of 'TArray'
class TArray
      ^
C:\Users\allen\Desktop\Alexander\Alexander\Source\Alexander\Tests\PlanetaryFarmingSystemTest.cpp(122,9): error C2065: 'ECropTypeExtendedExtended': undeclared identifier
	TArray<ECropTypeExtendedExtended> SuitableCrops = CropSystem->GetCropsForEnvironment(20.0f, 0.6f, 0.8f);
	       ^
C:\Users\allen\Desktop\Alexander\Alexander\Source\Alexander\Tests\PlanetaryFarmingSystemTest.cpp(122,2): error C2923: 'TArray': 'ECropTypeExtendedExtended' is not a valid template type argument for parameter 'InElementType'
	TArray<ECropTypeExtendedExtended> SuitableCrops = CropSystem->GetCropsForEnvironment(20.0f, 0.6f, 0.8f);
	^
C:\Users\allen\Desktop\Alexander\Alexander\Source\Alexander\Tests\PlanetaryFarmingSystemTest.cpp(122,9): note: see declaration of 'ECropTypeExtendedExtended'
	TArray<ECropTypeExtendedExtended> SuitableCrops = CropSystem->GetCropsForEnvironment(20.0f, 0.6f, 0.8f);
	       ^
C:\Users\allen\Desktop\Alexander\Alexander\Source\Alexander\Tests\PlanetaryFarmingSystemTest.cpp(122,2): error C2976: 'TArray': too few template arguments
	TArray<ECropTypeExtendedExtended> SuitableCrops = CropSystem->GetCropsForEnvironment(20.0f, 0.6f, 0.8f);
	^
C:\Program Files\Epic Games\UE_5.6\Engine\Source\Runtime\Core\Public\Containers\Array.h(651,7): note: see declaration of 'TArray'
class TArray
      ^
C:\Users\allen\Desktop\Alexander\Alexander\Source\Alexander\Tests\PlanetaryFarmingSystemTest.cpp(126,53): error C2653: 'ECropTypeExtendedExtended': is not a class or namespace name
	float GrowthRate = CropSystem->CalculateGrowthRate(ECropTypeExtendedExtended::Wheat, 20.0f, 0.6f, 0.7f, 0.8f, EFertilizerType::Basic);
	                                                   ^
C:\Users\allen\Desktop\Alexander\Alexander\Source\Alexander\Tests\PlanetaryFarmingSystemTest.cpp(126,80): error C2065: 'Wheat': undeclared identifier
	float GrowthRate = CropSystem->CalculateGrowthRate(ECropTypeExtendedExtended::Wheat, 20.0f, 0.6f, 0.7f, 0.8f, EFertilizerType::Basic);
	                                                                              ^
C:\Users\allen\Desktop\Alexander\Alexander\Source\Alexander\Tests\PlanetaryFarmingSystemTest.cpp(130,53): error C2653: 'ECropTypeExtendedExtended': is not a class or namespace name
	float WaterNeeds = CropSystem->CalculateWaterNeeds(ECropTypeExtendedExtended::Wheat, 20.0f, 0.6f, 0.5f);
	                                                   ^
C:\Users\allen\Desktop\Alexander\Alexander\Source\Alexander\Tests\PlanetaryFarmingSystemTest.cpp(130,80): error C2065: 'Wheat': undeclared identifier
	float WaterNeeds = CropSystem->CalculateWaterNeeds(ECropTypeExtendedExtended::Wheat, 20.0f, 0.6f, 0.5f);
	                                                                              ^
C:\Users\allen\Desktop\Alexander\Alexander\Source\Alexander\Tests\PlanetaryFarmingSystemTest.cpp(134,59): error C2653: 'ECropTypeExtendedExtended': is not a class or namespace name
	float NutrientNeeds = CropSystem->CalculateNutrientNeeds(ECropTypeExtendedExtended::Wheat, 0.5f);
	                                                         ^
C:\Users\allen\Desktop\Alexander\Alexander\Source\Alexander\Tests\PlanetaryFarmingSystemTest.cpp(134,86): error C2065: 'Wheat': undeclared identifier
	float NutrientNeeds = CropSystem->CalculateNutrientNeeds(ECropTypeExtendedExtended::Wheat, 0.5f);
	                                                                                    ^
C:\Users\allen\Desktop\Alexander\Alexander\Source\Alexander\Tests\PlanetaryFarmingSystemTest.cpp(139,22): error C2653: 'ECropTypeExtendedExtended': is not a class or namespace name
	TestCrop.CropType = ECropTypeExtendedExtended::Wheat;
	                    ^
C:\Users\allen\Desktop\Alexander\Alexander\Source\Alexander\Tests\PlanetaryFarmingSystemTest.cpp(139,49): error C2065: 'Wheat': undeclared identifier
	TestCrop.CropType = ECropTypeExtendedExtended::Wheat;
	                                               ^
C:\Users\allen\Desktop\Alexander\Alexander\Source\Alexander\Tests\PlanetaryFarmingSystemTest.cpp(170,59): error C2653: 'ECropTypeExtendedExtended': is not a class or namespace name
	FCropGrowthData CropData = CropSystem->GetCropGrowthData(ECropTypeExtendedExtended::Wheat);
	                                                         ^
C:\Users\allen\Desktop\Alexander\Alexander\Source\Alexander\Tests\PlanetaryFarmingSystemTest.cpp(170,86): error C2065: 'Wheat': undeclared identifier
	FCropGrowthData CropData = CropSystem->GetCropGrowthData(ECropTypeExtendedExtended::Wheat);
	                                                                                    ^
C:\Users\allen\Desktop\Alexander\Alexander\Source\Alexander\Tests\PlanetaryFarmingSystemTest.cpp(181,1): error C2838: 'ApplicationContextMask': illegal qualified name in member declaration
IMPLEMENT_SIMPLE_AUTOMATION_TEST(FPlanetaryFarmingSystemTest, "Alexander.PlanetaryFarming.PlanetaryFarmingSystem", EAutomationTestFlags::ApplicationContextMask | EAutomationTestFlags::ProductFilter)
^
C:\Users\allen\Desktop\Alexander\Alexander\Source\Alexander\Tests\PlanetaryFarmingSystemTest.cpp(181,1): error C2065: 'ApplicationContextMask': undeclared identifier
C:\Users\allen\Desktop\Alexander\Alexander\Source\Alexander\Tests\PlanetaryFarmingSystemTest.cpp(280,1): error C2838: 'ApplicationContextMask': illegal qualified name in member declaration
IMPLEMENT_SIMPLE_AUTOMATION_TEST(FBaseBuildingManagerTest, "Alexander.PlanetaryFarming.BaseBuildingManager", EAutomationTestFlags::ApplicationContextMask | EAutomationTestFlags::ProductFilter)
^
C:\Users\allen\Desktop\Alexander\Alexander\Source\Alexander\Tests\PlanetaryFarmingSystemTest.cpp(280,1): error C2065: 'ApplicationContextMask': undeclared identifier
C:\Users\allen\Desktop\Alexander\Alexander\Source\Alexander\Tests\PlanetaryFarmingSystemTest.cpp(280,1): fatal error C1003: error count exceeds 100; stopping compilation
[11/28] Compile [x64] AsteroidMiningSystem.cpp
C:\Users\allen\Desktop\Alexander\Alexander\Source\Alexander\Private\AsteroidMiningSystem.cpp(243,8): error C2059: syntax error: 'static_assert'
 242 		UE_LOG(LogTemp, Warning, TEXT("WARNING: Average mining time test - %.2f seconds/asteroid (expected 5-30)"), AvgTimePerAsteroid);
     		^
C:\Users\allen\Desktop\Alexander\Alexander\Source\Alexander\Private\AsteroidMiningSystem.cpp(244,7): error C2143: syntax error: missing ';' before '}'
 243 	}
     	^
C:\Users\allen\Desktop\Alexander\Alexander\Source\Alexander\Private\AsteroidMiningSystem.cpp(245,2): error C2059: syntax error: 'constant'
 244 	else
 ^
C:\Users\allen\Desktop\Alexander\Alexander\Source\Alexander\Private\AsteroidMiningSystem.cpp(246,7): error C2143: syntax error: missing ';' before '{'
 245 	{
     	^
C:\Users\allen\Desktop\Alexander\Alexander\Source\Alexander\Private\AsteroidMiningSystem.cpp(246,7): error C2447: '{': missing function header (old-style formal list?)
C:\Users\allen\Desktop\Alexander\Alexander\Source\Alexander\Private\AsteroidMiningSystem.cpp(249,2): error C2059: syntax error: 'constant'
 248 	UE_LOG(LogTemp, Log, TEXT(" Statistics tracking test PASSED"));
 ^
C:\Users\allen\Desktop\Alexander\Alexander\Source\Alexander\Private\AsteroidMiningSystem.cpp(249,7): error C2143: syntax error: missing ';' before '{'
 248 	UE_LOG(LogTemp, Log, TEXT(" Statistics tracking test PASSED"));
     	^
C:\Users\allen\Desktop\Alexander\Alexander\Source\Alexander\Private\AsteroidMiningSystem.cpp(249,7): error C2447: '{': missing function header (old-style formal list?)
C:\Users\allen\Desktop\Alexander\Alexander\Source\Alexander\Private\AsteroidMiningSystem.cpp(251,2): error C2059: syntax error: 'constant'
 250 	// Record performance metrics
 ^
C:\Users\allen\Desktop\Alexander\Alexander\Source\Alexander\Private\AsteroidMiningSystem.cpp(253,2): error C2059: syntax error: 'constant'
 252 	OutResult.PerformanceMetrics.Add(TEXT("LaserTypesTested"), LaserPowerMap.Num());
 ^
C:\Users\allen\Desktop\Alexander\Alexander\Source\Alexander\Private\AsteroidMiningSystem.cpp(254,2): error C2059: syntax error: 'constant'
 253 	OutResult.PerformanceMetrics.Add(TEXT("EfficiencyTiersTested"), 4);
 ^
C:\Users\allen\Desktop\Alexander\Alexander\Source\Alexander\Private\AsteroidMiningSystem.cpp(255,2): error C2059: syntax error: 'constant'
 254 	OutResult.PerformanceMetrics.Add(TEXT("AsteroidsMined"), TotalAsteroidsMined);
 ^
C:\Users\allen\Desktop\Alexander\Alexander\Source\Alexander\Private\AsteroidMiningSystem.cpp(256,2): error C2059: syntax error: 'constant'
 255 	OutResult.PerformanceMetrics.Add(TEXT("TotalMiningTime"), TotalMiningTime);
 ^
C:\Users\allen\Desktop\Alexander\Alexander\Source\Alexander\Private\AsteroidMiningSystem.cpp(258,2): error C2059: syntax error: 'constant'
 257 	UE_LOG(LogTemp, Log, TEXT("=== Asteroid Mining System test PASSED ==="));
 ^
C:\Users\allen\Desktop\Alexander\Alexander\Source\Alexander\Private\AsteroidMiningSystem.cpp(258,7): error C2143: syntax error: missing ';' before '{'
 257 	UE_LOG(LogTemp, Log, TEXT("=== Asteroid Mining System test PASSED ==="));
     	^
C:\Users\allen\Desktop\Alexander\Alexander\Source\Alexander\Private\AsteroidMiningSystem.cpp(258,7): error C2447: '{': missing function header (old-style formal list?)
C:\Users\allen\Desktop\Alexander\Alexander\Source\Alexander\Private\AsteroidMiningSystem.cpp(259,2): error C2059: syntax error: 'constant'
 258 	return true;
 ^
C:\Users\allen\Desktop\Alexander\Alexander\Source\Alexander\Private\AsteroidMiningSystem.cpp(260,2): error C2059: syntax error: 'constant'
 259 }
 ^
C:\Users\allen\Desktop\Alexander\Alexander\Source\Alexander\Private\AsteroidMiningSystem.cpp(260,6): error C2143: syntax error: missing ';' before '}'
 259 }
     ^
C:\Users\allen\Desktop\Alexander\Alexander\Source\Alexander\Private\AsteroidMiningSystem.cpp(260,6): error C2059: syntax error: '}'
C:\Users\allen\Desktop\Alexander\Alexander\Source\Alexander\Private\AsteroidMiningSystem.cpp(263,6): error C2143: syntax error: missing ';' before '{'
 262 {
     ^
C:\Users\allen\Desktop\Alexander\Alexander\Source\Alexander\Private\AsteroidMiningSystem.cpp(263,6): error C2447: '{': missing function header (old-style formal list?)
C:\Users\allen\Desktop\Alexander\Alexander\Source\Alexander\Private\AsteroidMiningSystem.cpp(267,2): error C2059: syntax error: 'constant'
 266 FString UAsteroidMiningSystem::GetTestDescription_Implementation() const
 ^
C:\Users\allen\Desktop\Alexander\Alexander\Source\Alexander\Private\AsteroidMiningSystem.cpp(268,6): error C2143: syntax error: missing ';' before '{'
 267 {
     ^
C:\Users\allen\Desktop\Alexander\Alexander\Source\Alexander\Private\AsteroidMiningSystem.cpp(268,6): error C2447: '{': missing function header (old-style formal list?)
C:\Users\allen\Desktop\Alexander\Alexander\Source\Alexander\Private\AsteroidMiningSystem.cpp(272,2): error C2059: syntax error: 'constant'
 271 bool UAsteroidMiningSystem::IsReadyForTesting_Implementation() const
 ^
C:\Users\allen\Desktop\Alexander\Alexander\Source\Alexander\Private\AsteroidMiningSystem.cpp(273,6): error C2143: syntax error: missing ';' before '{'
 272 {
     ^
C:\Users\allen\Desktop\Alexander\Alexander\Source\Alexander\Private\AsteroidMiningSystem.cpp(273,6): error C2447: '{': missing function header (old-style formal list?)
C:\Users\allen\Desktop\Alexander\Alexander\Source\Alexander\Private\AsteroidMiningSystem.cpp(276,2): error C2059: syntax error: 'constant'
 275 //~ End ISystemSelfTestInterface interface
 ^
C:\Users\allen\Desktop\Alexander\Alexander\Source\Alexander\Private\AsteroidMiningSystem.cpp(279,6): error C2143: syntax error: missing ';' before '{'
 278 {
     ^
C:\Users\allen\Desktop\Alexander\Alexander\Source\Alexander\Private\AsteroidMiningSystem.cpp(279,6): error C2447: '{': missing function header (old-style formal list?)
[12/28] Compile [x64] InventoryManager.cpp
C:\Users\allen\Desktop\Alexander\Alexander\Source\Alexander\Private\InventoryManager.cpp(389,33): error C2440: 'initializing': cannot convert from 'ValueType' to 'TArray<FGuid,FDefaultAllocator> &'
        with
        [
            ValueType=FGuidArray
        ]
	TArray<FGuid>& OwnerContainers = ContainerOwnership.FindOrAdd(OwnerID);
	                               ^
C:\Users\allen\Desktop\Alexander\Alexander\Source\Alexander\Private\InventoryManager.cpp(410,33): error C2440: 'initializing': cannot convert from 'ValueType *' to 'TArray<FGuid,FDefaultAllocator> *'
        with
        [
            ValueType=FGuidArray
        ]
	TArray<FGuid>* OwnerContainers = ContainerOwnership.Find(Container->OwnerID);
	                               ^
C:\Users\allen\Desktop\Alexander\Alexander\Source\Alexander\Private\InventoryManager.cpp(410,33): note: Types pointed to are unrelated; conversion requires reinterpret_cast, C-style cast or parenthesized function-style cast
C:\Users\allen\Desktop\Alexander\Alexander\Source\Alexander\Private\InventoryManager.cpp(441,36): error C2440: 'initializing': cannot convert from 'const ValueType *' to 'const TArray<FGuid,FDefaultAllocator> *'
        with
        [
            ValueType=FGuidArray
        ]
	const TArray<FGuid>* ContainerIDs = ContainerOwnership.Find(OwnerID);
	                                  ^
C:\Users\allen\Desktop\Alexander\Alexander\Source\Alexander\Private\InventoryManager.cpp(441,36): note: Types pointed to are unrelated; conversion requires reinterpret_cast, C-style cast or parenthesized function-style cast
C:\Users\allen\Desktop\Alexander\Alexander\Source\Alexander\Private\InventoryManager.cpp(459,26): error C2084: function 'FGuid UInventoryManager::CreateContainer(EContainerType,FString,float,float,FGuid)' already has a body
FGuid UInventoryManager::CreateContainer(EContainerType ContainerType, FString ContainerName, float MaxWeight, float MaxVolume, FGuid OwnerID)
                         ^
C:\Users\allen\Desktop\Alexander\Alexander\Source\Alexander\Private\InventoryManager.cpp(375,26): note: see previous definition of 'UInventoryManager::CreateContainer'
FGuid UInventoryManager::CreateContainer(EContainerType ContainerType, FString ContainerName, float MaxWeight, float MaxVolume, FGuid OwnerID)
                         ^
C:\Users\allen\Desktop\Alexander\Alexander\Source\Alexander\Private\InventoryManager.cpp(473,40): error C2039: 'Add': is not a member of 'FGuidArray'
	ContainerOwnership.FindOrAdd(OwnerID).Add(ContainerID);
	                                      ^
C:\Users\allen\Desktop\Alexander\Alexander\Source\Alexander\Public\InventoryManager.h(201,8): note: see declaration of 'FGuidArray'
struct FGuidArray
       ^
C:\Users\allen\Desktop\Alexander\Alexander\Source\Alexander\Private\InventoryManager.cpp(483,25): error C2084: function 'bool UInventoryManager::RemoveContainer(FGuid)' already has a body
bool UInventoryManager::RemoveContainer(FGuid ContainerID)
                        ^
C:\Users\allen\Desktop\Alexander\Alexander\Source\Alexander\Private\InventoryManager.cpp(400,25): note: see previous definition of 'UInventoryManager::RemoveContainer'
bool UInventoryManager::RemoveContainer(FGuid ContainerID)
                        ^
C:\Users\allen\Desktop\Alexander\Alexander\Source\Alexander\Private\InventoryManager.cpp(493,33): error C2440: 'initializing': cannot convert from 'ValueType *' to 'TArray<FGuid,FDefaultAllocator> *'
        with
        [
            ValueType=FGuidArray
        ]
	TArray<FGuid>* OwnerContainers = ContainerOwnership.Find(Container->OwnerID);
	                               ^
C:\Users\allen\Desktop\Alexander\Alexander\Source\Alexander\Private\InventoryManager.cpp(493,33): note: Types pointed to are unrelated; conversion requires reinterpret_cast, C-style cast or parenthesized function-style cast
C:\Users\allen\Desktop\Alexander\Alexander\Source\Alexander\Private\InventoryManager.cpp(514,40): error C2084: function 'FInventoryContainer UInventoryManager::GetContainer(FGuid) const' already has a body
FInventoryContainer UInventoryManager::GetContainer(FGuid ContainerID) const
                                       ^
C:\Users\allen\Desktop\Alexander\Alexander\Source\Alexander\Private\InventoryManager.cpp(431,40): note: see previous definition of 'UInventoryManager::GetContainer'
FInventoryContainer UInventoryManager::GetContainer(FGuid ContainerID) const
                                       ^
C:\Users\allen\Desktop\Alexander\Alexander\Source\Alexander\Private\InventoryManager.cpp(520,48): error C2084: function 'TArray<FInventoryContainer,FDefaultAllocator> UInventoryManager::GetContainersForOwner(FGuid) const' already has a body
TArray<FInventoryContainer> UInventoryManager::GetContainersForOwner(FGuid OwnerID) const
                                               ^
C:\Users\allen\Desktop\Alexander\Alexander\Source\Alexander\Private\InventoryManager.cpp(437,48): note: see previous definition of 'UInventoryManager::GetContainersForOwner'
TArray<FInventoryContainer> UInventoryManager::GetContainersForOwner(FGuid OwnerID) const
                                               ^
C:\Users\allen\Desktop\Alexander\Alexander\Source\Alexander\Private\InventoryManager.cpp(524,36): error C2440: 'initializing': cannot convert from 'const ValueType *' to 'const TArray<FGuid,FDefaultAllocator> *'
        with
        [
            ValueType=FGuidArray
        ]
	const TArray<FGuid>* ContainerIDs = ContainerOwnership.Find(OwnerID);
	                                  ^
C:\Users\allen\Desktop\Alexander\Alexander\Source\Alexander\Private\InventoryManager.cpp(524,36): note: Types pointed to are unrelated; conversion requires reinterpret_cast, C-style cast or parenthesized function-style cast
C:\Users\allen\Desktop\Alexander\Alexander\Source\Alexander\Private\InventoryManager.cpp(1050,20): error C2440: 'initializing': cannot convert from 'FGuid (__cdecl UInventoryManager::* )(EContainerType,FString,float,float,FGuid)' to 'FGuid'
	FGuid ContainerID = CreateContainer(EContainerType::PortableContainer, FString::Printf(TEXT("ShipCargo_%s"), *ShipID.ToString()), MaxWeight, MaxVolume, ShipID);
	                  ^
C:\Users\allen\Desktop\Alexander\Alexander\Source\Alexander\Private\InventoryManager.cpp(1050,20): note: 'FGuid::FGuid': no overloaded function could convert all the argument types
C:\Program Files\Epic Games\UE_5.6\Engine\Source\Runtime\Core\Public\Misc\Guid.h(427,1): note: could be 'FGuid::FGuid(FGuid &&)'
};
^
C:\Users\allen\Desktop\Alexander\Alexander\Source\Alexander\Private\InventoryManager.cpp(1050,20): note: 'FGuid::FGuid(FGuid &&)': cannot convert argument 1 from 'FGuid (__cdecl UInventoryManager::* )(EContainerType,FString,float,float,FGuid)' to 'FGuid &&'
	FGuid ContainerID = CreateContainer(EContainerType::PortableContainer, FString::Printf(TEXT("ShipCargo_%s"), *ShipID.ToString()), MaxWeight, MaxVolume, ShipID);
	                  ^
C:\Users\allen\Desktop\Alexander\Alexander\Source\Alexander\Private\InventoryManager.cpp(1050,37): note: Reason: cannot convert from 'overloaded-function' to 'FGuid'
	FGuid ContainerID = CreateContainer(EContainerType::PortableContainer, FString::Printf(TEXT("ShipCargo_%s"), *ShipID.ToString()), MaxWeight, MaxVolume, ShipID);
	                                   ^
C:\Users\allen\Desktop\Alexander\Alexander\Source\Alexander\Private\InventoryManager.cpp(1050,37): note: Conversion requires a second user-defined-conversion operator or constructor
C:\Program Files\Epic Games\UE_5.6\Engine\Source\Runtime\Core\Public\Misc\Guid.h(427,1): note: or       'FGuid::FGuid(const FGuid &)'
};
^
C:\Users\allen\Desktop\Alexander\Alexander\Source\Alexander\Private\InventoryManager.cpp(1050,20): note: 'FGuid::FGuid(const FGuid &)': cannot convert argument 1 from 'FGuid (__cdecl UInventoryManager::* )(EContainerType,FString,float,float,FGuid)' to 'const FGuid &'
	FGuid ContainerID = CreateContainer(EContainerType::PortableContainer, FString::Printf(TEXT("ShipCargo_%s"), *ShipID.ToString()), MaxWeight, MaxVolume, ShipID);
	                  ^
C:\Users\allen\Desktop\Alexander\Alexander\Source\Alexander\Private\InventoryManager.cpp(1050,37): note: Reason: cannot convert from 'overloaded-function' to 'const FGuid'
	FGuid ContainerID = CreateContainer(EContainerType::PortableContainer, FString::Printf(TEXT("ShipCargo_%s"), *ShipID.ToString()), MaxWeight, MaxVolume, ShipID);
	                                   ^
C:\Users\allen\Desktop\Alexander\Alexander\Source\Alexander\Private\InventoryManager.cpp(1050,37): note: Conversion requires a second user-defined-conversion operator or constructor
C:\Users\allen\Desktop\Alexander\Alexander\Source\Alexander\Private\InventoryManager.cpp(1050,20): note: while trying to match the argument list '(overloaded-function)'
	FGuid ContainerID = CreateContainer(EContainerType::PortableContainer, FString::Printf(TEXT("ShipCargo_%s"), *ShipID.ToString()), MaxWeight, MaxVolume, ShipID);
	                  ^
C:\Users\allen\Desktop\Alexander\Alexander\Source\Alexander\Private\InventoryManager.cpp(1058,20): error C2440: 'initializing': cannot convert from 'FGuid (__cdecl UInventoryManager::* )(EContainerType,FString,float,float,FGuid)' to 'FGuid'
	FGuid ContainerID = CreateContainer(EContainerType::Silo, FString::Printf(TEXT("BaseStorage_%s"), *BaseID.ToString()), MaxWeight, MaxVolume, BaseID);
	                  ^
C:\Users\allen\Desktop\Alexander\Alexander\Source\Alexander\Private\InventoryManager.cpp(1058,20): note: 'FGuid::FGuid': no overloaded function could convert all the argument types
C:\Program Files\Epic Games\UE_5.6\Engine\Source\Runtime\Core\Public\Misc\Guid.h(427,1): note: could be 'FGuid::FGuid(FGuid &&)'
};
^
C:\Users\allen\Desktop\Alexander\Alexander\Source\Alexander\Private\InventoryManager.cpp(1058,20): note: 'FGuid::FGuid(FGuid &&)': cannot convert argument 1 from 'FGuid (__cdecl UInventoryManager::* )(EContainerType,FString,float,float,FGuid)' to 'FGuid &&'
	FGuid ContainerID = CreateContainer(EContainerType::Silo, FString::Printf(TEXT("BaseStorage_%s"), *BaseID.ToString()), MaxWeight, MaxVolume, BaseID);
	                  ^
C:\Users\allen\Desktop\Alexander\Alexander\Source\Alexander\Private\InventoryManager.cpp(1058,37): note: Reason: cannot convert from 'overloaded-function' to 'FGuid'
	FGuid ContainerID = CreateContainer(EContainerType::Silo, FString::Printf(TEXT("BaseStorage_%s"), *BaseID.ToString()), MaxWeight, MaxVolume, BaseID);
	                                   ^
C:\Users\allen\Desktop\Alexander\Alexander\Source\Alexander\Private\InventoryManager.cpp(1058,37): note: Conversion requires a second user-defined-conversion operator or constructor
C:\Program Files\Epic Games\UE_5.6\Engine\Source\Runtime\Core\Public\Misc\Guid.h(427,1): note: or       'FGuid::FGuid(const FGuid &)'
};
^
C:\Users\allen\Desktop\Alexander\Alexander\Source\Alexander\Private\InventoryManager.cpp(1058,20): note: 'FGuid::FGuid(const FGuid &)': cannot convert argument 1 from 'FGuid (__cdecl UInventoryManager::* )(EContainerType,FString,float,float,FGuid)' to 'const FGuid &'
	FGuid ContainerID = CreateContainer(EContainerType::Silo, FString::Printf(TEXT("BaseStorage_%s"), *BaseID.ToString()), MaxWeight, MaxVolume, BaseID);
	                  ^
C:\Users\allen\Desktop\Alexander\Alexander\Source\Alexander\Private\InventoryManager.cpp(1058,37): note: Reason: cannot convert from 'overloaded-function' to 'const FGuid'
	FGuid ContainerID = CreateContainer(EContainerType::Silo, FString::Printf(TEXT("BaseStorage_%s"), *BaseID.ToString()), MaxWeight, MaxVolume, BaseID);
	                                   ^
C:\Users\allen\Desktop\Alexander\Alexander\Source\Alexander\Private\InventoryManager.cpp(1058,37): note: Conversion requires a second user-defined-conversion operator or constructor
C:\Users\allen\Desktop\Alexander\Alexander\Source\Alexander\Private\InventoryManager.cpp(1058,20): note: while trying to match the argument list '(overloaded-function)'
	FGuid ContainerID = CreateContainer(EContainerType::Silo, FString::Printf(TEXT("BaseStorage_%s"), *BaseID.ToString()), MaxWeight, MaxVolume, BaseID);
	                  ^
[13/28] Compile [x64] FarmingTestStation.cpp
C:\Users\allen\Desktop\Alexander\Alexander\Source\Alexander\Public\Testing\FarmingTestStation.h(68,22): error C2838: 'MoonMelons': illegal qualified name in member declaration
		ECropTypeExtended::MoonMelons,
		                   ^
C:\Users\allen\Desktop\Alexander\Alexander\Source\Alexander\Public\Testing\FarmingTestStation.h(68,22): error C2065: 'MoonMelons': undeclared identifier
C:\Users\allen\Desktop\Alexander\Alexander\Source\Alexander\Public\Testing\FarmingTestStation.h(69,22): error C2838: 'QuantumPotatoes': illegal qualified name in member declaration
		ECropTypeExtended::QuantumPotatoes
		                   ^
C:\Users\allen\Desktop\Alexander\Alexander\Source\Alexander\Public\Testing\FarmingTestStation.h(69,22): error C2065: 'QuantumPotatoes': undeclared identifier
C:\Users\allen\Desktop\Alexander\Alexander\Source\Alexander\Private\Testing\FarmingTestStation.cpp(776,22): error C2838: 'MoonMelons': illegal qualified name in member declaration
		ECropTypeExtended::MoonMelons
		                   ^
C:\Users\allen\Desktop\Alexander\Alexander\Source\Alexander\Private\Testing\FarmingTestStation.cpp(776,22): error C2065: 'MoonMelons': undeclared identifier
[14/28] Compile [x64] PlanetaryMiningSystem.cpp
C:\Users\allen\Desktop\Alexander\Alexander\Source\Alexander\Private\PlanetaryMiningSystem.cpp(145,18): error C3861: 'CalculateMiningDuration': identifier not found
float Duration = CalculateMiningDuration(TestDeposit, EPlanetaryMiningEquipment::HandDrill);
                 ^
C:\Users\allen\Desktop\Alexander\Alexander\Source\Alexander\Private\PlanetaryMiningSystem.cpp(157,27): error C3861: 'CalculateEnergyConsumption': identifier not found
float EnergyConsumption = CalculateEnergyConsumption(Duration, EPlanetaryMiningEquipment::HandDrill);
                          ^
C:\Users\allen\Desktop\Alexander\Alexander\Source\Alexander\Private\PlanetaryMiningSystem.cpp(168,6): error C3861: 'IsEquipmentSuitableForDeposit': identifier not found
if (!IsEquipmentSuitableForDeposit(EPlanetaryMiningEquipment::HandDrill, EDepositType::Surface))
     ^
C:\Users\allen\Desktop\Alexander\Alexander\Source\Alexander\Private\PlanetaryMiningSystem.cpp(175,5): error C3861: 'IsEquipmentSuitableForDeposit': identifier not found
if (IsEquipmentSuitableForDeposit(EPlanetaryMiningEquipment::HandDrill, EDepositType::Deep))
    ^
C:\Users\allen\Desktop\Alexander\Alexander\Source\Alexander\Private\PlanetaryMiningSystem.cpp(287,10): error C2039: 'FailureReason': is not a member of 'FPlanetaryScanResult'
		Result.FailureReason = "Invalid planet";
		       ^
C:\Users\allen\Desktop\Alexander\Alexander\Source\Alexander\Public\PlanetaryMiningSystem.h(52,8): note: see declaration of 'FPlanetaryScanResult'
struct FPlanetaryScanResult
       ^
C:\Users\allen\Desktop\Alexander\Alexander\Source\Alexander\Private\PlanetaryMiningSystem.cpp(293,10): error C2039: 'FailureReason': is not a member of 'FPlanetaryScanResult'
		Result.FailureReason = "Resource gathering system not available";
		       ^
C:\Users\allen\Desktop\Alexander\Alexander\Source\Alexander\Public\PlanetaryMiningSystem.h(52,8): note: see declaration of 'FPlanetaryScanResult'
struct FPlanetaryScanResult
       ^
C:\Users\allen\Desktop\Alexander\Alexander\Source\Alexander\Private\PlanetaryMiningSystem.cpp(338,14): error C2665: 'TMapBase<KeyType,ValueType,SetAllocator,KeyFuncs>::Add': no overloaded function could convert all the argument types
        with
        [
            KeyType=TWeakObjectPtr<APlanet,FWeakObjectPtr>,
            ValueType=FPlanetScanHistory,
            SetAllocator=FDefaultSetAllocator,
            KeyFuncs=TDefaultMapHashableKeyFuncs<TWeakObjectPtr<APlanet,FWeakObjectPtr>,FPlanetScanHistory,false>
        ]
	ScanHistory.Add(Key, Result);
	            ^
C:\Program Files\Epic Games\UE_5.6\Engine\Source\Runtime\Core\Public\Containers\Map.h(411,25): note: could be 'ValueType &TMapBase<KeyType,ValueType,SetAllocator,KeyFuncs>::Add(KeyType &&,ValueType &&)'
        with
        [
            ValueType=FPlanetScanHistory,
            KeyType=TWeakObjectPtr<APlanet,FWeakObjectPtr>,
            SetAllocator=FDefaultSetAllocator,
            KeyFuncs=TDefaultMapHashableKeyFuncs<TWeakObjectPtr<APlanet,FWeakObjectPtr>,FPlanetScanHistory,false>
        ]
	FORCEINLINE ValueType& Add(		 KeyType&& InKey,		ValueType&& InValue) { return Emplace(MoveTempIfPossible(InKey), MoveTempIfPossible(InValue)); }
	                       ^
C:\Users\allen\Desktop\Alexander\Alexander\Source\Alexander\Private\PlanetaryMiningSystem.cpp(338,14): note: 'ValueType &TMapBase<KeyType,ValueType,SetAllocator,KeyFuncs>::Add(KeyType &&,ValueType &&)': cannot convert argument 1 from 'TTuple<TWeakObjectPtr<APlanet,FWeakObjectPtr>,FVector>' to 'KeyType &&'
        with
        [
            ValueType=FPlanetScanHistory,
            KeyType=TWeakObjectPtr<APlanet,FWeakObjectPtr>,
            SetAllocator=FDefaultSetAllocator,
            KeyFuncs=TDefaultMapHashableKeyFuncs<TWeakObjectPtr<APlanet,FWeakObjectPtr>,FPlanetScanHistory,false>
        ]
        and
        [
            KeyType=TWeakObjectPtr<APlanet,FWeakObjectPtr>
        ]
	ScanHistory.Add(Key, Result);
	            ^
C:\Users\allen\Desktop\Alexander\Alexander\Source\Alexander\Private\PlanetaryMiningSystem.cpp(338,18): note: Reason: cannot convert from 'TTuple<TWeakObjectPtr<APlanet,FWeakObjectPtr>,FVector>' to 'KeyType'
        with
        [
            KeyType=TWeakObjectPtr<APlanet,FWeakObjectPtr>
        ]
	ScanHistory.Add(Key, Result);
	                ^
C:\Users\allen\Desktop\Alexander\Alexander\Source\Alexander\Private\PlanetaryMiningSystem.cpp(338,18): note: No user-defined-conversion operator available that can perform this conversion, or the operator cannot be called
C:\Program Files\Epic Games\UE_5.6\Engine\Source\Runtime\Core\Public\Containers\Map.h(410,25): note: or       'ValueType &TMapBase<KeyType,ValueType,SetAllocator,KeyFuncs>::Add(KeyType &&,const ValueType &)'
        with
        [
            ValueType=FPlanetScanHistory,
            KeyType=TWeakObjectPtr<APlanet,FWeakObjectPtr>,
            SetAllocator=FDefaultSetAllocator,
            KeyFuncs=TDefaultMapHashableKeyFuncs<TWeakObjectPtr<APlanet,FWeakObjectPtr>,FPlanetScanHistory,false>
        ]
	FORCEINLINE ValueType& Add(		 KeyType&& InKey, const ValueType&  InValue) { return Emplace(MoveTempIfPossible(InKey), InValue); }
	                       ^
C:\Users\allen\Desktop\Alexander\Alexander\Source\Alexander\Private\PlanetaryMiningSystem.cpp(338,14): note: 'ValueType &TMapBase<KeyType,ValueType,SetAllocator,KeyFuncs>::Add(KeyType &&,const ValueType &)': cannot convert argument 1 from 'TTuple<TWeakObjectPtr<APlanet,FWeakObjectPtr>,FVector>' to 'KeyType &&'
        with
        [
            ValueType=FPlanetScanHistory,
            KeyType=TWeakObjectPtr<APlanet,FWeakObjectPtr>,
            SetAllocator=FDefaultSetAllocator,
            KeyFuncs=TDefaultMapHashableKeyFuncs<TWeakObjectPtr<APlanet,FWeakObjectPtr>,FPlanetScanHistory,false>
        ]
        and
        [
            KeyType=TWeakObjectPtr<APlanet,FWeakObjectPtr>
        ]
	ScanHistory.Add(Key, Result);
	            ^
C:\Users\allen\Desktop\Alexander\Alexander\Source\Alexander\Private\PlanetaryMiningSystem.cpp(338,18): note: Reason: cannot convert from 'TTuple<TWeakObjectPtr<APlanet,FWeakObjectPtr>,FVector>' to 'KeyType'
        with
        [
            KeyType=TWeakObjectPtr<APlanet,FWeakObjectPtr>
        ]
	ScanHistory.Add(Key, Result);
	                ^
C:\Users\allen\Desktop\Alexander\Alexander\Source\Alexander\Private\PlanetaryMiningSystem.cpp(338,18): note: No user-defined-conversion operator available that can perform this conversion, or the operator cannot be called
C:\Program Files\Epic Games\UE_5.6\Engine\Source\Runtime\Core\Public\Containers\Map.h(409,25): note: or       'ValueType &TMapBase<KeyType,ValueType,SetAllocator,KeyFuncs>::Add(const KeyType &,ValueType &&)'
        with
        [
            ValueType=FPlanetScanHistory,
            KeyType=TWeakObjectPtr<APlanet,FWeakObjectPtr>,
            SetAllocator=FDefaultSetAllocator,
            KeyFuncs=TDefaultMapHashableKeyFuncs<TWeakObjectPtr<APlanet,FWeakObjectPtr>,FPlanetScanHistory,false>
        ]
	FORCEINLINE ValueType& Add(const KeyType&  InKey,		ValueType&& InValue) { return Emplace(InKey, MoveTempIfPossible(InValue)); }
	                       ^
C:\Users\allen\Desktop\Alexander\Alexander\Source\Alexander\Private\PlanetaryMiningSystem.cpp(338,14): note: 'ValueType &TMapBase<KeyType,ValueType,SetAllocator,KeyFuncs>::Add(const KeyType &,ValueType &&)': cannot convert argument 1 from 'TTuple<TWeakObjectPtr<APlanet,FWeakObjectPtr>,FVector>' to 'const KeyType &'
        with
        [
            ValueType=FPlanetScanHistory,
            KeyType=TWeakObjectPtr<APlanet,FWeakObjectPtr>,
            SetAllocator=FDefaultSetAllocator,
            KeyFuncs=TDefaultMapHashableKeyFuncs<TWeakObjectPtr<APlanet,FWeakObjectPtr>,FPlanetScanHistory,false>
        ]
        and
        [
            KeyType=TWeakObjectPtr<APlanet,FWeakObjectPtr>
        ]
	ScanHistory.Add(Key, Result);
	            ^
C:\Users\allen\Desktop\Alexander\Alexander\Source\Alexander\Private\PlanetaryMiningSystem.cpp(338,18): note: Reason: cannot convert from 'TTuple<TWeakObjectPtr<APlanet,FWeakObjectPtr>,FVector>' to 'const KeyType'
        with
        [
            KeyType=TWeakObjectPtr<APlanet,FWeakObjectPtr>
        ]
	ScanHistory.Add(Key, Result);
	                ^
C:\Users\allen\Desktop\Alexander\Alexander\Source\Alexander\Private\PlanetaryMiningSystem.cpp(338,18): note: No user-defined-conversion operator available that can perform this conversion, or the operator cannot be called
C:\Program Files\Epic Games\UE_5.6\Engine\Source\Runtime\Core\Public\Containers\Map.h(408,25): note: or       'ValueType &TMapBase<KeyType,ValueType,SetAllocator,KeyFuncs>::Add(const KeyType &,const ValueType &)'
        with
        [
            ValueType=FPlanetScanHistory,
            KeyType=TWeakObjectPtr<APlanet,FWeakObjectPtr>,
            SetAllocator=FDefaultSetAllocator,
            KeyFuncs=TDefaultMapHashableKeyFuncs<TWeakObjectPtr<APlanet,FWeakObjectPtr>,FPlanetScanHistory,false>
        ]
	FORCEINLINE ValueType& Add(const KeyType&  InKey, const ValueType&  InValue) { return Emplace(InKey, InValue); }
	                       ^
C:\Users\allen\Desktop\Alexander\Alexander\Source\Alexander\Private\PlanetaryMiningSystem.cpp(338,14): note: 'ValueType &TMapBase<KeyType,ValueType,SetAllocator,KeyFuncs>::Add(const KeyType &,const ValueType &)': cannot convert argument 1 from 'TTuple<TWeakObjectPtr<APlanet,FWeakObjectPtr>,FVector>' to 'const KeyType &'
        with
        [
            ValueType=FPlanetScanHistory,
            KeyType=TWeakObjectPtr<APlanet,FWeakObjectPtr>,
            SetAllocator=FDefaultSetAllocator,
            KeyFuncs=TDefaultMapHashableKeyFuncs<TWeakObjectPtr<APlanet,FWeakObjectPtr>,FPlanetScanHistory,false>
        ]
        and
        [
            KeyType=TWeakObjectPtr<APlanet,FWeakObjectPtr>
        ]
	ScanHistory.Add(Key, Result);
	            ^
C:\Users\allen\Desktop\Alexander\Alexander\Source\Alexander\Private\PlanetaryMiningSystem.cpp(338,18): note: Reason: cannot convert from 'TTuple<TWeakObjectPtr<APlanet,FWeakObjectPtr>,FVector>' to 'const KeyType'
        with
        [
            KeyType=TWeakObjectPtr<APlanet,FWeakObjectPtr>
        ]
	ScanHistory.Add(Key, Result);
	                ^
C:\Users\allen\Desktop\Alexander\Alexander\Source\Alexander\Private\PlanetaryMiningSystem.cpp(338,18): note: No user-defined-conversion operator available that can perform this conversion, or the operator cannot be called
C:\Users\allen\Desktop\Alexander\Alexander\Source\Alexander\Private\PlanetaryMiningSystem.cpp(338,14): note: while trying to match the argument list '(TTuple<TWeakObjectPtr<APlanet,FWeakObjectPtr>,FVector>, FPlanetaryScanResult)'
	ScanHistory.Add(Key, Result);
	            ^
C:\Users\allen\Desktop\Alexander\Alexander\Source\Alexander\Private\PlanetaryMiningSystem.cpp(362,51): error C2663: 'TMapBase<KeyType,ValueType,SetAllocator,KeyFuncs>::Find': no overloaded function has valid conversion for 'this' pointer
        with
        [
            KeyType=TWeakObjectPtr<APlanet,FWeakObjectPtr>,
            ValueType=FPlanetScanHistory,
            SetAllocator=FDefaultSetAllocator,
            KeyFuncs=TDefaultMapHashableKeyFuncs<TWeakObjectPtr<APlanet,FWeakObjectPtr>,FPlanetScanHistory,false>
        ]
	const FPlanetaryScanResult* Result = ScanHistory.Find(Key);
	                                                 ^
C:\Program Files\Epic Games\UE_5.6\Engine\Source\Runtime\Core\Public\Containers\Map.h(576,45): note: could be 'const ValueType *TMapBase<KeyType,ValueType,SetAllocator,KeyFuncs>::Find(TWeakObjectPtr<const T,FWeakObjectPtr>) const'
        with
        [
            ValueType=FPlanetScanHistory,
            KeyType=TWeakObjectPtr<APlanet,FWeakObjectPtr>,
            SetAllocator=FDefaultSetAllocator,
            KeyFuncs=TDefaultMapHashableKeyFuncs<TWeakObjectPtr<APlanet,FWeakObjectPtr>,FPlanetScanHistory,false>,
            T=APlanet
        ]
	[[nodiscard]] FORCEINLINE const ValueType* Find(KeyConstPointerType Key) const
	                                           ^
C:\Users\allen\Desktop\Alexander\Alexander\Source\Alexander\Private\PlanetaryMiningSystem.cpp(362,51): note: 'const ValueType *TMapBase<KeyType,ValueType,SetAllocator,KeyFuncs>::Find(TWeakObjectPtr<const T,FWeakObjectPtr>) const': cannot convert argument 1 from 'TTuple<TWeakObjectPtr<APlanet,FWeakObjectPtr>,FVector>' to 'TWeakObjectPtr<const T,FWeakObjectPtr>'
        with
        [
            ValueType=FPlanetScanHistory,
            KeyType=TWeakObjectPtr<APlanet,FWeakObjectPtr>,
            SetAllocator=FDefaultSetAllocator,
            KeyFuncs=TDefaultMapHashableKeyFuncs<TWeakObjectPtr<APlanet,FWeakObjectPtr>,FPlanetScanHistory,false>,
            T=APlanet
        ]
        and
        [
            T=APlanet
        ]
	const FPlanetaryScanResult* Result = ScanHistory.Find(Key);
	                                                 ^
C:\Users\allen\Desktop\Alexander\Alexander\Source\Alexander\Private\PlanetaryMiningSystem.cpp(362,56): note: No user-defined-conversion operator available that can perform this conversion, or the operator cannot be called
	const FPlanetaryScanResult* Result = ScanHistory.Find(Key);
	                                                      ^
C:\Program Files\Epic Games\UE_5.6\Engine\Source\Runtime\Core\Public\Containers\Map.h(567,39): note: or       'ValueType *TMapBase<KeyType,ValueType,SetAllocator,KeyFuncs>::Find(TWeakObjectPtr<const T,FWeakObjectPtr>)'
        with
        [
            ValueType=FPlanetScanHistory,
            KeyType=TWeakObjectPtr<APlanet,FWeakObjectPtr>,
            SetAllocator=FDefaultSetAllocator,
            KeyFuncs=TDefaultMapHashableKeyFuncs<TWeakObjectPtr<APlanet,FWeakObjectPtr>,FPlanetScanHistory,false>,
            T=APlanet
        ]
	[[nodiscard]] FORCEINLINE ValueType* Find(KeyConstPointerType Key)
	                                     ^
C:\Users\allen\Desktop\Alexander\Alexander\Source\Alexander\Private\PlanetaryMiningSystem.cpp(362,51): note: 'ValueType *TMapBase<KeyType,ValueType,SetAllocator,KeyFuncs>::Find(TWeakObjectPtr<const T,FWeakObjectPtr>)': cannot convert 'this' pointer from 'TTuple<TWeakObjectPtr<APlanet,FWeakObjectPtr>,FVector>' to 'TMapBase<KeyType,ValueType,SetAllocator,KeyFuncs> &'
        with
        [
            ValueType=FPlanetScanHistory,
            KeyType=TWeakObjectPtr<APlanet,FWeakObjectPtr>,
            SetAllocator=FDefaultSetAllocator,
            KeyFuncs=TDefaultMapHashableKeyFuncs<TWeakObjectPtr<APlanet,FWeakObjectPtr>,FPlanetScanHistory,false>,
            T=APlanet
        ]
        and
        [
            KeyType=TWeakObjectPtr<APlanet,FWeakObjectPtr>,
            ValueType=FPlanetScanHistory,
            SetAllocator=FDefaultSetAllocator,
            KeyFuncs=TDefaultMapHashableKeyFuncs<TWeakObjectPtr<APlanet,FWeakObjectPtr>,FPlanetScanHistory,false>
        ]
	const FPlanetaryScanResult* Result = ScanHistory.Find(Key);
	                                                 ^
C:\Users\allen\Desktop\Alexander\Alexander\Source\Alexander\Private\PlanetaryMiningSystem.cpp(362,39): note: Conversion loses qualifiers
	const FPlanetaryScanResult* Result = ScanHistory.Find(Key);
	                                     ^
C:\Users\allen\Desktop\Alexander\Alexander\Source\Alexander\Private\PlanetaryMiningSystem.cpp(362,51): note: while trying to match the argument list '(TTuple<TWeakObjectPtr<APlanet,FWeakObjectPtr>,FVector>)'
	const FPlanetaryScanResult* Result = ScanHistory.Find(Key);
	                                                 ^
C:\Users\allen\Desktop\Alexander\Alexander\Source\Alexander\Private\PlanetaryMiningSystem.cpp(362,37): error C2440: 'initializing': cannot convert from '_T' to 'const FPlanetaryScanResult *'
        with
        [
            _T=FPlanetScanHistory *
        ]
	const FPlanetaryScanResult* Result = ScanHistory.Find(Key);
	                                   ^
C:\Users\allen\Desktop\Alexander\Alexander\Source\Alexander\Private\PlanetaryMiningSystem.cpp(362,37): note: Types pointed to are unrelated; conversion requires reinterpret_cast, C-style cast or parenthesized function-style cast
C:\Users\allen\Desktop\Alexander\Alexander\Source\Alexander\Private\PlanetaryMiningSystem.cpp(385,7): error C2664: 'bool UPlanetaryMiningSystem::IsMiningPermitted(APlanet *,FVector,EEnvironmentalImpact) const': cannot convert argument 3 from 'const float' to 'EEnvironmentalImpact'
	if (!IsMiningPermitted(Planet, Location, Params.EnvironmentalImpactMultiplier))
	     ^
C:\Users\allen\Desktop\Alexander\Alexander\Source\Alexander\Private\PlanetaryMiningSystem.cpp(385,49): note: This conversion requires an explicit cast (static_cast, C-style cast or parenthesized function-style cast)
	if (!IsMiningPermitted(Planet, Location, Params.EnvironmentalImpactMultiplier))
	                                               ^
C:\Users\allen\Desktop\Alexander\Alexander\Source\Alexander\Public\PlanetaryMiningSystem.h(330,7): note: see declaration of 'UPlanetaryMiningSystem::IsMiningPermitted'
	bool IsMiningPermitted(APlanet* Planet, FVector Location, EEnvironmentalImpact Impact) const;
	     ^
C:\Users\allen\Desktop\Alexander\Alexander\Source\Alexander\Private\PlanetaryMiningSystem.cpp(385,7): note: while trying to match the argument list '(APlanet *, FVector, const float)'
	if (!IsMiningPermitted(Planet, Location, Params.EnvironmentalImpactMultiplier))
	     ^
C:\Users\allen\Desktop\Alexander\Alexander\Source\Alexander\Private\PlanetaryMiningSystem.cpp(417,7): error C3861: 'IsEquipmentSuitableForDeposit': identifier not found
	if (!IsEquipmentSuitableForDeposit(Params.EquipmentType, TargetDeposit->DepositType))
	     ^
C:\Users\allen\Desktop\Alexander\Alexander\Source\Alexander\Private\PlanetaryMiningSystem.cpp(439,26): error C3861: 'CalculateMiningDuration': identifier not found
		Result.OperationTime = CalculateMiningDuration(*TargetDeposit, Params.EquipmentType);
		                       ^
C:\Users\allen\Desktop\Alexander\Alexander\Source\Alexander\Private\PlanetaryMiningSystem.cpp(442,27): error C3861: 'CalculateEnergyConsumption': identifier not found
		Result.EnergyConsumed = CalculateEnergyConsumption(Result.OperationTime, Params.EquipmentType);
		                        ^
C:\Users\allen\Desktop\Alexander\Alexander\Source\Alexander\Private\PlanetaryMiningSystem.cpp(445,60): error C2440: '=': cannot convert from 'float' to 'EEnvironmentalImpact'
		Result.EnvironmentalImpact = CalculateEnvironmentalImpact(Params, *TargetDeposit);
		                                                         ^
C:\Users\allen\Desktop\Alexander\Alexander\Source\Alexander\Private\PlanetaryMiningSystem.cpp(445,60): note: This conversion requires an explicit cast (static_cast, C-style cast or parenthesized function-style cast)
C:\Users\allen\Desktop\Alexander\Alexander\Source\Alexander\Private\PlanetaryMiningSystem.cpp(589,9): error C2039: 'bSuccess': is not a member of 'FMiningPermit'
	Permit.bSuccess = false;
	       ^
C:\Users\allen\Desktop\Alexander\Alexander\Source\Alexander\Public\PlanetaryMiningSystem.h(181,8): note: see declaration of 'FMiningPermit'
struct FMiningPermit
       ^
C:\Users\allen\Desktop\Alexander\Alexander\Source\Alexander\Private\PlanetaryMiningSystem.cpp(593,10): error C2039: 'FailureReason': is not a member of 'FMiningPermit'
		Permit.FailureReason = "Invalid planet";
		       ^
C:\Users\allen\Desktop\Alexander\Alexander\Source\Alexander\Public\PlanetaryMiningSystem.h(181,8): note: see declaration of 'FMiningPermit'
struct FMiningPermit
       ^
C:\Users\allen\Desktop\Alexander\Alexander\Source\Alexander\Private\PlanetaryMiningSystem.cpp(651,7): error C3861: 'DoesPlanetRequirePermits': identifier not found
	if (!DoesPlanetRequirePermits(Planet))
	     ^
C:\Users\allen\Desktop\Alexander\Alexander\Source\Alexander\Private\PlanetaryMiningSystem.cpp(863,31): error C2039: 'CalculateMiningDuration': is not a member of 'UPlanetaryMiningSystem'
float UPlanetaryMiningSystem::CalculateMiningDuration(const FResourceDeposit& Deposit, EPlanetaryMiningEquipment Equipment) const
                              ^
C:\Users\allen\Desktop\Alexander\Alexander\Source\Alexander\Public\PlanetaryMiningSystem.h(238,21): note: see declaration of 'UPlanetaryMiningSystem'
class ALEXANDER_API UPlanetaryMiningSystem : public UWorldSubsystem, public ISystemSelfTestInterface
                    ^
C:\Users\allen\Desktop\Alexander\Alexander\Source\Alexander\Private\PlanetaryMiningSystem.cpp(863,31): error C2270: 'CalculateMiningDuration': modifiers not allowed on nonmember functions
float UPlanetaryMiningSystem::CalculateMiningDuration(const FResourceDeposit& Deposit, EPlanetaryMiningEquipment Equipment) const
                              ^
C:\Users\allen\Desktop\Alexander\Alexander\Source\Alexander\Private\PlanetaryMiningSystem.cpp(869,25): error C3861: 'GetEquipmentMiningPower': identifier not found
	float EquipmentPower = GetEquipmentMiningPower(Equipment);
	                       ^
C:\Users\allen\Desktop\Alexander\Alexander\Source\Alexander\Private\PlanetaryMiningSystem.cpp(873,34): error C2065: 'MiningSkillLevel': undeclared identifier
	float SkillMultiplier = 1.0f + (MiningSkillLevel / 100.0f) * 0.5f;
	                                ^
C:\Users\allen\Desktop\Alexander\Alexander\Source\Alexander\Private\PlanetaryMiningSystem.cpp(879,31): error C2039: 'CalculateEnergyConsumption': is not a member of 'UPlanetaryMiningSystem'
float UPlanetaryMiningSystem::CalculateEnergyConsumption(float Duration, EPlanetaryMiningEquipment Equipment) const
                              ^
C:\Users\allen\Desktop\Alexander\Alexander\Source\Alexander\Public\PlanetaryMiningSystem.h(238,21): note: see declaration of 'UPlanetaryMiningSystem'
class ALEXANDER_API UPlanetaryMiningSystem : public UWorldSubsystem, public ISystemSelfTestInterface
                    ^
C:\Users\allen\Desktop\Alexander\Alexander\Source\Alexander\Private\PlanetaryMiningSystem.cpp(879,31): error C2270: 'CalculateEnergyConsumption': modifiers not allowed on nonmember functions
float UPlanetaryMiningSystem::CalculateEnergyConsumption(float Duration, EPlanetaryMiningEquipment Equipment) const
                              ^
C:\Users\allen\Desktop\Alexander\Alexander\Source\Alexander\Private\PlanetaryMiningSystem.cpp(881,26): error C3861: 'GetEquipmentMiningPower': identifier not found
	float BaseConsumption = GetEquipmentMiningPower(Equipment) * 10.0f; // 10 energy per power unit per second
	                        ^
C:\Users\allen\Desktop\Alexander\Alexander\Source\Alexander\Private\PlanetaryMiningSystem.cpp(885,30): error C2039: 'IsEquipmentSuitableForDeposit': is not a member of 'UPlanetaryMiningSystem'
bool UPlanetaryMiningSystem::IsEquipmentSuitableForDeposit(EPlanetaryMiningEquipment Equipment, EDepositType DepositType) const
                             ^
C:\Users\allen\Desktop\Alexander\Alexander\Source\Alexander\Public\PlanetaryMiningSystem.h(238,21): note: see declaration of 'UPlanetaryMiningSystem'
class ALEXANDER_API UPlanetaryMiningSystem : public UWorldSubsystem, public ISystemSelfTestInterface
                    ^
C:\Users\allen\Desktop\Alexander\Alexander\Source\Alexander\Private\PlanetaryMiningSystem.cpp(885,30): error C2270: 'IsEquipmentSuitableForDeposit': modifiers not allowed on nonmember functions
bool UPlanetaryMiningSystem::IsEquipmentSuitableForDeposit(EPlanetaryMiningEquipment Equipment, EDepositType DepositType) const
                             ^
C:\Users\allen\Desktop\Alexander\Alexander\Source\Alexander\Private\PlanetaryMiningSystem.cpp(910,30): error C2039: 'DoesPlanetRequirePermits': is not a member of 'UPlanetaryMiningSystem'
bool UPlanetaryMiningSystem::DoesPlanetRequirePermits(APlanet* Planet) const
                             ^
C:\Users\allen\Desktop\Alexander\Alexander\Source\Alexander\Public\PlanetaryMiningSystem.h(238,21): note: see declaration of 'UPlanetaryMiningSystem'
class ALEXANDER_API UPlanetaryMiningSystem : public UWorldSubsystem, public ISystemSelfTestInterface
                    ^
C:\Users\allen\Desktop\Alexander\Alexander\Source\Alexander\Private\PlanetaryMiningSystem.cpp(910,30): error C2270: 'DoesPlanetRequirePermits': modifiers not allowed on nonmember functions
bool UPlanetaryMiningSystem::DoesPlanetRequirePermits(APlanet* Planet) const
                             ^
[15/28] Compile [x64] FarmPlot.cpp
C:\Users\allen\Desktop\Alexander\Alexander\Source\Alexander\Private\FarmPlot.cpp(1657,37): error C2039: 'BaseYield': is not a member of 'UCropDefinition'
			float BaseYield = Cell.CropType->BaseYield;
			                                 ^
C:\Users\allen\Desktop\Alexander\Alexander\Source\Alexander\Public\CropDefinition.h(74,21): note: see declaration of 'UCropDefinition'
class ALEXANDER_API UCropDefinition : public UDataAsset
                    ^
[16/28] Compile [x64] GameStateExtractor.cpp
C:\Users\allen\Desktop\Alexander\Alexander\Source\Alexander\Private\GameStateExtractor.cpp(254,59): error C2027: use of undefined type 'AGameStateBase'
		GameStateInfo->SetStringField(TEXT("game_state_class"), GameState->GetClass()->GetName());
		                                                        ^
C:\Program Files\Epic Games\UE_5.6\Engine\Source\Runtime\Engine\Classes\Engine\World.h(45,7): note: see declaration of 'AGameStateBase'
class AGameStateBase;
      ^
C:\Users\allen\Desktop\Alexander\Alexander\Source\Alexander\Private\GameStateExtractor.cpp(254,18): error C2661: 'FJsonObject::SetStringField': no overloaded function takes 1 arguments
		GameStateInfo->SetStringField(TEXT("game_state_class"), GameState->GetClass()->GetName());
		               ^
C:\Users\allen\Desktop\Alexander\Alexander\Source\Alexander\Private\GameStateExtractor.cpp(254,18): note: while trying to match the argument list '(const wchar_t [17])'
C:\Users\allen\Desktop\Alexander\Alexander\Source\Alexander\Private\GameStateExtractor.cpp(384,2): error C2653: 'UGameplayStatics': is not a class or namespace name
	UGameplayStatics::GetAllActorsOfClass(World, AActor::StaticClass(), FoundActors);
	^
C:\Users\allen\Desktop\Alexander\Alexander\Source\Alexander\Private\GameStateExtractor.cpp(384,20): error C3861: 'GetAllActorsOfClass': identifier not found
	UGameplayStatics::GetAllActorsOfClass(World, AActor::StaticClass(), FoundActors);
	                  ^
[17/28] Compile [x64] DynamicMarketManager.cpp
C:\Users\allen\Desktop\Alexander\Alexander\Source\Alexander\Private\DynamicMarketManager.cpp(164,33): error C3861: 'CalculateFactionControlFactor': identifier not found
	Factors.FactionControlFactor = CalculateFactionControlFactor(FactionID, StationID);
	                               ^
C:\Users\allen\Desktop\Alexander\Alexander\Source\Alexander\Private\DynamicMarketManager.cpp(556,35): error C2440: 'initializing': cannot convert from 'ValueType' to 'TMap<FName,float,FDefaultSetAllocator,TDefaultMapHashableKeyFuncs<InKeyType,InValueType,false>> &'
        with
        [
            ValueType=FFloatValueMap
        ]
        and
        [
            InKeyType=FName,
            InValueType=float
        ]
	TMap<FName, float>& PlayerImpact = PlayerTradeImpact.FindOrAdd(PlayerID);
	                                 ^
C:\Users\allen\Desktop\Alexander\Alexander\Source\Alexander\Private\DynamicMarketManager.cpp(563,41): error C2440: 'initializing': cannot convert from 'const ValueType *' to 'const TMap<FName,float,FDefaultSetAllocator,TDefaultMapHashableKeyFuncs<InKeyType,InValueType,false>> *'
        with
        [
            ValueType=FFloatValueMap
        ]
        and
        [
            InKeyType=FName,
            InValueType=float
        ]
	const TMap<FName, float>* PlayerImpact = PlayerTradeImpact.Find(PlayerID);
	                                       ^
C:\Users\allen\Desktop\Alexander\Alexander\Source\Alexander\Private\DynamicMarketManager.cpp(563,41): note: Types pointed to are unrelated; conversion requires reinterpret_cast, C-style cast or parenthesized function-style cast
C:\Users\allen\Desktop\Alexander\Alexander\Source\Alexander\Private\DynamicMarketManager.cpp(629,45): error C2662: 'TMapBase<KeyType,ValueType,SetAllocator,KeyFuncs>::TIterator TMapBase<KeyType,ValueType,SetAllocator,KeyFuncs>::CreateIterator(void)': cannot convert 'this' pointer from 'const TMap<FString,FPriceHistoryMap,FDefaultSetAllocator,TDefaultMapHashableKeyFuncs<InKeyType,InValueType,false>>' to 'TMapBase<KeyType,ValueType,SetAllocator,KeyFuncs> &'
        with
        [
            KeyType=FString,
            ValueType=FPriceHistoryMap,
            SetAllocator=FDefaultSetAllocator,
            KeyFuncs=TDefaultMapHashableKeyFuncs<FString,FPriceHistoryMap,false>
        ]
        and
        [
            InKeyType=FString,
            InValueType=FPriceHistoryMap
        ]
        and
        [
            KeyType=FString,
            ValueType=FPriceHistoryMap,
            SetAllocator=FDefaultSetAllocator,
            KeyFuncs=TDefaultMapHashableKeyFuncs<FString,FPriceHistoryMap,false>
        ]
	for (auto StationIt = PriceHistoryDatabase.CreateIterator(); StationIt; ++StationIt)
	                                           ^
C:\Users\allen\Desktop\Alexander\Alexander\Source\Alexander\Private\DynamicMarketManager.cpp(629,24): note: Conversion loses qualifiers
	for (auto StationIt = PriceHistoryDatabase.CreateIterator(); StationIt; ++StationIt)
	                      ^
C:\Program Files\Epic Games\UE_5.6\Engine\Source\Runtime\Core\Public\Containers\Map.h(1091,38): note: see declaration of 'TMapBase<KeyType,ValueType,SetAllocator,KeyFuncs>::CreateIterator'
        with
        [
            KeyType=FString,
            ValueType=FPriceHistoryMap,
            SetAllocator=FDefaultSetAllocator,
            KeyFuncs=TDefaultMapHashableKeyFuncs<FString,FPriceHistoryMap,false>
        ]
	[[nodiscard]] FORCEINLINE TIterator CreateIterator()
	                                    ^
C:\Users\allen\Desktop\Alexander\Alexander\Source\Alexander\Private\DynamicMarketManager.cpp(629,45): note: while trying to match the argument list '()'
	for (auto StationIt = PriceHistoryDatabase.CreateIterator(); StationIt; ++StationIt)
	                                           ^
C:\Users\allen\Desktop\Alexander\Alexander\Source\Alexander\Private\DynamicMarketManager.cpp(649,42): error C2662: 'TMapBase<KeyType,ValueType,SetAllocator,KeyFuncs>::TIterator TMapBase<KeyType,ValueType,SetAllocator,KeyFuncs>::CreateIterator(void)': cannot convert 'this' pointer from 'const TMap<FString,FMarketInt32ValueMap,FDefaultSetAllocator,TDefaultMapHashableKeyFuncs<InKeyType,InValueType,false>>' to 'TMapBase<KeyType,ValueType,SetAllocator,KeyFuncs> &'
        with
        [
            KeyType=FString,
            ValueType=FMarketInt32ValueMap,
            SetAllocator=FDefaultSetAllocator,
            KeyFuncs=TDefaultMapHashableKeyFuncs<FString,FMarketInt32ValueMap,false>
        ]
        and
        [
            InKeyType=FString,
            InValueType=FMarketInt32ValueMap
        ]
        and
        [
            KeyType=FString,
            ValueType=FMarketInt32ValueMap,
            SetAllocator=FDefaultSetAllocator,
            KeyFuncs=TDefaultMapHashableKeyFuncs<FString,FMarketInt32ValueMap,false>
        ]
	for (auto StationIt = DailyTradeVolumes.CreateIterator(); StationIt; ++StationIt)
	                                        ^
C:\Users\allen\Desktop\Alexander\Alexander\Source\Alexander\Private\DynamicMarketManager.cpp(649,24): note: Conversion loses qualifiers
	for (auto StationIt = DailyTradeVolumes.CreateIterator(); StationIt; ++StationIt)
	                      ^
C:\Program Files\Epic Games\UE_5.6\Engine\Source\Runtime\Core\Public\Containers\Map.h(1091,38): note: see declaration of 'TMapBase<KeyType,ValueType,SetAllocator,KeyFuncs>::CreateIterator'
        with
        [
            KeyType=FString,
            ValueType=FMarketInt32ValueMap,
            SetAllocator=FDefaultSetAllocator,
            KeyFuncs=TDefaultMapHashableKeyFuncs<FString,FMarketInt32ValueMap,false>
        ]
	[[nodiscard]] FORCEINLINE TIterator CreateIterator()
	                                    ^
C:\Users\allen\Desktop\Alexander\Alexander\Source\Alexander\Private\DynamicMarketManager.cpp(649,42): note: while trying to match the argument list '()'
	for (auto StationIt = DailyTradeVolumes.CreateIterator(); StationIt; ++StationIt)
	                                        ^
C:\Users\allen\Desktop\Alexander\Alexander\Source\Alexander\Private\DynamicMarketManager.cpp(683,36): error C2440: 'initializing': cannot convert from 'const ValueType *' to 'const TMap<FName,int32,FDefaultSetAllocator,TDefaultMapHashableKeyFuncs<InKeyType,InValueType,false>> *'
        with
        [
            ValueType=FMarketInt32ValueMap
        ]
        and
        [
            InKeyType=FName,
            InValueType=int32
        ]
	const TMap<FName, int32>* Volumes = DailyTradeVolumes.Find(StationID);
	                                  ^
C:\Users\allen\Desktop\Alexander\Alexander\Source\Alexander\Private\DynamicMarketManager.cpp(683,36): note: Types pointed to are unrelated; conversion requires reinterpret_cast, C-style cast or parenthesized function-style cast
C:\Users\allen\Desktop\Alexander\Alexander\Source\Alexander\Private\DynamicMarketManager.cpp(686,27): error C2662: 'TMapBase<KeyType,ValueType,SetAllocator,KeyFuncs>::TIterator TMapBase<KeyType,ValueType,SetAllocator,KeyFuncs>::CreateIterator(void)': cannot convert 'this' pointer from 'const TMap<FName,int32,FDefaultSetAllocator,TDefaultMapHashableKeyFuncs<InKeyType,InValueType,false>>' to 'TMapBase<KeyType,ValueType,SetAllocator,KeyFuncs> &'
        with
        [
            KeyType=FName,
            ValueType=int32,
            SetAllocator=FDefaultSetAllocator,
            KeyFuncs=TDefaultMapHashableKeyFuncs<FName,int32,false>
        ]
        and
        [
            InKeyType=FName,
            InValueType=int32
        ]
        and
        [
            KeyType=FName,
            ValueType=int32,
            SetAllocator=FDefaultSetAllocator,
            KeyFuncs=TDefaultMapHashableKeyFuncs<FName,int32,false>
        ]
		for (auto It = Volumes->CreateIterator(); It; ++It)
		                        ^
C:\Users\allen\Desktop\Alexander\Alexander\Source\Alexander\Private\DynamicMarketManager.cpp(686,18): note: Conversion loses qualifiers
		for (auto It = Volumes->CreateIterator(); It; ++It)
		               ^
C:\Program Files\Epic Games\UE_5.6\Engine\Source\Runtime\Core\Public\Containers\Map.h(1091,38): note: see declaration of 'TMapBase<KeyType,ValueType,SetAllocator,KeyFuncs>::CreateIterator'
        with
        [
            KeyType=FName,
            ValueType=int32,
            SetAllocator=FDefaultSetAllocator,
            KeyFuncs=TDefaultMapHashableKeyFuncs<FName,int32,false>
        ]
	[[nodiscard]] FORCEINLINE TIterator CreateIterator()
	                                    ^
C:\Users\allen\Desktop\Alexander\Alexander\Source\Alexander\Private\DynamicMarketManager.cpp(686,27): note: while trying to match the argument list '()'
		for (auto It = Volumes->CreateIterator(); It; ++It)
		                        ^
C:\Users\allen\Desktop\Alexander\Alexander\Source\Alexander\Private\DynamicMarketManager.cpp(702,26): error C2662: 'TMapBase<KeyType,ValueType,SetAllocator,KeyFuncs>::TIterator TMapBase<KeyType,ValueType,SetAllocator,KeyFuncs>::CreateIterator(void)': cannot convert 'this' pointer from 'const TMap<FName,int32,FDefaultSetAllocator,TDefaultMapHashableKeyFuncs<InKeyType,InValueType,false>>' to 'TMapBase<KeyType,ValueType,SetAllocator,KeyFuncs> &'
        with
        [
            KeyType=FName,
            ValueType=int32,
            SetAllocator=FDefaultSetAllocator,
            KeyFuncs=TDefaultMapHashableKeyFuncs<FName,int32,false>
        ]
        and
        [
            InKeyType=FName,
            InValueType=int32
        ]
        and
        [
            KeyType=FName,
            ValueType=int32,
            SetAllocator=FDefaultSetAllocator,
            KeyFuncs=TDefaultMapHashableKeyFuncs<FName,int32,false>
        ]
	for (auto It = Volumes->CreateIterator(); It; ++It)
	                        ^
C:\Users\allen\Desktop\Alexander\Alexander\Source\Alexander\Private\DynamicMarketManager.cpp(702,17): note: Conversion loses qualifiers
	for (auto It = Volumes->CreateIterator(); It; ++It)
	               ^
C:\Program Files\Epic Games\UE_5.6\Engine\Source\Runtime\Core\Public\Containers\Map.h(1091,38): note: see declaration of 'TMapBase<KeyType,ValueType,SetAllocator,KeyFuncs>::CreateIterator'
        with
        [
            KeyType=FName,
            ValueType=int32,
            SetAllocator=FDefaultSetAllocator,
            KeyFuncs=TDefaultMapHashableKeyFuncs<FName,int32,false>
        ]
	[[nodiscard]] FORCEINLINE TIterator CreateIterator()
	                                    ^
C:\Users\allen\Desktop\Alexander\Alexander\Source\Alexander\Private\DynamicMarketManager.cpp(702,26): note: while trying to match the argument list '()'
	for (auto It = Volumes->CreateIterator(); It; ++It)
	                        ^
C:\Users\allen\Desktop\Alexander\Alexander\Source\Alexander\Private\DynamicMarketManager.cpp(807,40): error C2440: 'initializing': cannot convert from 'FPriceHistoryArray' to 'TArray<FPriceHistoryEntry,FDefaultAllocator> &'
			TArray<FPriceHistoryEntry>& History = CommodityIt.Value();
			                                    ^
[18/28] Compile [x64] MemoryOptimizationManager.cpp
C:\Users\allen\Desktop\Alexander\Alexander\Source\Alexander\Private\MemoryOptimizationManager.cpp(15,1): fatal error C1083: Cannot open include file: 'Engine/ContentStreaming.h': No such file or directory
#include "Engine/ContentStreaming.h"
^
[19/28] Compile [x64] FactionEconomyManager.cpp
C:\Users\allen\Desktop\Alexander\Alexander\Source\Alexander\Private\FactionEconomyManager.cpp(998,30): error C2039: 'RunSelfTest_Implementation': is not a member of 'UFactionEconomyManager'
bool UFactionEconomyManager::RunSelfTest_Implementation(FSystemTestResult& OutResult)
                             ^
C:\Users\allen\Desktop\Alexander\Alexander\Source\Alexander\Public\FactionEconomyManager.h(297,21): note: see declaration of 'UFactionEconomyManager'
class ALEXANDER_API UFactionEconomyManager : public UWorldSubsystem
                    ^
C:\Users\allen\Desktop\Alexander\Alexander\Source\Alexander\Private\FactionEconomyManager.cpp(1010,27): error C3861: 'CreateFaction': identifier not found
		FString TestFactionID = CreateFaction("TestFaction", EFactionEconomicPolicy::FreeMarket, false);
		                        ^
C:\Users\allen\Desktop\Alexander\Alexander\Source\Alexander\Private\FactionEconomyManager.cpp(1020,41): error C3861: 'GetFactionData': identifier not found
		FFactionEconomicData CreatedFaction = GetFactionData(TestFactionID);
		                                      ^
C:\Users\allen\Desktop\Alexander\Alexander\Source\Alexander\Private\FactionEconomyManager.cpp(1042,27): error C3861: 'CreateFaction': identifier not found
		FString TestFactionID = CreateFaction("PolicyTestFaction", EFactionEconomicPolicy::FreeMarket, false);
		                        ^
C:\Users\allen\Desktop\Alexander\Alexander\Source\Alexander\Private\FactionEconomyManager.cpp(1057,4): error C3861: 'SetFactionPolicy': identifier not found
			SetFactionPolicy(TestFactionID, Policy);
			^
C:\Users\allen\Desktop\Alexander\Alexander\Source\Alexander\Private\FactionEconomyManager.cpp(1059,42): error C3861: 'GetFactionData': identifier not found
			FFactionEconomicData UpdatedFaction = GetFactionData(TestFactionID);
			                                      ^
C:\Users\allen\Desktop\Alexander\Alexander\Source\Alexander\Private\FactionEconomyManager.cpp(1082,27): error C3861: 'CreateFaction': identifier not found
		FString TestFactionID = CreateFaction("RestrictionTestFaction", EFactionEconomicPolicy::FreeMarket, false);
		                        ^
C:\Users\allen\Desktop\Alexander\Alexander\Source\Alexander\Private\FactionEconomyManager.cpp(1096,4): error C3861: 'SetTradeRestriction': identifier not found
			SetTradeRestriction(TestFactionID, Restriction);
			^
C:\Users\allen\Desktop\Alexander\Alexander\Source\Alexander\Private\FactionEconomyManager.cpp(1098,42): error C3861: 'GetFactionData': identifier not found
			FFactionEconomicData UpdatedFaction = GetFactionData(TestFactionID);
			                                      ^
C:\Users\allen\Desktop\Alexander\Alexander\Source\Alexander\Private\FactionEconomyManager.cpp(1121,27): error C3861: 'CreateFaction': identifier not found
		FString TestFactionID = CreateFaction("ReputationTestFaction", EFactionEconomicPolicy::FreeMarket, false);
		                        ^
C:\Users\allen\Desktop\Alexander\Alexander\Source\Alexander\Private\FactionEconomyManager.cpp(1125,41): error C3861: 'GetPlayerReputation': identifier not found
		FPlayerFactionReputation InitialRep = GetPlayerReputation(TestFactionID, TestPlayerID);
		                                      ^
C:\Users\allen\Desktop\Alexander\Alexander\Source\Alexander\Private\FactionEconomyManager.cpp(1135,3): error C3861: 'ModifyPlayerReputation': identifier not found
		ModifyPlayerReputation(TestFactionID, TestPlayerID, 25.0f, "Test reputation gain");
		^
C:\Users\allen\Desktop\Alexander\Alexander\Source\Alexander\Private\FactionEconomyManager.cpp(1137,42): error C3861: 'GetPlayerReputation': identifier not found
		FPlayerFactionReputation ModifiedRep = GetPlayerReputation(TestFactionID, TestPlayerID);
		                                       ^
C:\Users\allen\Desktop\Alexander\Alexander\Source\Alexander\Private\FactionEconomyManager.cpp(1147,20): error C3861: 'CalculateReputationDiscount': identifier not found
		float Discount = CalculateReputationDiscount(TestFactionID, TestPlayerID);
		                 ^
C:\Users\allen\Desktop\Alexander\Alexander\Source\Alexander\Private\FactionEconomyManager.cpp(1148,37): error C2065: 'MaxReputationDiscount': undeclared identifier
		if (Discount < 0.0f || Discount > MaxReputationDiscount)
		                                  ^
C:\Users\allen\Desktop\Alexander\Alexander\Source\Alexander\Private\FactionEconomyManager.cpp(1157,20): error C3861: 'CanPlayerTrade': identifier not found
		bool bCanTrade = CanPlayerTrade(TestFactionID, TestPlayerID);
		                 ^
C:\Users\allen\Desktop\Alexander\Alexander\Source\Alexander\Private\FactionEconomyManager.cpp(1179,27): error C3861: 'CreateFaction': identifier not found
		FString TestFactionID = CreateFaction("PriceModifierTestFaction", EFactionEconomicPolicy::FreeMarket, false);
		                        ^
C:\Users\allen\Desktop\Alexander\Alexander\Source\Alexander\Private\FactionEconomyManager.cpp(1183,3): error C3861: 'ModifyPlayerReputation': identifier not found
		ModifyPlayerReputation(TestFactionID, TestPlayerID, 50.0f, "Test reputation for price modifiers");
		^
C:\Users\allen\Desktop\Alexander\Alexander\Source\Alexander\Private\FactionEconomyManager.cpp(1186,23): error C3861: 'CalculateTradePriceModifier': identifier not found
		float BuyModifier = CalculateTradePriceModifier(TestFactionID, TestPlayerID, FName("IronOre"), true);
		                    ^
C:\Users\allen\Desktop\Alexander\Alexander\Source\Alexander\Private\FactionEconomyManager.cpp(1196,24): error C3861: 'CalculateTradePriceModifier': identifier not found
		float SellModifier = CalculateTradePriceModifier(TestFactionID, TestPlayerID, FName("IronOre"), false);
		                     ^
C:\Users\allen\Desktop\Alexander\Alexander\Source\Alexander\Private\FactionEconomyManager.cpp(1224,27): error C3861: 'CreateFaction': identifier not found
		FString TestFactionID = CreateFaction("BanTestFaction", EFactionEconomicPolicy::FreeMarket, false);
		                        ^
C:\Users\allen\Desktop\Alexander\Alexander\Source\Alexander\Private\FactionEconomyManager.cpp(1228,27): error C3861: 'IsCommodityBanned': identifier not found
		bool bInitiallyBanned = IsCommodityBanned(TestFactionID, TestCommodityID);
		                        ^
C:\Users\allen\Desktop\Alexander\Alexander\Source\Alexander\Private\FactionEconomyManager.cpp(1238,3): error C3861: 'BanCommodity': identifier not found
		BanCommodity(TestFactionID, TestCommodityID);
		^
C:\Users\allen\Desktop\Alexander\Alexander\Source\Alexander\Private\FactionEconomyManager.cpp(1241,21): error C3861: 'IsCommodityBanned': identifier not found
		bool bNowBanned = IsCommodityBanned(TestFactionID, TestCommodityID);
		                  ^
C:\Users\allen\Desktop\Alexander\Alexander\Source\Alexander\Private\FactionEconomyManager.cpp(1251,18): error C3861: 'CalculateTariff': identifier not found
		float Tariff = CalculateTariff(TestFactionID, TestCommodityID, 100.0f, 10);
		               ^
C:\Users\allen\Desktop\Alexander\Alexander\Source\Alexander\Private\FactionEconomyManager.cpp(1261,3): error C3861: 'UnbanCommodity': identifier not found
		UnbanCommodity(TestFactionID, TestCommodityID);
		^
C:\Users\allen\Desktop\Alexander\Alexander\Source\Alexander\Private\FactionEconomyManager.cpp(1264,23): error C3861: 'IsCommodityBanned': identifier not found
		bool bNowUnbanned = IsCommodityBanned(TestFactionID, TestCommodityID);
		                    ^
C:\Users\allen\Desktop\Alexander\Alexander\Source\Alexander\Private\FactionEconomyManager.cpp(1286,24): error C3861: 'CreateFaction': identifier not found
		FString Faction1ID = CreateFaction("AgreementFaction1", EFactionEconomicPolicy::FreeMarket, false);
		                     ^
C:\Users\allen\Desktop\Alexander\Alexander\Source\Alexander\Private\FactionEconomyManager.cpp(1287,24): error C3861: 'CreateFaction': identifier not found
		FString Faction2ID = CreateFaction("AgreementFaction2", EFactionEconomicPolicy::FreeMarket, false);
		                     ^
C:\Users\allen\Desktop\Alexander\Alexander\Source\Alexander\Private\FactionEconomyManager.cpp(1290,38): error C3861: 'FormTradeAgreement': identifier not found
		FFactionTradeAgreement Agreement = FormTradeAgreement(Faction1ID, Faction2ID, FTimespan(7, 0, 0, 0)); // 7 days
		                                   ^
C:\Users\allen\Desktop\Alexander\Alexander\Source\Alexander\Private\FactionEconomyManager.cpp(1302,3): error C3861: 'ModifyPlayerReputation': identifier not found
		ModifyPlayerReputation(Faction1ID, TestPlayerID, 50.0f, "Test reputation");
		^
C:\Users\allen\Desktop\Alexander\Alexander\Source\Alexander\Private\FactionEconomyManager.cpp(1304,30): error C3861: 'CalculateTradePriceModifier': identifier not found
		float PriceWithAgreement = CalculateTradePriceModifier(Faction1ID, TestPlayerID, FName("IronOre"), true);
		                           ^
C:\Users\allen\Desktop\Alexander\Alexander\Source\Alexander\Private\FactionEconomyManager.cpp(1307,3): error C3861: 'EndTradeAgreement': identifier not found
		EndTradeAgreement(Agreement.AgreementID);
		^
C:\Users\allen\Desktop\Alexander\Alexander\Source\Alexander\Private\FactionEconomyManager.cpp(1309,33): error C3861: 'CalculateTradePriceModifier': identifier not found
		float PriceWithoutAgreement = CalculateTradePriceModifier(Faction1ID, TestPlayerID, FName("IronOre"), true);
		                              ^
C:\Users\allen\Desktop\Alexander\Alexander\Source\Alexander\Private\FactionEconomyManager.cpp(1330,34): error C3861: 'CreateFaction': identifier not found
		FString SanctioningFactionID = CreateFaction("SanctioningFaction", EFactionEconomicPolicy::FreeMarket, false);
		                               ^
C:\Users\allen\Desktop\Alexander\Alexander\Source\Alexander\Private\FactionEconomyManager.cpp(1331,29): error C3861: 'CreateFaction': identifier not found
		FString TargetFactionID = CreateFaction("TargetFaction", EFactionEconomicPolicy::FreeMarket, false);
		                          ^
C:\Users\allen\Desktop\Alexander\Alexander\Source\Alexander\Private\FactionEconomyManager.cpp(1334,33): error C3861: 'ImposeSanctions': identifier not found
		FFactionSanctions Sanctions = ImposeSanctions(SanctioningFactionID, TargetFactionID, FTimespan(3, 0, 0, 0), 0.5f);
		                              ^
C:\Users\allen\Desktop\Alexander\Alexander\Source\Alexander\Private\FactionEconomyManager.cpp(1346,3): error C3861: 'ModifyPlayerReputation': identifier not found
		ModifyPlayerReputation(TargetFactionID, TestPlayerID, 50.0f, "Test reputation");
		^
C:\Users\allen\Desktop\Alexander\Alexander\Source\Alexander\Private\FactionEconomyManager.cpp(1348,30): error C3861: 'CalculateTradePriceModifier': identifier not found
		float PriceWithSanctions = CalculateTradePriceModifier(TargetFactionID, TestPlayerID, FName("IronOre"), true);
		                           ^
C:\Users\allen\Desktop\Alexander\Alexander\Source\Alexander\Private\FactionEconomyManager.cpp(1351,3): error C3861: 'LiftSanctions': identifier not found
		LiftSanctions(Sanctions.SanctionsID);
		^
C:\Users\allen\Desktop\Alexander\Alexander\Source\Alexander\Private\FactionEconomyManager.cpp(1353,33): error C3861: 'CalculateTradePriceModifier': identifier not found
		float PriceWithoutSanctions = CalculateTradePriceModifier(TargetFactionID, TestPlayerID, FName("IronOre"), true);
		                              ^
C:\Users\allen\Desktop\Alexander\Alexander\Source\Alexander\Private\FactionEconomyManager.cpp(1374,24): error C3861: 'CreateFaction': identifier not found
		FString Faction1ID = CreateFaction("DiplomacyFaction1", EFactionEconomicPolicy::FreeMarket, false);
		                     ^
C:\Users\allen\Desktop\Alexander\Alexander\Source\Alexander\Private\FactionEconomyManager.cpp(1375,24): error C3861: 'CreateFaction': identifier not found
		FString Faction2ID = CreateFaction("DiplomacyFaction2", EFactionEconomicPolicy::FreeMarket, false);
		                     ^
C:\Users\allen\Desktop\Alexander\Alexander\Source\Alexander\Private\FactionEconomyManager.cpp(1378,3): error C3861: 'FormAlliance': identifier not found
		FormAlliance(Faction1ID, Faction2ID);
		^
C:\Users\allen\Desktop\Alexander\Alexander\Source\Alexander\Private\FactionEconomyManager.cpp(1382,50): error C2065: 'ActiveAgreements': undeclared identifier
		for (const FFactionTradeAgreement& Agreement : ActiveAgreements)
		                                               ^
C:\Users\allen\Desktop\Alexander\Alexander\Source\Alexander\Private\FactionEconomyManager.cpp(1382,38): error C2530: 'Agreement': references must be initialized
		for (const FFactionTradeAgreement& Agreement : ActiveAgreements)
		                                   ^
C:\Users\allen\Desktop\Alexander\Alexander\Source\Alexander\Private\FactionEconomyManager.cpp(1382,48): error C2143: syntax error: missing ';' before ':'
		for (const FFactionTradeAgreement& Agreement : ActiveAgreements)
		                                             ^
C:\Users\allen\Desktop\Alexander\Alexander\Source\Alexander\Private\FactionEconomyManager.cpp(1382,66): error C2143: syntax error: missing ';' before ')'
		for (const FFactionTradeAgreement& Agreement : ActiveAgreements)
		                                                               ^
C:\Users\allen\Desktop\Alexander\Alexander\Source\Alexander\Private\FactionEconomyManager.cpp(1401,3): error C3861: 'BreakAlliance': identifier not found
		BreakAlliance(Faction1ID, Faction2ID);
		^
C:\Users\allen\Desktop\Alexander\Alexander\Source\Alexander\Private\FactionEconomyManager.cpp(1404,3): error C3861: 'DeclareWar': identifier not found
		DeclareWar(Faction1ID, Faction2ID);
		^
C:\Users\allen\Desktop\Alexander\Alexander\Source\Alexander\Private\FactionEconomyManager.cpp(1407,3): error C3861: 'MakePeace': identifier not found
		MakePeace(Faction1ID, Faction2ID);
		^
C:\Users\allen\Desktop\Alexander\Alexander\Source\Alexander\Private\FactionEconomyManager.cpp(1422,27): error C3861: 'CreateFaction': identifier not found
		FString TestFactionID = CreateFaction("ResourceTestFaction", EFactionEconomicPolicy::FreeMarket, false);
		                        ^
C:\Users\allen\Desktop\Alexander\Alexander\Source\Alexander\Private\FactionEconomyManager.cpp(1426,3): error C3861: 'SetFactionProduction': identifier not found
		SetFactionProduction(TestFactionID, TestCommodityID, 2.0f);
		^
C:\Users\allen\Desktop\Alexander\Alexander\Source\Alexander\Private\FactionEconomyManager.cpp(1427,3): error C3861: 'SetFactionConsumption': identifier not found
		SetFactionConsumption(TestFactionID, TestCommodityID, 1.5f);
		^
C:\Users\allen\Desktop\Alexander\Alexander\Source\Alexander\Private\FactionEconomyManager.cpp(1430,19): error C3861: 'GetResourceBalance': identifier not found
		float Balance = GetResourceBalance(TestFactionID, TestCommodityID);
		                ^
C:\Users\allen\Desktop\Alexander\Alexander\Source\Alexander\Private\FactionEconomyManager.cpp(1440,31): error C3861: 'GetFactionImportNeeds': identifier not found
		TArray<FName> ImportNeeds = GetFactionImportNeeds(TestFactionID);
		                            ^
C:\Users\allen\Desktop\Alexander\Alexander\Source\Alexander\Private\FactionEconomyManager.cpp(1450,33): error C3861: 'GetFactionExportSurplus': identifier not found
		TArray<FName> ExportSurplus = GetFactionExportSurplus(TestFactionID);
		                              ^
C:\Users\allen\Desktop\Alexander\Alexander\Source\Alexander\Private\FactionEconomyManager.cpp(1472,27): error C3861: 'CreateFaction': identifier not found
		FString TestFactionID = CreateFaction("SimulationTestFaction", EFactionEconomicPolicy::FreeMarket, false);
		                        ^
C:\Users\allen\Desktop\Alexander\Alexander\Source\Alexander\Private\FactionEconomyManager.cpp(1475,41): error C3861: 'GetFactionData': identifier not found
		FFactionEconomicData InitialFaction = GetFactionData(TestFactionID);
		                                      ^
C:\Users\allen\Desktop\Alexander\Alexander\Source\Alexander\Private\FactionEconomyManager.cpp(1479,3): error C3861: 'SimulateFactionEconomy': identifier not found
		SimulateFactionEconomy(TestFactionID, 3600.0f); // 1 hour simulation
		^
C:\Users\allen\Desktop\Alexander\Alexander\Source\Alexander\Private\FactionEconomyManager.cpp(1481,41): error C3861: 'GetFactionData': identifier not found
		FFactionEconomicData UpdatedFaction = GetFactionData(TestFactionID);
		                                      ^
C:\Users\allen\Desktop\Alexander\Alexander\Source\Alexander\Private\FactionEconomyManager.cpp(1511,27): error C3861: 'CreateFaction': identifier not found
		FString TestFactionID = CreateFaction("ReportTestFaction", EFactionEconomicPolicy::FreeMarket, false);
		                        ^
C:\Users\allen\Desktop\Alexander\Alexander\Source\Alexander\Private\FactionEconomyManager.cpp(1515,3): error C3861: 'ModifyPlayerReputation': identifier not found
		ModifyPlayerReputation(TestFactionID, TestPlayerID, 30.0f, "Test reputation for report");
		^
C:\Users\allen\Desktop\Alexander\Alexander\Source\Alexander\Private\FactionEconomyManager.cpp(1518,27): error C3861: 'GetFactionEconomicReport': identifier not found
		FString FactionReport = GetFactionEconomicReport(TestFactionID);
		                        ^
C:\Users\allen\Desktop\Alexander\Alexander\Source\Alexander\Private\FactionEconomyManager.cpp(1528,26): error C3861: 'GetPlayerReputationReport': identifier not found
		FString PlayerReport = GetPlayerReputationReport(TestPlayerID);
		                       ^
C:\Users\allen\Desktop\Alexander\Alexander\Source\Alexander\Private\FactionEconomyManager.cpp(1538,46): error C3861: 'GetAllFactions': identifier not found
		TArray<FFactionEconomicData> AllFactions = GetAllFactions();
		                                           ^
C:\Users\allen\Desktop\Alexander\Alexander\Source\Alexander\Private\FactionEconomyManager.cpp(1545,33): error C3861: 'GetTopTradingFactions': identifier not found
		TArray<FString> TopFactions = GetTopTradingFactions(3);
		                              ^
C:\Users\allen\Desktop\Alexander\Alexander\Source\Alexander\Private\FactionEconomyManager.cpp(1568,3): error C2065: 'TotalReputationChanges': undeclared identifier
		UE_LOG(LogTemp, Log, TEXT("Total Reputation Changes: %d"), TotalReputationChanges);
		^
C:\Users\allen\Desktop\Alexander\Alexander\Source\Alexander\Private\FactionEconomyManager.cpp(1568,3): error C3553: decltype expects an expression not a type
C:\Users\allen\Desktop\Alexander\Alexander\Source\Alexander\Private\FactionEconomyManager.cpp(1569,3): error C2065: 'TotalAgreementsFormed': undeclared identifier
		UE_LOG(LogTemp, Log, TEXT("Total Agreements Formed: %d"), TotalAgreementsFormed);
		^
C:\Users\allen\Desktop\Alexander\Alexander\Source\Alexander\Private\FactionEconomyManager.cpp(1569,3): error C3553: decltype expects an expression not a type
C:\Users\allen\Desktop\Alexander\Alexander\Source\Alexander\Private\FactionEconomyManager.cpp(1570,3): error C2065: 'TotalSanctionsImposed': undeclared identifier
		UE_LOG(LogTemp, Log, TEXT("Total Sanctions Imposed: %d"), TotalSanctionsImposed);
		^
C:\Users\allen\Desktop\Alexander\Alexander\Source\Alexander\Private\FactionEconomyManager.cpp(1570,3): error C3553: decltype expects an expression not a type
[20/28] Compile [x64] SystemIntegrationTest.cpp
C:\Users\allen\Desktop\Alexander\Alexander\Source\Alexander\Tests\SystemIntegrationTest.cpp(22,1): error C2838: 'ApplicationContextMask': illegal qualified name in member declaration
IMPLEMENT_SIMPLE_AUTOMATION_TEST(FSystemIntegrationMiningToInventoryTest, "Alexander.Integration.MiningPipeline.MiningToInventory", EAutomationTestFlags::ApplicationContextMask | EAutomationTestFlags::ProductFilter)
^
C:\Users\allen\Desktop\Alexander\Alexander\Source\Alexander\Tests\SystemIntegrationTest.cpp(22,1): error C2065: 'ApplicationContextMask': undeclared identifier
C:\Users\allen\Desktop\Alexander\Alexander\Source\Alexander\Tests\SystemIntegrationTest.cpp(37,47): error C2838: 'Good': illegal qualified name in member declaration
    MinedResource.Quality = EResourceQuality::Good;
                                              ^
C:\Users\allen\Desktop\Alexander\Alexander\Source\Alexander\Tests\SystemIntegrationTest.cpp(37,47): error C2065: 'Good': undeclared identifier
C:\Users\allen\Desktop\Alexander\Alexander\Source\Alexander\Tests\SystemIntegrationTest.cpp(62,1): error C2838: 'ApplicationContextMask': illegal qualified name in member declaration
IMPLEMENT_SIMPLE_AUTOMATION_TEST(FSystemIntegrationInventoryToRefiningTest, "Alexander.Integration.MiningPipeline.InventoryToRefining", EAutomationTestFlags::ApplicationContextMask | EAutomationTestFlags::ProductFilter)
^
C:\Users\allen\Desktop\Alexander\Alexander\Source\Alexander\Tests\SystemIntegrationTest.cpp(62,1): error C2065: 'ApplicationContextMask': undeclared identifier
C:\Users\allen\Desktop\Alexander\Alexander\Source\Alexander\Tests\SystemIntegrationTest.cpp(75,76): error C2838: 'Good': illegal qualified name in member declaration
    InventoryManager->AddResource(FName("IronOre"), 100, EResourceQuality::Good, EInventoryType::PersonalInventory, PlayerID);
                                                                           ^
C:\Users\allen\Desktop\Alexander\Alexander\Source\Alexander\Tests\SystemIntegrationTest.cpp(75,76): error C2065: 'Good': undeclared identifier
C:\Users\allen\Desktop\Alexander\Alexander\Source\Alexander\Tests\SystemIntegrationTest.cpp(91,1): error C2838: 'ApplicationContextMask': illegal qualified name in member declaration
IMPLEMENT_SIMPLE_AUTOMATION_TEST(FSystemIntegrationRefiningToCraftingTest, "Alexander.Integration.MiningPipeline.RefiningToCrafting", EAutomationTestFlags::ApplicationContextMask | EAutomationTestFlags::ProductFilter)
^
C:\Users\allen\Desktop\Alexander\Alexander\Source\Alexander\Tests\SystemIntegrationTest.cpp(91,1): error C2065: 'ApplicationContextMask': undeclared identifier
C:\Users\allen\Desktop\Alexander\Alexander\Source\Alexander\Tests\SystemIntegrationTest.cpp(100,21): error C2660: 'UCraftingSystem::Initialize': function does not take 0 arguments
    CraftingSystem->Initialize();
                    ^
C:\Users\allen\Desktop\Alexander\Alexander\Source\Alexander\Public\CraftingSystem.h(297,15): note: see declaration of 'UCraftingSystem::Initialize'
	virtual void Initialize(FSubsystemCollectionBase& Collection) override;
	             ^
C:\Users\allen\Desktop\Alexander\Alexander\Source\Alexander\Tests\SystemIntegrationTest.cpp(100,21): note: while trying to match the argument list '()'
    CraftingSystem->Initialize();
                    ^
C:\Users\allen\Desktop\Alexander\Alexander\Source\Alexander\Tests\SystemIntegrationTest.cpp(109,1): error C2838: 'ApplicationContextMask': illegal qualified name in member declaration
IMPLEMENT_SIMPLE_AUTOMATION_TEST(FSystemIntegrationFullMiningPipelineTest, "Alexander.Integration.MiningPipeline.FullPipeline", EAutomationTestFlags::ApplicationContextMask | EAutomationTestFlags::ProductFilter)
^
C:\Users\allen\Desktop\Alexander\Alexander\Source\Alexander\Tests\SystemIntegrationTest.cpp(109,1): error C2065: 'ApplicationContextMask': undeclared identifier
C:\Users\allen\Desktop\Alexander\Alexander\Source\Alexander\Tests\SystemIntegrationTest.cpp(120,21): error C2660: 'UCraftingSystem::Initialize': function does not take 0 arguments
    CraftingSystem->Initialize();
                    ^
C:\Users\allen\Desktop\Alexander\Alexander\Source\Alexander\Public\CraftingSystem.h(297,15): note: see declaration of 'UCraftingSystem::Initialize'
	virtual void Initialize(FSubsystemCollectionBase& Collection) override;
	             ^
C:\Users\allen\Desktop\Alexander\Alexander\Source\Alexander\Tests\SystemIntegrationTest.cpp(120,21): note: while trying to match the argument list '()'
    CraftingSystem->Initialize();
                    ^
C:\Users\allen\Desktop\Alexander\Alexander\Source\Alexander\Tests\SystemIntegrationTest.cpp(129,27): error C2838: 'Good': illegal qualified name in member declaration
        EResourceQuality::Good,
                          ^
C:\Users\allen\Desktop\Alexander\Alexander\Source\Alexander\Tests\SystemIntegrationTest.cpp(129,27): error C2065: 'Good': undeclared identifier
C:\Users\allen\Desktop\Alexander\Alexander\Source\Alexander\Tests\SystemIntegrationTest.cpp(159,1): error C2838: 'ApplicationContextMask': illegal qualified name in member declaration
IMPLEMENT_SIMPLE_AUTOMATION_TEST(FSystemIntegrationEconomyPersistenceTest, "Alexander.Integration.EconomyPersistence.Basic", EAutomationTestFlags::ApplicationContextMask | EAutomationTestFlags::ProductFilter)
^
C:\Users\allen\Desktop\Alexander\Alexander\Source\Alexander\Tests\SystemIntegrationTest.cpp(159,1): error C2065: 'ApplicationContextMask': undeclared identifier
C:\Users\allen\Desktop\Alexander\Alexander\Source\Alexander\Tests\SystemIntegrationTest.cpp(176,1): error C2838: 'ApplicationContextMask': illegal qualified name in member declaration
IMPLEMENT_SIMPLE_AUTOMATION_TEST(FSystemIntegrationMarketDataPersistenceTest, "Alexander.Integration.EconomyPersistence.MarketData", EAutomationTestFlags::ApplicationContextMask | EAutomationTestFlags::ProductFilter)
^
C:\Users\allen\Desktop\Alexander\Alexander\Source\Alexander\Tests\SystemIntegrationTest.cpp(176,1): error C2065: 'ApplicationContextMask': undeclared identifier
C:\Users\allen\Desktop\Alexander\Alexander\Source\Alexander\Tests\SystemIntegrationTest.cpp(176,1): fatal error C1003: error count exceeds 100; stopping compilation
[21/28] Compile [x64] EconomicEventManager.cpp
C:\Users\allen\Desktop\Alexander\Alexander\Source\Alexander\Private\EconomicEventManager.cpp(626,1): error C2653: 'FEconomicEventManager': is not a class or namespace name
FEconomicEventManager::TriggerFactionEconomicCrisis(
^
C:\Users\allen\Desktop\Alexander\Alexander\Source\Alexander\Private\EconomicEventManager.cpp(626,24): error C4430: missing type specifier - int assumed. Note: C++ does not support default-int
FEconomicEventManager::TriggerFactionEconomicCrisis(
                       ^
C:\Users\allen\Desktop\Alexander\Alexander\Source\Alexander\Private\EconomicEventManager.cpp(649,9): error C3861: 'TriggerEvent': identifier not found
	return TriggerEvent(EventID, Event.Category, Event.Severity, Event.DurationDays, FactionID);
	       ^
C:\Users\allen\Desktop\Alexander\Alexander\Source\Alexander\Private\EconomicEventManager.cpp(1903,24): error C2838: 'ElectronicComponents': illegal qualified name in member declaration
			ECommodityCategory::ElectronicComponents,
			                    ^
C:\Users\allen\Desktop\Alexander\Alexander\Source\Alexander\Private\EconomicEventManager.cpp(1903,24): error C2065: 'ElectronicComponents': undeclared identifier
[22/28] Compile [x64] Module.Alexander.20.cpp
C:\Users\allen\Desktop\Alexander\Alexander\Source\Alexander\Public\Testing\FarmingTestStation.h(68,22): error C2838: 'MoonMelons': illegal qualified name in member declaration
		ECropTypeExtended::MoonMelons,
		                   ^
C:\Users\allen\Desktop\Alexander\Alexander\Source\Alexander\Public\Testing\FarmingTestStation.h(68,22): error C2065: 'MoonMelons': undeclared identifier
C:\Users\allen\Desktop\Alexander\Alexander\Source\Alexander\Public\Testing\FarmingTestStation.h(69,22): error C2838: 'QuantumPotatoes': illegal qualified name in member declaration
		ECropTypeExtended::QuantumPotatoes
		                   ^
C:\Users\allen\Desktop\Alexander\Alexander\Source\Alexander\Public\Testing\FarmingTestStation.h(69,22): error C2065: 'QuantumPotatoes': undeclared identifier
[23/28] Compile [x64] TradingEconomySystemTest.cpp
C:\Users\allen\Desktop\Alexander\Alexander\Source\Alexander\Tests\TradingEconomySystemTest.cpp(20,1): error C2838: 'ApplicationContextMask': illegal qualified name in member declaration
IMPLEMENT_SIMPLE_AUTOMATION_TEST(FTradingEconomyCommodityDefinitionTest, "Alexander.TradingEconomy.Commodities.Definition", EAutomationTestFlags::ApplicationContextMask | EAutomationTestFlags::ProductFilter)
^
C:\Users\allen\Desktop\Alexander\Alexander\Source\Alexander\Tests\TradingEconomySystemTest.cpp(20,1): error C2065: 'ApplicationContextMask': undeclared identifier
C:\Users\allen\Desktop\Alexander\Alexander\Source\Alexander\Tests\TradingEconomySystemTest.cpp(43,1): error C2838: 'ApplicationContextMask': illegal qualified name in member declaration
IMPLEMENT_SIMPLE_AUTOMATION_TEST(FTradingEconomyCommodityInitializationTest, "Alexander.TradingEconomy.Commodities.Initialization", EAutomationTestFlags::ApplicationContextMask | EAutomationTestFlags::ProductFilter)
^
C:\Users\allen\Desktop\Alexander\Alexander\Source\Alexander\Tests\TradingEconomySystemTest.cpp(43,1): error C2065: 'ApplicationContextMask': undeclared identifier
C:\Users\allen\Desktop\Alexander\Alexander\Source\Alexander\Tests\TradingEconomySystemTest.cpp(59,1): error C2838: 'ApplicationContextMask': illegal qualified name in member declaration
IMPLEMENT_SIMPLE_AUTOMATION_TEST(FTradingEconomyBasePriceTest, "Alexander.TradingEconomy.Pricing.BasePrice", EAutomationTestFlags::ApplicationContextMask | EAutomationTestFlags::ProductFilter)
^
C:\Users\allen\Desktop\Alexander\Alexander\Source\Alexander\Tests\TradingEconomySystemTest.cpp(59,1): error C2065: 'ApplicationContextMask': undeclared identifier
C:\Users\allen\Desktop\Alexander\Alexander\Source\Alexander\Tests\TradingEconomySystemTest.cpp(79,1): error C2838: 'ApplicationContextMask': illegal qualified name in member declaration
IMPLEMENT_SIMPLE_AUTOMATION_TEST(FTradingEconomySupplyDemandTest, "Alexander.TradingEconomy.Pricing.SupplyDemand", EAutomationTestFlags::ApplicationContextMask | EAutomationTestFlags::ProductFilter)
^
C:\Users\allen\Desktop\Alexander\Alexander\Source\Alexander\Tests\TradingEconomySystemTest.cpp(79,1): error C2065: 'ApplicationContextMask': undeclared identifier
C:\Users\allen\Desktop\Alexander\Alexander\Source\Alexander\Tests\TradingEconomySystemTest.cpp(107,1): error C2838: 'ApplicationContextMask': illegal qualified name in member declaration
IMPLEMENT_SIMPLE_AUTOMATION_TEST(FTradingEconomyVolatilityTest, "Alexander.TradingEconomy.Pricing.Volatility", EAutomationTestFlags::ApplicationContextMask | EAutomationTestFlags::ProductFilter)
^
C:\Users\allen\Desktop\Alexander\Alexander\Source\Alexander\Tests\TradingEconomySystemTest.cpp(107,1): error C2065: 'ApplicationContextMask': undeclared identifier
C:\Users\allen\Desktop\Alexander\Alexander\Source\Alexander\Tests\TradingEconomySystemTest.cpp(138,1): error C2838: 'ApplicationContextMask': illegal qualified name in member declaration
IMPLEMENT_SIMPLE_AUTOMATION_TEST(FTradingEconomyMarketListingTest, "Alexander.TradingEconomy.Market.Listing", EAutomationTestFlags::ApplicationContextMask | EAutomationTestFlags::ProductFilter)
^
C:\Users\allen\Desktop\Alexander\Alexander\Source\Alexander\Tests\TradingEconomySystemTest.cpp(138,1): error C2065: 'ApplicationContextMask': undeclared identifier
C:\Users\allen\Desktop\Alexander\Alexander\Source\Alexander\Tests\TradingEconomySystemTest.cpp(157,1): error C2838: 'ApplicationContextMask': illegal qualified name in member declaration
IMPLEMENT_SIMPLE_AUTOMATION_TEST(FTradingEconomyMarketUpdateTest, "Alexander.TradingEconomy.Market.Update", EAutomationTestFlags::ApplicationContextMask | EAutomationTestFlags::ProductFilter)
^
ERROR opening file C:\Users\allen\Desktop\Alexander\Alexander\Plugins\AIVisionSystem\Binaries\Win64\UnrealEditor-AIVisionSystem.dll for write after retrying for 20 seconds (The process cannot access the file because it is being used by another process. - C:\Program Files\Epic Games\UE_5.6\Engine\Binaries\Win64\UnrealEditor-Cmd.exe - C:\Program Files\Epic Games\UE_5.6\Engine\Binaries\Win64\UnrealEditor-Cmd.exe - C:\Program Files\Epic Games\UE_5.6\Engine\Binaries\Win64\UnrealEditor-Cmd.exeBUFFEROVERFLOW!)
Link [x64] UnrealEditor-AIVisionSystem.dll: Exited with error code 9001. This action will retry without UBA
C:\Users\allen\Desktop\Alexander\Alexander\Source\Alexander\Tests\TradingEconomySystemTest.cpp(157,1): error C2065: 'ApplicationContextMask': undeclared identifier
C:\Users\allen\Desktop\Alexander\Alexander\Source\Alexander\Tests\TradingEconomySystemTest.cpp(157,1): fatal error C1003: error count exceeds 100; stopping compilation
[24/28] Link [x64] UnrealEditor-AIVisionSystem.dll (UBA disabled)
LINK : fatal error LNK1104: cannot open file 'C:\Users\allen\Desktop\Alexander\Alexander\Plugins\AIVisionSystem\Binaries\Win64\UnrealEditor-AIVisionSystem.dll'
Trace written to file C:/Users/allen/AppData/Local/UnrealBuildTool/Log.uba with size 114.1kb
Total time in Unreal Build Accelerator local executor: 24.14 seconds

Result: Failed (OtherCompilationError)
Total execution time: 24.94 seconds
