Using bundled DotNet SDK version: 8.0.300 win-x64
Running UnrealBuildTool: dotnet "..\..\Engine\Binaries\DotNET\UnrealBuildTool\UnrealBuildTool.dll" Alexander Win64 Development C:\Users\allen\Desktop\Alexander\Alexander\Alexander.uproject -WaitMutex
Log file: C:\Users\allen\AppData\Local\UnrealBuildTool\Log.txt
Using 'git status' to determine working set for adaptive non-unity build (C:\Users\allen\Desktop\Alexander\Alexander).
Creating makefile for Alexander (no existing makefile)
Available x64 toolchains (2):
 * C:\Program Files\Microsoft Visual Studio\2022\Community\VC\Tools\MSVC\14.44.35207
    (Family=14.44.35207, FamilyRank=1, Version=14.44.35219, HostArchitecture=x64, ReleaseChannel=Latest, Architecture=x64)
 * C:\Program Files (x86)\Microsoft Visual Studio\2022\BuildTools\VC\Tools\MSVC\14.44.35207
    (Family=14.44.35207, FamilyRank=1, Version=14.44.35217, HostArchitecture=x64, ReleaseChannel=Latest, Architecture=x64)
Visual Studio 2022 compiler version 14.44.35219 is not a preferred version. Please use the latest preferred version 14.38.33130
C:\Users\allen\Desktop\Alexander\Alexander\Alexander.uproject does not list plugin 'XRBase' as a dependency, but module 'Alexander' depends on 'XRBase'.
Parsing headers for Alexander
  Running Internal UnrealHeaderTool C:\Users\allen\Desktop\Alexander\Alexander\Alexander.uproject C:\Users\allen\Desktop\Alexander\Alexander\Intermediate\Build\Win64\Alexander\Development\Alexander.uhtmanifest -WarningsAsErrors -installed
Total of 342 written
Reflection code generated for Alexander in 0.6729199 seconds
Building Alexander...
Using Visual Studio 2022 14.44.35219 toolchain (C:\Program Files\Microsoft Visual Studio\2022\Community\VC\Tools\MSVC\14.44.35207) and Windows 10.0.26100.0 SDK (C:\Program Files (x86)\Windows Kits\10).
Warning: Visual Studio 2022 compiler is not a preferred version
[Upgrade]
[Upgrade] Using backward-compatible include order. The latest version of UE has changed the order of includes, which may require code changes. The current setting is:
[Upgrade]     IncludeOrderVersion = EngineIncludeOrderVersion.Unreal5_3
[Upgrade] Suppress this message by setting 'IncludeOrderVersion = EngineIncludeOrderVersion.Unreal5_6;' in Alexander.Target.cs.
[Upgrade] Alternatively you can set this to 'EngineIncludeOrderVersion.Latest' to always use the latest include order. This will potentially cause compile errors when integrating new versions of the engine.
[Upgrade]
[Adaptive Build] Excluded from Alexander unity file: ColonyBuildingSystem.cpp, AlexanderAssetManager.cpp, AudioSystemManager.cpp, FarmStatusWidget.cpp, FirstMissionGameMode.cpp, GameSystemsTest.cpp, MissionAIController.cpp, MissionBoardComponent.cpp, OutpostManager.cpp, PlanetaryLandingZone.cpp, TickOptimizationManager.cpp, TurbulenceCameraShake.cpp, AIVisionTestStation.cpp, CelestialScalingTestStation.cpp, FarmingTestStation.cpp, NavigationKioskWidget.cpp, PerformanceBenchmarkStation.cpp, PerformanceMonitorWidget.cpp, PlanetLandingTestStation.cpp, SpaceshipFlightTestStation.cpp, TestLevelGameMode.cpp, TestResultsWidget.cpp, TestStation.cpp, TestUtilities.cpp, VRTestStation.cpp
Determining max actions to execute in parallel (24 physical cores, 32 logical cores)
  Executing up to 24 processes, one per physical core
Using Unreal Build Accelerator local executor to run 91 action(s)
  Storage capacity 40Gb
---- Starting trace: 251105_210419 ----
UbaServer - Listening on 0.0.0.0:1345
------ Building 91 action(s) started ------
[1/91] Copy tbb12.dll
[2/91] Copy tbbmalloc.dll
[3/91] Copy d3d12SDKLayers.dll
[4/91] Copy D3D12Core.dll
[5/91] Copy DirectML.dll
[6/91] Resource Default.rc2
[7/91] Compile [x64] SharedPCH.Engine.Project.ValApi.ValExpApi.Cpp20.InclOrderUnreal5_3.cpp
[8/91] Compile [x64] CelestialScalingTestStation.cpp
C:\Users\allen\Desktop\Alexander\Alexander\Source\Alexander\Private\Testing\CelestialScalingTestStation.cpp(105,7): error C2664: 'bool UTestStation::CheckNotNull(UObject *,const FString &,const FString &)': cannot convert argument 1 from 'UScalingCalculator *' to 'UObject *'
	if (!CheckNotNull(ScalingCalculator, TEXT("Scale_Factor_Validation"), TEXT("ScalingCalculator subsystem not found")))
	     ^
C:\Users\allen\Desktop\Alexander\Alexander\Source\Alexander\Private\Testing\CelestialScalingTestStation.cpp(105,20): note: Types pointed to are unrelated; conversion requires reinterpret_cast, C-style cast or parenthesized function-style cast
	if (!CheckNotNull(ScalingCalculator, TEXT("Scale_Factor_Validation"), TEXT("ScalingCalculator subsystem not found")))
	                  ^
C:\Users\allen\Desktop\Alexander\Alexander\Source\Alexander\Public\Testing\TestStation.h(116,7): note: see declaration of 'UTestStation::CheckNotNull'
	bool CheckNotNull(UObject* Object, const FString& TestName, const FString& ErrorMessage);
	     ^
C:\Users\allen\Desktop\Alexander\Alexander\Source\Alexander\Private\Testing\CelestialScalingTestStation.cpp(105,7): note: while trying to match the argument list '(UScalingCalculator *, const wchar_t [24], const wchar_t [38])'
	if (!CheckNotNull(ScalingCalculator, TEXT("Scale_Factor_Validation"), TEXT("ScalingCalculator subsystem not found")))
	     ^
C:\Users\allen\Desktop\Alexander\Alexander\Source\Alexander\Private\Testing\CelestialScalingTestStation.cpp(117,24): error C2027: use of undefined type 'UScalingCalculator'
		double ActualScale = ScalingCalculator->ApplyInverseSquareLaw(TestDistance);
		                     ^
C:\Users\allen\Desktop\Alexander\Alexander\Source\Alexander\Public\Testing\CelestialScalingTestStation.h(12,7): note: see declaration of 'UScalingCalculator'
class UScalingCalculator;
      ^
C:\Users\allen\Desktop\Alexander\Alexander\Source\Alexander\Private\Testing\CelestialScalingTestStation.cpp(148,7): error C2664: 'bool UTestStation::CheckNotNull(UObject *,const FString &,const FString &)': cannot convert argument 1 from 'UGravitySimulator *' to 'UObject *'
	if (!CheckNotNull(GravitySimulator, TEXT("Gravitational_Force_Measurement"), TEXT("GravitySimulator subsystem not found")))
	     ^
C:\Users\allen\Desktop\Alexander\Alexander\Source\Alexander\Private\Testing\CelestialScalingTestStation.cpp(148,20): note: Types pointed to are unrelated; conversion requires reinterpret_cast, C-style cast or parenthesized function-style cast
	if (!CheckNotNull(GravitySimulator, TEXT("Gravitational_Force_Measurement"), TEXT("GravitySimulator subsystem not found")))
	                  ^
C:\Users\allen\Desktop\Alexander\Alexander\Source\Alexander\Public\Testing\TestStation.h(116,7): note: see declaration of 'UTestStation::CheckNotNull'
	bool CheckNotNull(UObject* Object, const FString& TestName, const FString& ErrorMessage);
	     ^
C:\Users\allen\Desktop\Alexander\Alexander\Source\Alexander\Private\Testing\CelestialScalingTestStation.cpp(148,7): note: while trying to match the argument list '(UGravitySimulator *, const wchar_t [32], const wchar_t [37])'
	if (!CheckNotNull(GravitySimulator, TEXT("Gravitational_Force_Measurement"), TEXT("GravitySimulator subsystem not found")))
	     ^
C:\Users\allen\Desktop\Alexander\Alexander\Source\Alexander\Private\Testing\CelestialScalingTestStation.cpp(178,7): error C2664: 'bool UTestStation::CheckNotNull(UObject *,const FString &,const FString &)': cannot convert argument 1 from 'UCelestialBodyComponent *' to 'UObject *'
	if (!CheckNotNull(CelestialBody1, TEXT("Gravitational_Force_Measurement"), TEXT("Body 1 missing CelestialBodyComponent")))
	     ^
C:\Users\allen\Desktop\Alexander\Alexander\Source\Alexander\Private\Testing\CelestialScalingTestStation.cpp(178,20): note: Types pointed to are unrelated; conversion requires reinterpret_cast, C-style cast or parenthesized function-style cast
	if (!CheckNotNull(CelestialBody1, TEXT("Gravitational_Force_Measurement"), TEXT("Body 1 missing CelestialBodyComponent")))
	                  ^
C:\Users\allen\Desktop\Alexander\Alexander\Source\Alexander\Public\Testing\TestStation.h(116,7): note: see declaration of 'UTestStation::CheckNotNull'
	bool CheckNotNull(UObject* Object, const FString& TestName, const FString& ErrorMessage);
	     ^
C:\Users\allen\Desktop\Alexander\Alexander\Source\Alexander\Private\Testing\CelestialScalingTestStation.cpp(178,7): note: while trying to match the argument list '(UCelestialBodyComponent *, const wchar_t [32], const wchar_t [38])'
	if (!CheckNotNull(CelestialBody1, TEXT("Gravitational_Force_Measurement"), TEXT("Body 1 missing CelestialBodyComponent")))
	     ^
C:\Users\allen\Desktop\Alexander\Alexander\Source\Alexander\Private\Testing\CelestialScalingTestStation.cpp(185,25): error C2027: use of undefined type 'UGravitySimulator'
	FVector GravityForce = GravitySimulator->CalculateGravityFromBody(CelestialBody1, Body2Location, Mass2);
	                       ^
C:\Users\allen\Desktop\Alexander\Alexander\Source\Alexander\Public\Testing\CelestialScalingTestStation.h(13,7): note: see declaration of 'UGravitySimulator'
class UGravitySimulator;
      ^
C:\Users\allen\Desktop\Alexander\Alexander\Source\Alexander\Private\Testing\CelestialScalingTestStation.cpp(256,7): error C2664: 'bool UTestStation::CheckNotNull(UObject *,const FString &,const FString &)': cannot convert argument 1 from 'UCelestialBodyRegistry *' to 'UObject *'
	if (!CheckNotNull(BodyRegistry, TEXT("VR_Precision_Universe_Translation"), TEXT("BodyRegistry subsystem not found")))
	     ^
C:\Users\allen\Desktop\Alexander\Alexander\Source\Alexander\Private\Testing\CelestialScalingTestStation.cpp(256,20): note: Types pointed to are unrelated; conversion requires reinterpret_cast, C-style cast or parenthesized function-style cast
	if (!CheckNotNull(BodyRegistry, TEXT("VR_Precision_Universe_Translation"), TEXT("BodyRegistry subsystem not found")))
	                  ^
C:\Users\allen\Desktop\Alexander\Alexander\Source\Alexander\Public\Testing\TestStation.h(116,7): note: see declaration of 'UTestStation::CheckNotNull'
	bool CheckNotNull(UObject* Object, const FString& TestName, const FString& ErrorMessage);
	     ^
C:\Users\allen\Desktop\Alexander\Alexander\Source\Alexander\Private\Testing\CelestialScalingTestStation.cpp(256,7): note: while trying to match the argument list '(UCelestialBodyRegistry *, const wchar_t [34], const wchar_t [33])'
	if (!CheckNotNull(BodyRegistry, TEXT("VR_Precision_Universe_Translation"), TEXT("BodyRegistry subsystem not found")))
	     ^
C:\Users\allen\Desktop\Alexander\Alexander\Source\Alexander\Private\Testing\CelestialScalingTestStation.cpp(266,27): error C2027: use of undefined type 'UCelestialBodyRegistry'
	int32 InitialBodyCount = BodyRegistry->GetRegisteredBodyCount();
	                         ^
C:\Users\allen\Desktop\Alexander\Alexander\Source\Alexander\Public\Testing\CelestialScalingTestStation.h(11,7): note: see declaration of 'UCelestialBodyRegistry'
class UCelestialBodyRegistry;
      ^
C:\Users\allen\Desktop\Alexander\Alexander\Source\Alexander\Private\Testing\CelestialScalingTestStation.cpp(276,25): error C2027: use of undefined type 'UCelestialBodyRegistry'
	int32 FinalBodyCount = BodyRegistry->GetRegisteredBodyCount();
	                       ^
C:\Users\allen\Desktop\Alexander\Alexander\Source\Alexander\Public\Testing\CelestialScalingTestStation.h(11,7): note: see declaration of 'UCelestialBodyRegistry'
class UCelestialBodyRegistry;
      ^
C:\Users\allen\Desktop\Alexander\Alexander\Source\Alexander\Private\Testing\CelestialScalingTestStation.cpp(394,7): error C2664: 'bool UTestStation::CheckNotNull(UObject *,const FString &,const FString &)': cannot convert argument 1 from 'UScalingCalculator *' to 'UObject *'
	if (!CheckNotNull(ScalingCalculator, TEXT("Dynamic_Scaling"), TEXT("ScalingCalculator subsystem not found")))
	     ^
C:\Users\allen\Desktop\Alexander\Alexander\Source\Alexander\Private\Testing\CelestialScalingTestStation.cpp(394,20): note: Types pointed to are unrelated; conversion requires reinterpret_cast, C-style cast or parenthesized function-style cast
	if (!CheckNotNull(ScalingCalculator, TEXT("Dynamic_Scaling"), TEXT("ScalingCalculator subsystem not found")))
	                  ^
C:\Users\allen\Desktop\Alexander\Alexander\Source\Alexander\Public\Testing\TestStation.h(116,7): note: see declaration of 'UTestStation::CheckNotNull'
	bool CheckNotNull(UObject* Object, const FString& TestName, const FString& ErrorMessage);
	     ^
C:\Users\allen\Desktop\Alexander\Alexander\Source\Alexander\Private\Testing\CelestialScalingTestStation.cpp(394,7): note: while trying to match the argument list '(UScalingCalculator *, const wchar_t [16], const wchar_t [38])'
	if (!CheckNotNull(ScalingCalculator, TEXT("Dynamic_Scaling"), TEXT("ScalingCalculator subsystem not found")))
	     ^
C:\Users\allen\Desktop\Alexander\Alexander\Source\Alexander\Private\Testing\CelestialScalingTestStation.cpp(410,7): error C2664: 'bool UTestStation::CheckNotNull(UObject *,const FString &,const FString &)': cannot convert argument 1 from 'UCelestialBodyComponent *' to 'UObject *'
	if (!CheckNotNull(CelestialBody, TEXT("Dynamic_Scaling"), TEXT("CelestialBodyComponent not found")))
	     ^
C:\Users\allen\Desktop\Alexander\Alexander\Source\Alexander\Private\Testing\CelestialScalingTestStation.cpp(410,20): note: Types pointed to are unrelated; conversion requires reinterpret_cast, C-style cast or parenthesized function-style cast
	if (!CheckNotNull(CelestialBody, TEXT("Dynamic_Scaling"), TEXT("CelestialBodyComponent not found")))
	                  ^
C:\Users\allen\Desktop\Alexander\Alexander\Source\Alexander\Public\Testing\TestStation.h(116,7): note: see declaration of 'UTestStation::CheckNotNull'
	bool CheckNotNull(UObject* Object, const FString& TestName, const FString& ErrorMessage);
	     ^
C:\Users\allen\Desktop\Alexander\Alexander\Source\Alexander\Private\Testing\CelestialScalingTestStation.cpp(410,7): note: while trying to match the argument list '(UCelestialBodyComponent *, const wchar_t [16], const wchar_t [33])'
	if (!CheckNotNull(CelestialBody, TEXT("Dynamic_Scaling"), TEXT("CelestialBodyComponent not found")))
	     ^
C:\Users\allen\Desktop\Alexander\Alexander\Source\Alexander\Private\Testing\CelestialScalingTestStation.cpp(417,23): error C2027: use of undefined type 'UCelestialBodyComponent'
	float InitialScale = CelestialBody->CurrentScaleFactor;
	                     ^
C:\Users\allen\Desktop\Alexander\Alexander\Source\Alexander\Public\Testing\CelestialScalingTestStation.h(10,7): note: see declaration of 'UCelestialBodyComponent'
class UCelestialBodyComponent;
      ^
C:\Users\allen\Desktop\Alexander\Alexander\Source\Alexander\Private\Testing\CelestialScalingTestStation.cpp(433,3): error C2027: use of undefined type 'UCelestialBodyComponent'
		CelestialBody->UpdateScale(FVector::ZeroVector);
		^
C:\Users\allen\Desktop\Alexander\Alexander\Source\Alexander\Public\Testing\CelestialScalingTestStation.h(10,7): note: see declaration of 'UCelestialBodyComponent'
class UCelestialBodyComponent;
      ^
C:\Users\allen\Desktop\Alexander\Alexander\Source\Alexander\Private\Testing\CelestialScalingTestStation.cpp(434,20): error C2027: use of undefined type 'UCelestialBodyComponent'
		float NewScale = CelestialBody->CurrentScaleFactor;
		                 ^
C:\Users\allen\Desktop\Alexander\Alexander\Source\Alexander\Public\Testing\CelestialScalingTestStation.h(10,7): note: see declaration of 'UCelestialBodyComponent'
class UCelestialBodyComponent;
      ^
C:\Users\allen\Desktop\Alexander\Alexander\Source\Alexander\Private\Testing\CelestialScalingTestStation.cpp(467,7): error C2664: 'bool UTestStation::CheckNotNull(UObject *,const FString &,const FString &)': cannot convert argument 1 from 'UGravitySimulator *' to 'UObject *'
	if (!CheckNotNull(GravitySimulator, TEXT("Multi_Body_Gravity"), TEXT("GravitySimulator subsystem not found")))
	     ^
C:\Users\allen\Desktop\Alexander\Alexander\Source\Alexander\Private\Testing\CelestialScalingTestStation.cpp(467,20): note: Types pointed to are unrelated; conversion requires reinterpret_cast, C-style cast or parenthesized function-style cast
	if (!CheckNotNull(GravitySimulator, TEXT("Multi_Body_Gravity"), TEXT("GravitySimulator subsystem not found")))
	                  ^
C:\Users\allen\Desktop\Alexander\Alexander\Source\Alexander\Public\Testing\TestStation.h(116,7): note: see declaration of 'UTestStation::CheckNotNull'
	bool CheckNotNull(UObject* Object, const FString& TestName, const FString& ErrorMessage);
	     ^
C:\Users\allen\Desktop\Alexander\Alexander\Source\Alexander\Private\Testing\CelestialScalingTestStation.cpp(467,7): note: while trying to match the argument list '(UGravitySimulator *, const wchar_t [19], const wchar_t [37])'
	if (!CheckNotNull(GravitySimulator, TEXT("Multi_Body_Gravity"), TEXT("GravitySimulator subsystem not found")))
	     ^
C:\Users\allen\Desktop\Alexander\Alexander\Source\Alexander\Private\Testing\CelestialScalingTestStation.cpp(489,23): error C2027: use of undefined type 'UGravitySimulator'
	FVector TotalForce = GravitySimulator->CalculateTotalGravitationalForce(nullptr, TestPoint);
	                     ^
C:\Users\allen\Desktop\Alexander\Alexander\Source\Alexander\Public\Testing\CelestialScalingTestStation.h(13,7): note: see declaration of 'UGravitySimulator'
class UGravitySimulator;
      ^
C:\Users\allen\Desktop\Alexander\Alexander\Source\Alexander\Private\Testing\CelestialScalingTestStation.cpp(515,7): error C2664: 'bool UTestStation::CheckNotNull(UObject *,const FString &,const FString &)': cannot convert argument 1 from 'UCelestialBodyRegistry *' to 'UObject *'
	if (!CheckNotNull(BodyRegistry, TEXT("Distance_Based_Culling"), TEXT("BodyRegistry subsystem not found")))
	     ^
C:\Users\allen\Desktop\Alexander\Alexander\Source\Alexander\Private\Testing\CelestialScalingTestStation.cpp(515,20): note: Types pointed to are unrelated; conversion requires reinterpret_cast, C-style cast or parenthesized function-style cast
	if (!CheckNotNull(BodyRegistry, TEXT("Distance_Based_Culling"), TEXT("BodyRegistry subsystem not found")))
	                  ^
C:\Users\allen\Desktop\Alexander\Alexander\Source\Alexander\Public\Testing\TestStation.h(116,7): note: see declaration of 'UTestStation::CheckNotNull'
	bool CheckNotNull(UObject* Object, const FString& TestName, const FString& ErrorMessage);
	     ^
C:\Users\allen\Desktop\Alexander\Alexander\Source\Alexander\Private\Testing\CelestialScalingTestStation.cpp(515,7): note: while trying to match the argument list '(UCelestialBodyRegistry *, const wchar_t [23], const wchar_t [33])'
	if (!CheckNotNull(BodyRegistry, TEXT("Distance_Based_Culling"), TEXT("BodyRegistry subsystem not found")))
	     ^
C:\Users\allen\Desktop\Alexander\Alexander\Source\Alexander\Private\Testing\CelestialScalingTestStation.cpp(555,30): error C2653: 'UAstronomicalConstantsLibrary': is not a class or namespace name
	bool bRequiresRecentering = UAstronomicalConstantsLibrary::RequiresRecentering(TestOffset);
	                            ^
C:\Users\allen\Desktop\Alexander\Alexander\Source\Alexander\Private\Testing\CelestialScalingTestStation.cpp(555,61): error C3861: 'RequiresRecentering': identifier not found
	bool bRequiresRecentering = UAstronomicalConstantsLibrary::RequiresRecentering(TestOffset);
	                                                           ^
C:\Users\allen\Desktop\Alexander\Alexander\Source\Alexander\Private\Testing\CelestialScalingTestStation.cpp(562,30): error C2653: 'UAstronomicalConstantsLibrary': is not a class or namespace name
	bool bSmallOffsetRecenter = UAstronomicalConstantsLibrary::RequiresRecentering(SmallOffset);
	                            ^
C:\Users\allen\Desktop\Alexander\Alexander\Source\Alexander\Private\Testing\CelestialScalingTestStation.cpp(562,61): error C3861: 'RequiresRecentering': identifier not found
	bool bSmallOffsetRecenter = UAstronomicalConstantsLibrary::RequiresRecentering(SmallOffset);
	                                                           ^
C:\Users\allen\Desktop\Alexander\Alexander\Source\Alexander\Private\Testing\CelestialScalingTestStation.cpp(594,7): error C2664: 'bool UTestStation::CheckNotNull(UObject *,const FString &,const FString &)': cannot convert argument 1 from 'UCelestialBodyComponent *' to 'UObject *'
	if (!CheckNotNull(CelestialBody, TEXT("LOD_System"), TEXT("CelestialBodyComponent not found")))
	     ^
C:\Users\allen\Desktop\Alexander\Alexander\Source\Alexander\Private\Testing\CelestialScalingTestStation.cpp(594,20): note: Types pointed to are unrelated; conversion requires reinterpret_cast, C-style cast or parenthesized function-style cast
	if (!CheckNotNull(CelestialBody, TEXT("LOD_System"), TEXT("CelestialBodyComponent not found")))
	                  ^
C:\Users\allen\Desktop\Alexander\Alexander\Source\Alexander\Public\Testing\TestStation.h(116,7): note: see declaration of 'UTestStation::CheckNotNull'
	bool CheckNotNull(UObject* Object, const FString& TestName, const FString& ErrorMessage);
	     ^
C:\Users\allen\Desktop\Alexander\Alexander\Source\Alexander\Private\Testing\CelestialScalingTestStation.cpp(594,7): note: while trying to match the argument list '(UCelestialBodyComponent *, const wchar_t [11], const wchar_t [33])'
	if (!CheckNotNull(CelestialBody, TEXT("LOD_System"), TEXT("CelestialBodyComponent not found")))
	     ^
C:\Users\allen\Desktop\Alexander\Alexander\Source\Alexander\Private\Testing\CelestialScalingTestStation.cpp(646,7): error C2664: 'bool UTestStation::CheckNotNull(UObject *,const FString &,const FString &)': cannot convert argument 1 from 'UCelestialBodyRegistry *' to 'UObject *'
	if (!CheckNotNull(BodyRegistry, TEXT("Registry_Management"), TEXT("BodyRegistry subsystem not found")))
	     ^
C:\Users\allen\Desktop\Alexander\Alexander\Source\Alexander\Private\Testing\CelestialScalingTestStation.cpp(646,20): note: Types pointed to are unrelated; conversion requires reinterpret_cast, C-style cast or parenthesized function-style cast
	if (!CheckNotNull(BodyRegistry, TEXT("Registry_Management"), TEXT("BodyRegistry subsystem not found")))
	                  ^
C:\Users\allen\Desktop\Alexander\Alexander\Source\Alexander\Public\Testing\TestStation.h(116,7): note: see declaration of 'UTestStation::CheckNotNull'
	bool CheckNotNull(UObject* Object, const FString& TestName, const FString& ErrorMessage);
	     ^
C:\Users\allen\Desktop\Alexander\Alexander\Source\Alexander\Private\Testing\CelestialScalingTestStation.cpp(646,7): note: while trying to match the argument list '(UCelestialBodyRegistry *, const wchar_t [20], const wchar_t [33])'
	if (!CheckNotNull(BodyRegistry, TEXT("Registry_Management"), TEXT("BodyRegistry subsystem not found")))
	     ^
C:\Users\allen\Desktop\Alexander\Alexander\Source\Alexander\Private\Testing\CelestialScalingTestStation.cpp(651,23): error C2027: use of undefined type 'UCelestialBodyRegistry'
	int32 InitialCount = BodyRegistry->GetRegisteredBodyCount();
	                     ^
C:\Users\allen\Desktop\Alexander\Alexander\Source\Alexander\Public\Testing\CelestialScalingTestStation.h(11,7): note: see declaration of 'UCelestialBodyRegistry'
class UCelestialBodyRegistry;
      ^
C:\Users\allen\Desktop\Alexander\Alexander\Source\Alexander\Private\Testing\CelestialScalingTestStation.cpp(662,26): error C2027: use of undefined type 'UCelestialBodyRegistry'
	int32 AfterSpawnCount = BodyRegistry->GetRegisteredBodyCount();
	                        ^
C:\Users\allen\Desktop\Alexander\Alexander\Source\Alexander\Public\Testing\CelestialScalingTestStation.h(11,7): note: see declaration of 'UCelestialBodyRegistry'
class UCelestialBodyRegistry;
      ^
C:\Users\allen\Desktop\Alexander\Alexander\Source\Alexander\Private\Testing\CelestialScalingTestStation.cpp(678,21): error C2027: use of undefined type 'UCelestialBodyRegistry'
	int32 FinalCount = BodyRegistry->GetRegisteredBodyCount();
	                   ^
C:\Users\allen\Desktop\Alexander\Alexander\Source\Alexander\Public\Testing\CelestialScalingTestStation.h(11,7): note: see declaration of 'UCelestialBodyRegistry'
class UCelestialBodyRegistry;
      ^
C:\Users\allen\Desktop\Alexander\Alexander\Source\Alexander\Private\Testing\CelestialScalingTestStation.cpp(714,4): error C2027: use of undefined type 'UCelestialBodyComponent'
			CelestialComp->Mass = Mass;
			^
C:\Users\allen\Desktop\Alexander\Alexander\Source\Alexander\Public\Testing\CelestialScalingTestStation.h(10,7): note: see declaration of 'UCelestialBodyComponent'
class UCelestialBodyComponent;
      ^
C:\Users\allen\Desktop\Alexander\Alexander\Source\Alexander\Private\Testing\CelestialScalingTestStation.cpp(715,4): error C2027: use of undefined type 'UCelestialBodyComponent'
			CelestialComp->Radius = Radius;
			^
C:\Users\allen\Desktop\Alexander\Alexander\Source\Alexander\Public\Testing\CelestialScalingTestStation.h(10,7): note: see declaration of 'UCelestialBodyComponent'
class UCelestialBodyComponent;
      ^
C:\Users\allen\Desktop\Alexander\Alexander\Source\Alexander\Private\Testing\CelestialScalingTestStation.cpp(716,4): error C2027: use of undefined type 'UCelestialBodyComponent'
			CelestialComp->bEnableDynamicScaling = true;
			^
C:\Users\allen\Desktop\Alexander\Alexander\Source\Alexander\Public\Testing\CelestialScalingTestStation.h(10,7): note: see declaration of 'UCelestialBodyComponent'
class UCelestialBodyComponent;
      ^
C:\Users\allen\Desktop\Alexander\Alexander\Source\Alexander\Private\Testing\CelestialScalingTestStation.cpp(717,4): error C2027: use of undefined type 'UCelestialBodyComponent'
			CelestialComp->bEnableGravity = true;
			^
C:\Users\allen\Desktop\Alexander\Alexander\Source\Alexander\Public\Testing\CelestialScalingTestStation.h(10,7): note: see declaration of 'UCelestialBodyComponent'
class UCelestialBodyComponent;
      ^
C:\Users\allen\Desktop\Alexander\Alexander\Source\Alexander\Private\Testing\CelestialScalingTestStation.cpp(738,88): error C4458: declaration of 'ReferenceDistance' hides class member
float UCelestialScalingTestStation::CalculateExpectedScaleFactor(float Distance, float ReferenceDistance) const
                                                                                       ^
C:\Users\allen\Desktop\Alexander\Alexander\Source\Alexander\Public\Testing\CelestialScalingTestStation.h(210,25): note: see declaration of 'UCelestialScalingTestStation::ReferenceDistance'
	static constexpr float ReferenceDistance = 1000000.0f; // 10,000 km in cm
	                       ^
C:\Users\allen\Desktop\Alexander\Alexander\Source\Alexander\Private\Testing\CelestialScalingTestStation.cpp(831,3): error C2027: use of undefined type 'UCelestialBodyRegistry'
		BodyRegistry->UpdateAllBodyPositions(Offset);
		^
C:\Users\allen\Desktop\Alexander\Alexander\Source\Alexander\Public\Testing\CelestialScalingTestStation.h(11,7): note: see declaration of 'UCelestialBodyRegistry'
class UCelestialBodyRegistry;
      ^
[9/91] Compile [x64] AIVisionTestStation.cpp
C:\Program Files\Epic Games\UE_5.6\Engine\Source\Runtime\CoreUObject\Public\Templates\SubclassOf.h(111,38): error C2027: use of undefined type 'AAIScreenshotCapture'
		if (!Class || !Class->IsChildOf(T::StaticClass()))
		                                   ^
C:\Users\allen\Desktop\Alexander\Alexander\Source\Alexander\Public\Testing\AIVisionTestStation.h(10,7): note: see declaration of 'AAIScreenshotCapture'
class AAIScreenshotCapture; // TODO: Create this class
      ^
C:\Program Files\Epic Games\UE_5.6\Engine\Source\Runtime\CoreUObject\Public\Templates\SubclassOf.h(111,38): note: the template instantiation context (the oldest one first) is
		if (!Class || !Class->IsChildOf(T::StaticClass()))
		                                   ^
C:\Users\allen\Desktop\Alexander\Alexander\Source\Alexander\Public\Testing\AIVisionTestStation.h(45,36): note: see reference to class template instantiation 'TSubclassOf<AAIScreenshotCapture>' being compiled
	TSubclassOf<AAIScreenshotCapture> ScreenshotCaptureClass; // TODO: Create AAIScreenshotCapture class
	                                  ^
C:\Program Files\Epic Games\UE_5.6\Engine\Source\Runtime\CoreUObject\Public\Templates\SubclassOf.h(109,36): note: while compiling class template member function 'UClass *TSubclassOf<AAIScreenshotCapture>::operator *(void) const'
	[[nodiscard]] FORCEINLINE UClass* operator*() const
	                                  ^
C:\Program Files\Epic Games\UE_5.6\Engine\Source\Runtime\CoreUObject\Public\Templates\SubclassOf.h(133,3): note: see the first reference to 'TSubclassOf<AAIScreenshotCapture>::operator *' in 'TSubclassOf<AAIScreenshotCapture>::operator UClass *'
		return **this;
		^
C:\Users\allen\Desktop\Alexander\Alexander\Source\Alexander\Private\Testing\AIVisionTestStation.cpp(706,2): note: see the first reference to 'TSubclassOf<AAIScreenshotCapture>::operator UClass *' in 'UAIVisionTestStation::InitializeScreenshotCapture'
	if (!ScreenshotCaptureClass)
	^
C:\Program Files\Epic Games\UE_5.6\Engine\Source\Runtime\CoreUObject\Public\Templates\SubclassOf.h(111,38): error C2672: 'StaticClass': no matching overloaded function found
		if (!Class || !Class->IsChildOf(T::StaticClass()))
		                                   ^
C:\Program Files\Epic Games\UE_5.6\Engine\Source\Runtime\CoreUObject\Public\UObject\ReflectedTypeAccessors.h(13,45): note: could be 'UClass *StaticClass(void)'
template<typename ClassType> inline UClass* StaticClass()
                                            ^
C:\Program Files\Epic Games\UE_5.6\Engine\Source\Runtime\CoreUObject\Public\Templates\SubclassOf.h(111,38): note: 'UClass *StaticClass(void)': could not deduce template argument for 'ClassType'
		if (!Class || !Class->IsChildOf(T::StaticClass()))
		                                   ^
[10/91] Compile [x64] Module.Alexander.10.cpp
[11/91] Compile [x64] Module.Alexander.17.cpp
[12/91] Compile [x64] MissionBoardComponent.cpp
C:\Users\allen\Desktop\Alexander\Alexander\Source\Alexander\Private\MissionBoardComponent.cpp(1227,35): error C2039: 'IsEmpty': is not a member of 'FName'
    return !Objective.ObjectiveID.IsEmpty(); // Fixed: ObjectiveID is FString, not FName
                                  ^
C:\Program Files\Epic Games\UE_5.6\Engine\Source\Runtime\Core\Public\UObject\NameTypes.h(575,7): note: see declaration of 'FName'
class FName
      ^
[13/91] Compile [x64] Module.Alexander.2.cpp
[14/91] Compile [x64] GameSystemsTest.cpp
[15/91] Compile [x64] Module.Alexander.14.cpp
[16/91] Compile [x64] Module.Alexander.11.cpp
[17/91] Compile [x64] FarmingTestStation.cpp
[18/91] Compile [x64] Module.Alexander.20.cpp
[19/91] Compile [x64] Module.Alexander.13.cpp
[20/91] Compile [x64] AudioSystemManager.cpp
C:\Users\allen\Desktop\Alexander\Alexander\Source\Alexander\Private\AudioSystemManager.cpp(777,49): error C2660: 'APlayerController::SetAudioListenerOverride': function does not take 2 arguments
        GetWorld()->GetFirstPlayerController()->SetAudioListenerOverride(Position, Rotation);
                                                ^
C:\Program Files\Epic Games\UE_5.6\Engine\Source\Runtime\Engine\Classes\GameFramework\PlayerController.h(1932,18): note: see declaration of 'APlayerController::SetAudioListenerOverride'
	ENGINE_API void SetAudioListenerOverride(USceneComponent* AttachToComponent, FVector Location, FRotator Rotation);
	                ^
C:\Users\allen\Desktop\Alexander\Alexander\Source\Alexander\Private\AudioSystemManager.cpp(777,49): note: while trying to match the argument list '(FVector, FRotator)'
        GetWorld()->GetFirstPlayerController()->SetAudioListenerOverride(Position, Rotation);
                                                ^
C:\Users\allen\Desktop\Alexander\Alexander\Source\Alexander\Private\AudioSystemManager.cpp(792,58): error C2653: 'ESoundDistanceModel': is not a class or namespace name
            Attenuation->Attenuation.DistanceAlgorithm = ESoundDistanceModel::Inverse;
                                                         ^
C:\Users\allen\Desktop\Alexander\Alexander\Source\Alexander\Private\AudioSystemManager.cpp(792,79): error C2563: mismatch in formal parameter list
            Attenuation->Attenuation.DistanceAlgorithm = ESoundDistanceModel::Inverse;
                                                                              ^
C:\Users\allen\Desktop\Alexander\Alexander\Source\Alexander\Private\AudioSystemManager.cpp(792,79): error C2568: '=': unable to resolve function overload
C:\Users\allen\Desktop\Alexander\Alexander\Source\Alexander\Private\AudioSystemManager.cpp(792,79): note: could be 'UE::Math::TVector2<T> Inverse(const UE::Math::TVector2<T> &)'
C:\Users\allen\Desktop\Alexander\Alexander\Source\Alexander\Private\AudioSystemManager.cpp(792,79): note: or       'FloatType Inverse(FloatType)'
C:\Users\allen\Desktop\Alexander\Alexander\Source\Alexander\Private\AudioSystemManager.cpp(792,79): note: or       'unknown-type Inverse(const TransformType &)'
C:\Users\allen\Desktop\Alexander\Alexander\Source\Alexander\Private\AudioSystemManager.cpp(793,57): error C2653: 'ESoundAttenuationShape': is not a class or namespace name
            Attenuation->Attenuation.AttenuationShape = ESoundAttenuationShape::Sphere;
                                                        ^
C:\Users\allen\Desktop\Alexander\Alexander\Source\Alexander\Private\AudioSystemManager.cpp(793,81): error C2065: 'Sphere': undeclared identifier
            Attenuation->Attenuation.AttenuationShape = ESoundAttenuationShape::Sphere;
                                                                                ^
C:\Users\allen\Desktop\Alexander\Alexander\Source\Alexander\Private\AudioSystemManager.cpp(794,38): error C2039: 'RadiusMax': is not a member of 'FSoundAttenuationSettings'
            Attenuation->Attenuation.RadiusMax = MaxDistance;
                                     ^
C:\Program Files\Epic Games\UE_5.6\Engine\Source\Runtime\Engine\Classes\Sound\SoundAttenuation.h(138,8): note: see declaration of 'FSoundAttenuationSettings'
struct FSoundAttenuationSettings : public FBaseAttenuationSettings
       ^
C:\Users\allen\Desktop\Alexander\Alexander\Source\Alexander\Private\AudioSystemManager.cpp(795,38): error C2039: 'RadiusMin': is not a member of 'FSoundAttenuationSettings'
            Attenuation->Attenuation.RadiusMin = MinDistance;
                                     ^
C:\Program Files\Epic Games\UE_5.6\Engine\Source\Runtime\Engine\Classes\Sound\SoundAttenuation.h(138,8): note: see declaration of 'FSoundAttenuationSettings'
struct FSoundAttenuationSettings : public FBaseAttenuationSettings
       ^
C:\Users\allen\Desktop\Alexander\Alexander\Source\Alexander\Private\AudioSystemManager.cpp(994,18): error C2039: 'SetMasterSoundVolume': is not a member of 'UEngine'
        GEngine->SetMasterSoundVolume(CurrentAudioSettings.MasterVolume);
                 ^
C:\Program Files\Epic Games\UE_5.6\Engine\Source\Runtime\Engine\Classes\Engine\Engine.h(708,7): note: see declaration of 'UEngine'
class UEngine
      ^
C:\Users\allen\Desktop\Alexander\Alexander\Source\Alexander\Private\AudioSystemManager.cpp(1016,28): error C3861: 'GetVolumeForEventByType': identifier not found
            float Volume = GetVolumeForEventByType(Instance.EventName);
                           ^
C:\Users\allen\Desktop\Alexander\Alexander\Source\Alexander\Private\AudioSystemManager.cpp(1052,28): error C2039: 'GetVolumeForEventByType': is not a member of 'UAudioSystemManager'
float UAudioSystemManager::GetVolumeForEventByType(const FString& EventName) const
                           ^
C:\Users\allen\Desktop\Alexander\Alexander\Source\Alexander\Public\AudioSystemManager.h(365,21): note: see declaration of 'UAudioSystemManager'
class ALEXANDER_API UAudioSystemManager : public UObject
                    ^
C:\Users\allen\Desktop\Alexander\Alexander\Source\Alexander\Private\AudioSystemManager.cpp(1052,28): error C2270: 'GetVolumeForEventByType': modifiers not allowed on nonmember functions
float UAudioSystemManager::GetVolumeForEventByType(const FString& EventName) const
                           ^
C:\Users\allen\Desktop\Alexander\Alexander\Source\Alexander\Private\AudioSystemManager.cpp(1056,16): error C2065: 'CurrentAudioSettings': undeclared identifier
        return CurrentAudioSettings.MusicVolume;
               ^
C:\Users\allen\Desktop\Alexander\Alexander\Source\Alexander\Private\AudioSystemManager.cpp(1060,16): error C2065: 'CurrentAudioSettings': undeclared identifier
        return CurrentAudioSettings.DialogueVolume;
               ^
C:\Users\allen\Desktop\Alexander\Alexander\Source\Alexander\Private\AudioSystemManager.cpp(1064,16): error C2065: 'CurrentAudioSettings': undeclared identifier
        return CurrentAudioSettings.AmbientVolume;
               ^
C:\Users\allen\Desktop\Alexander\Alexander\Source\Alexander\Private\AudioSystemManager.cpp(1068,16): error C2065: 'CurrentAudioSettings': undeclared identifier
        return CurrentAudioSettings.UIVolume;
               ^
C:\Users\allen\Desktop\Alexander\Alexander\Source\Alexander\Private\AudioSystemManager.cpp(1072,16): error C2065: 'CurrentAudioSettings': undeclared identifier
        return CurrentAudioSettings.VoiceChatVolume;
               ^
C:\Users\allen\Desktop\Alexander\Alexander\Source\Alexander\Private\AudioSystemManager.cpp(1076,16): error C2065: 'CurrentAudioSettings': undeclared identifier
        return CurrentAudioSettings.SFXVolume;
               ^
[21/91] Compile [x64] Module.Alexander.19.cpp
[22/91] Compile [x64] Module.Alexander.15.cpp
[23/91] Compile [x64] Module.Alexander.18.cpp
[24/91] Compile [x64] Module.Alexander.22.cpp
[25/91] Compile [x64] AlexanderAssetManager.cpp
[26/91] Compile [x64] Module.Alexander.24.cpp
[27/91] Compile [x64] FarmStatusWidget.cpp
C:\Users\allen\Desktop\Alexander\Alexander\Source\Alexander\Private\FarmStatusWidget.cpp(19,4): warning C5038: data member 'UFarmStatusWidget::FarmPlot' will be initialized after data member 'UFarmStatusWidget::UpdateInterval'
	, FarmPlot(nullptr)
	  ^
C:\Users\allen\Desktop\Alexander\Alexander\Source\Alexander\Private\FarmStatusWidget.cpp(38,4): warning C5038: data member 'UFarmStatusWidget::TimeSinceLastUpdate' will be initialized after data member 'UFarmStatusWidget::CropTypeFilter'
	, TimeSinceLastUpdate(0.0f)
	  ^
[28/91] Compile [x64] Module.Alexander.1.cpp
[29/91] Compile [x64] Module.Alexander.26.cpp
[30/91] Compile [x64] MissionAIController.cpp
C:\Program Files\Epic Games\UE_5.6\Engine\Source\Runtime\CoreUObject\Public\Templates\Casts.h(159,6): warning C4996: 'Cast::FStaticWarningMsg_159::condition': Attempting to use Cast<> on types that are not related
					UE_STATIC_ASSERT_WARN((std::is_base_of_v<From, To>), "Attempting to use Cast<> on types that are not related");
					^
C:\Program Files\Epic Games\UE_5.6\Engine\Source\Runtime\CoreUObject\Public\Templates\Casts.h(159,6): note: the template instantiation context (the oldest one first) is
C:\Users\allen\Desktop\Alexander\Alexander\Source\Alexander\Private\MissionAIController.cpp(108,17): note: see reference to function template instantiation 'ASpaceship *Cast<ASpaceship,APawn>(From *)' being compiled
        with
        [
            From=APawn
        ]
    Spaceship = Cast<ASpaceship>(InPawn);
                ^
[31/91] Compile [x64] Module.Alexander.21.cpp
[32/91] Compile [x64] Module.Alexander.27.cpp
[33/91] Compile [x64] ColonyBuildingSystem.cpp
[34/91] Compile [x64] Module.Alexander.3.cpp
C:\Users\allen\Desktop\Alexander\Alexander\Intermediate\Build\Win64\UnrealGame\Inc\Alexander\UHT\AIVisionTestStation.gen.cpp(15,1): error C4430: missing type specifier - int assumed. Note: C++ does not support default-int
AIVISIONSYSTEM_API UClass* Z_Construct_UClass_AAIScreenshotCapture_NoRegister();
^
C:\Users\allen\Desktop\Alexander\Alexander\Intermediate\Build\Win64\UnrealGame\Inc\Alexander\UHT\AIVisionTestStation.gen.cpp(15,20): error C2146: syntax error: missing ';' before identifier 'UClass'
AIVISIONSYSTEM_API UClass* Z_Construct_UClass_AAIScreenshotCapture_NoRegister();
                   ^
C:\Users\allen\Desktop\Alexander\Alexander\Intermediate\Build\Win64\UnrealGame\Inc\Alexander\UHT\AIVisionTestStation.gen.cpp(162,396): error C2065: 'Z_Construct_UClass_AAIScreenshotCapture_NoRegister': undeclared identifier
const UECodeGen_Private::FClassPropertyParams Z_Construct_UClass_UAIVisionTestStation_Statics::NewProp_ScreenshotCaptureClass = { "ScreenshotCaptureClass", nullptr, (EPropertyFlags)0x0014000000000005, UECodeGen_Private::EPropertyGenFlags::Class, RF_Public|RF_Transient|RF_MarkAsNative, nullptr, nullptr, 1, STRUCT_OFFSET(UAIVisionTestStation, ScreenshotCaptureClass), Z_Construct_UClass_UClass, Z_Construct_UClass_AAIScreenshotCapture_NoRegister, METADATA_PARAMS(UE_ARRAY_COUNT(NewProp_ScreenshotCaptureClass_MetaData), NewProp_ScreenshotCaptureClass_MetaData) };
                                                                                                                                                                                                                                                                                                                                                                                                           ^
C:\Users\allen\Desktop\Alexander\Alexander\Intermediate\Build\Win64\UnrealGame\Inc\Alexander\UHT\AIVisionTestStation.gen.cpp(162,96): error C2737: 'NewProp_ScreenshotCaptureClass': const object must be initialized
const UECodeGen_Private::FClassPropertyParams Z_Construct_UClass_UAIVisionTestStation_Statics::NewProp_ScreenshotCaptureClass = { "ScreenshotCaptureClass", nullptr, (EPropertyFlags)0x0014000000000005, UECodeGen_Private::EPropertyGenFlags::Class, RF_Public|RF_Transient|RF_MarkAsNative, nullptr, nullptr, 1, STRUCT_OFFSET(UAIVisionTestStation, ScreenshotCaptureClass), Z_Construct_UClass_UClass, Z_Construct_UClass_AAIScreenshotCapture_NoRegister, METADATA_PARAMS(UE_ARRAY_COUNT(NewProp_ScreenshotCaptureClass_MetaData), NewProp_ScreenshotCaptureClass_MetaData) };
                                                                                               ^
[35/91] Compile [x64] FirstMissionGameMode.cpp
[36/91] Compile [x64] Module.Alexander.12.cpp
[37/91] Compile [x64] Module.Alexander.23.cpp
[38/91] Compile [x64] Module.Alexander.29.cpp
[39/91] Compile [x64] Module.Alexander.30.cpp
[40/91] Compile [x64] Module.Alexander.28.cpp
[41/91] Compile [x64] Module.Alexander.31.cpp
[42/91] Compile [x64] Module.Alexander.32.cpp
[43/91] Compile [x64] Module.Alexander.35.cpp
[44/91] Compile [x64] Module.Alexander.42.cpp
[45/91] Compile [x64] Module.Alexander.43.cpp
[46/91] Compile [x64] Module.Alexander.37.cpp
[47/91] Compile [x64] Module.Alexander.36.cpp
[48/91] Compile [x64] Module.Alexander.34.cpp
[49/91] Compile [x64] Module.Alexander.45.cpp
[50/91] Compile [x64] Module.Alexander.48.cpp
[51/91] Compile [x64] Module.Alexander.47.cpp
[52/91] Compile [x64] Module.Alexander.44.cpp
[53/91] Compile [x64] Module.Alexander.4.cpp
[54/91] Compile [x64] Module.Alexander.46.cpp
[55/91] Compile [x64] Module.Alexander.41.cpp
[56/91] Compile [x64] Module.Alexander.38.cpp
[57/91] Compile [x64] Module.Alexander.39.cpp
[58/91] Compile [x64] Module.Alexander.33.cpp
[59/91] Compile [x64] Module.Alexander.5.cpp
[60/91] Compile [x64] Module.Alexander.40.cpp
[61/91] Compile [x64] Module.Alexander.6.cpp
[62/91] Compile [x64] Module.Alexander.16.cpp
[63/91] Compile [x64] Module.Alexander.7.cpp
[64/91] Compile [x64] TestStation.cpp
C:\Users\allen\Desktop\Alexander\Alexander\Source\Alexander\Private\Testing\TestStation.cpp(413,2): error C4530: C++ exception handler used, but unwind semantics are not enabled. Specify /EHsc
	try
	^
[65/91] Compile [x64] SpaceshipFlightTestStation.cpp
C:\Users\allen\Desktop\Alexander\Alexander\Source\Alexander\Private\Testing\SpaceshipFlightTestStation.cpp(164,52): error C2679: binary '-': no operator found which takes a right-hand operand of type 'T' (or there is no acceptable conversion)
        with
        [
            T=double
        ]
	float RotationDifference = FMath::Max3(FMath::Abs(EndRotation - StartRotation.Pitch), FMath::Abs(EndRotation - StartRotation.Yaw), FMath::Abs(EndRotation - StartRotation.Roll));
	                                                  ^
C:\Program Files\Epic Games\UE_5.6\Engine\Source\Runtime\Core\Public\Math\Rotator.h(137,25): note: could be 'UE::Math::TRotator<double> UE::Math::TRotator<double>::operator -(const UE::Math::TRotator<double> &) const'
	[[nodiscard]] TRotator operator-( const TRotator<T>& R ) const;
	                       ^
C:\Users\allen\Desktop\Alexander\Alexander\Source\Alexander\Private\Testing\SpaceshipFlightTestStation.cpp(164,52): note: 'UE::Math::TRotator<double> UE::Math::TRotator<double>::operator -(const UE::Math::TRotator<double> &) const': cannot convert argument 2 from 'T' to 'const UE::Math::TRotator<double> &'
        with
        [
            T=double
        ]
	float RotationDifference = FMath::Max3(FMath::Abs(EndRotation - StartRotation.Pitch), FMath::Abs(EndRotation - StartRotation.Yaw), FMath::Abs(EndRotation - StartRotation.Roll));
	                                                  ^
C:\Users\allen\Desktop\Alexander\Alexander\Source\Alexander\Private\Testing\SpaceshipFlightTestStation.cpp(164,79): note: Reason: cannot convert from 'T' to 'const UE::Math::TRotator<double>'
        with
        [
            T=double
        ]
	float RotationDifference = FMath::Max3(FMath::Abs(EndRotation - StartRotation.Pitch), FMath::Abs(EndRotation - StartRotation.Yaw), FMath::Abs(EndRotation - StartRotation.Roll));
	                                                                             ^
C:\Users\allen\Desktop\Alexander\Alexander\Source\Alexander\Private\Testing\SpaceshipFlightTestStation.cpp(164,79): note: Constructor for struct 'UE::Math::TRotator<double>' is declared 'explicit'
C:\Users\allen\Desktop\Alexander\Alexander\Source\Alexander\Private\Testing\SpaceshipFlightTestStation.cpp(164,52): note: while trying to match the argument list '(FRotator, T)'
        with
        [
            T=double
        ]
	float RotationDifference = FMath::Max3(FMath::Abs(EndRotation - StartRotation.Pitch), FMath::Abs(EndRotation - StartRotation.Yaw), FMath::Abs(EndRotation - StartRotation.Roll));
	                                                  ^
C:\Users\allen\Desktop\Alexander\Alexander\Source\Alexander\Private\Testing\SpaceshipFlightTestStation.cpp(164,48): error C2672: 'FGenericPlatformMath::Abs': no matching overloaded function found
	float RotationDifference = FMath::Max3(FMath::Abs(EndRotation - StartRotation.Pitch), FMath::Abs(EndRotation - StartRotation.Yaw), FMath::Abs(EndRotation - StartRotation.Roll));
	                                              ^
C:\Program Files\Epic Games\UE_5.6\Engine\Source\Runtime\Core\Public\GenericPlatform\GenericPlatformMath.h(946,47): note: could be 'T FGenericPlatformMath::Abs(const T)'
	[[nodiscard]] static constexpr FORCEINLINE T Abs( const T A )
	                                             ^
C:\Users\allen\Desktop\Alexander\Alexander\Source\Alexander\Private\Testing\SpaceshipFlightTestStation.cpp(164,99): error C2679: binary '-': no operator found which takes a right-hand operand of type 'T' (or there is no acceptable conversion)
        with
        [
            T=double
        ]
	float RotationDifference = FMath::Max3(FMath::Abs(EndRotation - StartRotation.Pitch), FMath::Abs(EndRotation - StartRotation.Yaw), FMath::Abs(EndRotation - StartRotation.Roll));
	                                                                                                 ^
C:\Program Files\Epic Games\UE_5.6\Engine\Source\Runtime\Core\Public\Math\Rotator.h(137,25): note: could be 'UE::Math::TRotator<double> UE::Math::TRotator<double>::operator -(const UE::Math::TRotator<double> &) const'
	[[nodiscard]] TRotator operator-( const TRotator<T>& R ) const;
	                       ^
C:\Users\allen\Desktop\Alexander\Alexander\Source\Alexander\Private\Testing\SpaceshipFlightTestStation.cpp(164,99): note: 'UE::Math::TRotator<double> UE::Math::TRotator<double>::operator -(const UE::Math::TRotator<double> &) const': cannot convert argument 2 from 'T' to 'const UE::Math::TRotator<double> &'
        with
        [
            T=double
        ]
	float RotationDifference = FMath::Max3(FMath::Abs(EndRotation - StartRotation.Pitch), FMath::Abs(EndRotation - StartRotation.Yaw), FMath::Abs(EndRotation - StartRotation.Roll));
	                                                                                                 ^
C:\Users\allen\Desktop\Alexander\Alexander\Source\Alexander\Private\Testing\SpaceshipFlightTestStation.cpp(164,126): note: Reason: cannot convert from 'T' to 'const UE::Math::TRotator<double>'
        with
        [
            T=double
        ]
	float RotationDifference = FMath::Max3(FMath::Abs(EndRotation - StartRotation.Pitch), FMath::Abs(EndRotation - StartRotation.Yaw), FMath::Abs(EndRotation - StartRotation.Roll));
	                                                                                                                            ^
C:\Users\allen\Desktop\Alexander\Alexander\Source\Alexander\Private\Testing\SpaceshipFlightTestStation.cpp(164,126): note: Constructor for struct 'UE::Math::TRotator<double>' is declared 'explicit'
C:\Users\allen\Desktop\Alexander\Alexander\Source\Alexander\Private\Testing\SpaceshipFlightTestStation.cpp(164,99): note: while trying to match the argument list '(FRotator, T)'
        with
        [
            T=double
        ]
	float RotationDifference = FMath::Max3(FMath::Abs(EndRotation - StartRotation.Pitch), FMath::Abs(EndRotation - StartRotation.Yaw), FMath::Abs(EndRotation - StartRotation.Roll));
	                                                                                                 ^
C:\Users\allen\Desktop\Alexander\Alexander\Source\Alexander\Private\Testing\SpaceshipFlightTestStation.cpp(164,95): error C2672: 'FGenericPlatformMath::Abs': no matching overloaded function found
	float RotationDifference = FMath::Max3(FMath::Abs(EndRotation - StartRotation.Pitch), FMath::Abs(EndRotation - StartRotation.Yaw), FMath::Abs(EndRotation - StartRotation.Roll));
	                                                                                             ^
C:\Program Files\Epic Games\UE_5.6\Engine\Source\Runtime\Core\Public\GenericPlatform\GenericPlatformMath.h(946,47): note: could be 'T FGenericPlatformMath::Abs(const T)'
	[[nodiscard]] static constexpr FORCEINLINE T Abs( const T A )
	                                             ^
C:\Users\allen\Desktop\Alexander\Alexander\Source\Alexander\Private\Testing\SpaceshipFlightTestStation.cpp(164,144): error C2679: binary '-': no operator found which takes a right-hand operand of type 'T' (or there is no acceptable conversion)
        with
        [
            T=double
        ]
	float RotationDifference = FMath::Max3(FMath::Abs(EndRotation - StartRotation.Pitch), FMath::Abs(EndRotation - StartRotation.Yaw), FMath::Abs(EndRotation - StartRotation.Roll));
	                                                                                                                                              ^
C:\Program Files\Epic Games\UE_5.6\Engine\Source\Runtime\Core\Public\Math\Rotator.h(137,25): note: could be 'UE::Math::TRotator<double> UE::Math::TRotator<double>::operator -(const UE::Math::TRotator<double> &) const'
	[[nodiscard]] TRotator operator-( const TRotator<T>& R ) const;
	                       ^
C:\Users\allen\Desktop\Alexander\Alexander\Source\Alexander\Private\Testing\SpaceshipFlightTestStation.cpp(164,144): note: 'UE::Math::TRotator<double> UE::Math::TRotator<double>::operator -(const UE::Math::TRotator<double> &) const': cannot convert argument 2 from 'T' to 'const UE::Math::TRotator<double> &'
        with
        [
            T=double
        ]
	float RotationDifference = FMath::Max3(FMath::Abs(EndRotation - StartRotation.Pitch), FMath::Abs(EndRotation - StartRotation.Yaw), FMath::Abs(EndRotation - StartRotation.Roll));
	                                                                                                                                              ^
C:\Users\allen\Desktop\Alexander\Alexander\Source\Alexander\Private\Testing\SpaceshipFlightTestStation.cpp(164,171): note: Reason: cannot convert from 'T' to 'const UE::Math::TRotator<double>'
        with
        [
            T=double
        ]
	float RotationDifference = FMath::Max3(FMath::Abs(EndRotation - StartRotation.Pitch), FMath::Abs(EndRotation - StartRotation.Yaw), FMath::Abs(EndRotation - StartRotation.Roll));
	                                                                                                                                                                         ^
C:\Users\allen\Desktop\Alexander\Alexander\Source\Alexander\Private\Testing\SpaceshipFlightTestStation.cpp(164,171): note: Constructor for struct 'UE::Math::TRotator<double>' is declared 'explicit'
C:\Users\allen\Desktop\Alexander\Alexander\Source\Alexander\Private\Testing\SpaceshipFlightTestStation.cpp(164,144): note: while trying to match the argument list '(FRotator, T)'
        with
        [
            T=double
        ]
	float RotationDifference = FMath::Max3(FMath::Abs(EndRotation - StartRotation.Pitch), FMath::Abs(EndRotation - StartRotation.Yaw), FMath::Abs(EndRotation - StartRotation.Roll));
	                                                                                                                                              ^
C:\Users\allen\Desktop\Alexander\Alexander\Source\Alexander\Private\Testing\SpaceshipFlightTestStation.cpp(164,140): error C2672: 'FGenericPlatformMath::Abs': no matching overloaded function found
	float RotationDifference = FMath::Max3(FMath::Abs(EndRotation - StartRotation.Pitch), FMath::Abs(EndRotation - StartRotation.Yaw), FMath::Abs(EndRotation - StartRotation.Roll));
	                                                                                                                                          ^
C:\Program Files\Epic Games\UE_5.6\Engine\Source\Runtime\Core\Public\GenericPlatform\GenericPlatformMath.h(946,47): note: could be 'T FGenericPlatformMath::Abs(const T)'
	[[nodiscard]] static constexpr FORCEINLINE T Abs( const T A )
	                                             ^
C:\Users\allen\Desktop\Alexander\Alexander\Source\Alexander\Private\Testing\SpaceshipFlightTestStation.cpp(164,36): error C2672: 'FMath::Max3': no matching overloaded function found
	float RotationDifference = FMath::Max3(FMath::Abs(EndRotation - StartRotation.Pitch), FMath::Abs(EndRotation - StartRotation.Yaw), FMath::Abs(EndRotation - StartRotation.Roll));
	                                  ^
C:\Program Files\Epic Games\UE_5.6\Engine\Source\Runtime\Core\Public\Math\UnrealMathUtility.h(551,47): note: could be 'T FMath::Max3(const T,const T,const T)'
	[[nodiscard]] static constexpr FORCEINLINE T Max3( const T A, const T B, const T C )
	                                             ^
C:\Users\allen\Desktop\Alexander\Alexander\Source\Alexander\Private\Testing\SpaceshipFlightTestStation.cpp(164,36): note: 'T FMath::Max3(const T,const T,const T)': expects 3 arguments - 1 provided
	float RotationDifference = FMath::Max3(FMath::Abs(EndRotation - StartRotation.Pitch), FMath::Abs(EndRotation - StartRotation.Yaw), FMath::Abs(EndRotation - StartRotation.Roll));
	                                  ^
C:\Users\allen\Desktop\Alexander\Alexander\Source\Alexander\Private\Testing\SpaceshipFlightTestStation.cpp(257,51): error C2679: binary '-': no operator found which takes a right-hand operand of type 'T' (or there is no acceptable conversion)
        with
        [
            T=double
        ]
	float RotationMagnitude = FMath::Max3(FMath::Abs(EndRotation - StartRotation.Pitch), FMath::Abs(EndRotation - StartRotation.Yaw), FMath::Abs(EndRotation - StartRotation.Roll));
	                                                 ^
C:\Program Files\Epic Games\UE_5.6\Engine\Source\Runtime\Core\Public\Math\Rotator.h(137,25): note: could be 'UE::Math::TRotator<double> UE::Math::TRotator<double>::operator -(const UE::Math::TRotator<double> &) const'
	[[nodiscard]] TRotator operator-( const TRotator<T>& R ) const;
	                       ^
C:\Users\allen\Desktop\Alexander\Alexander\Source\Alexander\Private\Testing\SpaceshipFlightTestStation.cpp(257,51): note: 'UE::Math::TRotator<double> UE::Math::TRotator<double>::operator -(const UE::Math::TRotator<double> &) const': cannot convert argument 2 from 'T' to 'const UE::Math::TRotator<double> &'
        with
        [
            T=double
        ]
	float RotationMagnitude = FMath::Max3(FMath::Abs(EndRotation - StartRotation.Pitch), FMath::Abs(EndRotation - StartRotation.Yaw), FMath::Abs(EndRotation - StartRotation.Roll));
	                                                 ^
C:\Users\allen\Desktop\Alexander\Alexander\Source\Alexander\Private\Testing\SpaceshipFlightTestStation.cpp(257,78): note: Reason: cannot convert from 'T' to 'const UE::Math::TRotator<double>'
        with
        [
            T=double
        ]
	float RotationMagnitude = FMath::Max3(FMath::Abs(EndRotation - StartRotation.Pitch), FMath::Abs(EndRotation - StartRotation.Yaw), FMath::Abs(EndRotation - StartRotation.Roll));
	                                                                            ^
C:\Users\allen\Desktop\Alexander\Alexander\Source\Alexander\Private\Testing\SpaceshipFlightTestStation.cpp(257,78): note: Constructor for struct 'UE::Math::TRotator<double>' is declared 'explicit'
C:\Users\allen\Desktop\Alexander\Alexander\Source\Alexander\Private\Testing\SpaceshipFlightTestStation.cpp(257,51): note: while trying to match the argument list '(FRotator, T)'
        with
        [
            T=double
        ]
	float RotationMagnitude = FMath::Max3(FMath::Abs(EndRotation - StartRotation.Pitch), FMath::Abs(EndRotation - StartRotation.Yaw), FMath::Abs(EndRotation - StartRotation.Roll));
	                                                 ^
C:\Users\allen\Desktop\Alexander\Alexander\Source\Alexander\Private\Testing\SpaceshipFlightTestStation.cpp(257,47): error C2672: 'FGenericPlatformMath::Abs': no matching overloaded function found
	float RotationMagnitude = FMath::Max3(FMath::Abs(EndRotation - StartRotation.Pitch), FMath::Abs(EndRotation - StartRotation.Yaw), FMath::Abs(EndRotation - StartRotation.Roll));
	                                             ^
C:\Program Files\Epic Games\UE_5.6\Engine\Source\Runtime\Core\Public\GenericPlatform\GenericPlatformMath.h(946,47): note: could be 'T FGenericPlatformMath::Abs(const T)'
	[[nodiscard]] static constexpr FORCEINLINE T Abs( const T A )
	                                             ^
C:\Users\allen\Desktop\Alexander\Alexander\Source\Alexander\Private\Testing\SpaceshipFlightTestStation.cpp(257,98): error C2679: binary '-': no operator found which takes a right-hand operand of type 'T' (or there is no acceptable conversion)
        with
        [
            T=double
        ]
	float RotationMagnitude = FMath::Max3(FMath::Abs(EndRotation - StartRotation.Pitch), FMath::Abs(EndRotation - StartRotation.Yaw), FMath::Abs(EndRotation - StartRotation.Roll));
	                                                                                                ^
C:\Program Files\Epic Games\UE_5.6\Engine\Source\Runtime\Core\Public\Math\Rotator.h(137,25): note: could be 'UE::Math::TRotator<double> UE::Math::TRotator<double>::operator -(const UE::Math::TRotator<double> &) const'
	[[nodiscard]] TRotator operator-( const TRotator<T>& R ) const;
	                       ^
C:\Users\allen\Desktop\Alexander\Alexander\Source\Alexander\Private\Testing\SpaceshipFlightTestStation.cpp(257,98): note: 'UE::Math::TRotator<double> UE::Math::TRotator<double>::operator -(const UE::Math::TRotator<double> &) const': cannot convert argument 2 from 'T' to 'const UE::Math::TRotator<double> &'
        with
        [
            T=double
        ]
	float RotationMagnitude = FMath::Max3(FMath::Abs(EndRotation - StartRotation.Pitch), FMath::Abs(EndRotation - StartRotation.Yaw), FMath::Abs(EndRotation - StartRotation.Roll));
	                                                                                                ^
C:\Users\allen\Desktop\Alexander\Alexander\Source\Alexander\Private\Testing\SpaceshipFlightTestStation.cpp(257,125): note: Reason: cannot convert from 'T' to 'const UE::Math::TRotator<double>'
        with
        [
            T=double
        ]
	float RotationMagnitude = FMath::Max3(FMath::Abs(EndRotation - StartRotation.Pitch), FMath::Abs(EndRotation - StartRotation.Yaw), FMath::Abs(EndRotation - StartRotation.Roll));
	                                                                                                                           ^
C:\Users\allen\Desktop\Alexander\Alexander\Source\Alexander\Private\Testing\SpaceshipFlightTestStation.cpp(257,125): note: Constructor for struct 'UE::Math::TRotator<double>' is declared 'explicit'
C:\Users\allen\Desktop\Alexander\Alexander\Source\Alexander\Private\Testing\SpaceshipFlightTestStation.cpp(257,98): note: while trying to match the argument list '(FRotator, T)'
        with
        [
            T=double
        ]
	float RotationMagnitude = FMath::Max3(FMath::Abs(EndRotation - StartRotation.Pitch), FMath::Abs(EndRotation - StartRotation.Yaw), FMath::Abs(EndRotation - StartRotation.Roll));
	                                                                                                ^
C:\Users\allen\Desktop\Alexander\Alexander\Source\Alexander\Private\Testing\SpaceshipFlightTestStation.cpp(257,94): error C2672: 'FGenericPlatformMath::Abs': no matching overloaded function found
	float RotationMagnitude = FMath::Max3(FMath::Abs(EndRotation - StartRotation.Pitch), FMath::Abs(EndRotation - StartRotation.Yaw), FMath::Abs(EndRotation - StartRotation.Roll));
	                                                                                            ^
C:\Program Files\Epic Games\UE_5.6\Engine\Source\Runtime\Core\Public\GenericPlatform\GenericPlatformMath.h(946,47): note: could be 'T FGenericPlatformMath::Abs(const T)'
	[[nodiscard]] static constexpr FORCEINLINE T Abs( const T A )
	                                             ^
C:\Users\allen\Desktop\Alexander\Alexander\Source\Alexander\Private\Testing\SpaceshipFlightTestStation.cpp(257,143): error C2679: binary '-': no operator found which takes a right-hand operand of type 'T' (or there is no acceptable conversion)
        with
        [
            T=double
        ]
	float RotationMagnitude = FMath::Max3(FMath::Abs(EndRotation - StartRotation.Pitch), FMath::Abs(EndRotation - StartRotation.Yaw), FMath::Abs(EndRotation - StartRotation.Roll));
	                                                                                                                                             ^
C:\Program Files\Epic Games\UE_5.6\Engine\Source\Runtime\Core\Public\Math\Rotator.h(137,25): note: could be 'UE::Math::TRotator<double> UE::Math::TRotator<double>::operator -(const UE::Math::TRotator<double> &) const'
	[[nodiscard]] TRotator operator-( const TRotator<T>& R ) const;
	                       ^
C:\Users\allen\Desktop\Alexander\Alexander\Source\Alexander\Private\Testing\SpaceshipFlightTestStation.cpp(257,143): note: 'UE::Math::TRotator<double> UE::Math::TRotator<double>::operator -(const UE::Math::TRotator<double> &) const': cannot convert argument 2 from 'T' to 'const UE::Math::TRotator<double> &'
        with
        [
            T=double
        ]
	float RotationMagnitude = FMath::Max3(FMath::Abs(EndRotation - StartRotation.Pitch), FMath::Abs(EndRotation - StartRotation.Yaw), FMath::Abs(EndRotation - StartRotation.Roll));
	                                                                                                                                             ^
C:\Users\allen\Desktop\Alexander\Alexander\Source\Alexander\Private\Testing\SpaceshipFlightTestStation.cpp(257,170): note: Reason: cannot convert from 'T' to 'const UE::Math::TRotator<double>'
        with
        [
            T=double
        ]
	float RotationMagnitude = FMath::Max3(FMath::Abs(EndRotation - StartRotation.Pitch), FMath::Abs(EndRotation - StartRotation.Yaw), FMath::Abs(EndRotation - StartRotation.Roll));
	                                                                                                                                                                        ^
C:\Users\allen\Desktop\Alexander\Alexander\Source\Alexander\Private\Testing\SpaceshipFlightTestStation.cpp(257,170): note: Constructor for struct 'UE::Math::TRotator<double>' is declared 'explicit'
C:\Users\allen\Desktop\Alexander\Alexander\Source\Alexander\Private\Testing\SpaceshipFlightTestStation.cpp(257,143): note: while trying to match the argument list '(FRotator, T)'
        with
        [
            T=double
        ]
	float RotationMagnitude = FMath::Max3(FMath::Abs(EndRotation - StartRotation.Pitch), FMath::Abs(EndRotation - StartRotation.Yaw), FMath::Abs(EndRotation - StartRotation.Roll));
	                                                                                                                                             ^
C:\Users\allen\Desktop\Alexander\Alexander\Source\Alexander\Private\Testing\SpaceshipFlightTestStation.cpp(257,139): error C2672: 'FGenericPlatformMath::Abs': no matching overloaded function found
	float RotationMagnitude = FMath::Max3(FMath::Abs(EndRotation - StartRotation.Pitch), FMath::Abs(EndRotation - StartRotation.Yaw), FMath::Abs(EndRotation - StartRotation.Roll));
	                                                                                                                                         ^
C:\Program Files\Epic Games\UE_5.6\Engine\Source\Runtime\Core\Public\GenericPlatform\GenericPlatformMath.h(946,47): note: could be 'T FGenericPlatformMath::Abs(const T)'
	[[nodiscard]] static constexpr FORCEINLINE T Abs( const T A )
	                                             ^
C:\Users\allen\Desktop\Alexander\Alexander\Source\Alexander\Private\Testing\SpaceshipFlightTestStation.cpp(257,35): error C2672: 'FMath::Max3': no matching overloaded function found
	float RotationMagnitude = FMath::Max3(FMath::Abs(EndRotation - StartRotation.Pitch), FMath::Abs(EndRotation - StartRotation.Yaw), FMath::Abs(EndRotation - StartRotation.Roll));
	                                 ^
C:\Program Files\Epic Games\UE_5.6\Engine\Source\Runtime\Core\Public\Math\UnrealMathUtility.h(551,47): note: could be 'T FMath::Max3(const T,const T,const T)'
	[[nodiscard]] static constexpr FORCEINLINE T Max3( const T A, const T B, const T C )
	                                             ^
C:\Users\allen\Desktop\Alexander\Alexander\Source\Alexander\Private\Testing\SpaceshipFlightTestStation.cpp(257,35): note: 'T FMath::Max3(const T,const T,const T)': expects 3 arguments - 1 provided
	float RotationMagnitude = FMath::Max3(FMath::Abs(EndRotation - StartRotation.Pitch), FMath::Abs(EndRotation - StartRotation.Yaw), FMath::Abs(EndRotation - StartRotation.Roll));
	                                 ^
[66/91] Compile [x64] Module.Alexander.9.cpp
[67/91] Compile [x64] OutpostManager.cpp
[68/91] Compile [x64] TurbulenceCameraShake.cpp
[69/91] Compile [x64] PerformanceBenchmarkStation.cpp
[70/91] Compile [x64] PerformanceMonitorWidget.cpp
C:\Users\allen\Desktop\Alexander\Alexander\Source\Alexander\Private\Testing\PerformanceMonitorWidget.cpp(565,39): warning C4996: 'GGPUFrameTime': Direct use of GGPUFrameTime is deprecated. Call the global scope RHIGetGPUFrameCycles() function instead. - Please update your code to the new API before upgrading to the next release, otherwise your project will no longer compile.
	return FPlatformTime::ToMilliseconds(GGPUFrameTime);
	                                     ^
[71/91] Compile [x64] TickOptimizationManager.cpp
[72/91] Compile [x64] Module.Alexander.8.cpp
[73/91] Compile [x64] TestUtilities.cpp
[74/91] Compile [x64] TestLevelGameMode.cpp
[75/91] Compile [x64] PlanetaryLandingZone.cpp
[76/91] Compile [x64] PlanetLandingTestStation.cpp
[77/91] Compile [x64] TestResultsWidget.cpp
[78/91] Compile [x64] NavigationKioskWidget.cpp
[79/91] Compile [x64] VRTestStation.cpp
[80/91] Compile [x64] Module.Alexander.25.cpp
[81/91] Compile [x64] Module.Alexander.50.cpp
C:\Users\allen\Desktop\Alexander\Alexander\Source\Alexander\Private\AlexanderAtmosphericFogComponent.cpp(14,4): warning C5038: data member 'UAlexanderAtmosphericFogComponent::HeightFogComponent' will be initialized after data member 'UAlexanderAtmosphericFogComponent::AtmosphereComponent'
	: HeightFogComponent(nullptr)
	  ^
C:\Users\allen\Desktop\Alexander\Alexander\Source\Alexander\Private\EnhancedVFXSystem.cpp(5,1): fatal error C1083: Cannot open include file: 'Components/ParticleSystemComponent.h': No such file or directory
#include "Components/ParticleSystemComponent.h"
^
[82/91] Compile [x64] Module.AIVisionSystem.cpp
[83/91] Compile [x64] Module.Alexander.49.cpp
C:\Users\allen\Desktop\Alexander\Alexander\Source\Alexander\Private\AdvancedAIBehaviors.cpp(80,24): error C2665: 'TMapBase<KeyType,ValueType,SetAllocator,KeyFuncs>::Add': no overloaded function could convert all the argument types
        with
        [
            KeyType=AActor *,
            ValueType=FAIMemoryEntry,
            SetAllocator=FDefaultSetAllocator,
            KeyFuncs=TDefaultMapHashableKeyFuncs<AActor *,FAIMemoryEntry,false>
        ]
            AIMemories.Add(AIActor, TArray<FAIMemoryEntry>());
                       ^
C:\Program Files\Epic Games\UE_5.6\Engine\Source\Runtime\Core\Public\Containers\Map.h(411,25): note: could be 'ValueType &TMapBase<KeyType,ValueType,SetAllocator,KeyFuncs>::Add(KeyType &&,ValueType &&)'
        with
        [
            ValueType=FAIMemoryEntry,
            KeyType=AActor *,
            SetAllocator=FDefaultSetAllocator,
            KeyFuncs=TDefaultMapHashableKeyFuncs<AActor *,FAIMemoryEntry,false>
        ]
	FORCEINLINE ValueType& Add(		 KeyType&& InKey,		ValueType&& InValue) { return Emplace(MoveTempIfPossible(InKey), MoveTempIfPossible(InValue)); }
	                       ^
C:\Users\allen\Desktop\Alexander\Alexander\Source\Alexander\Private\AdvancedAIBehaviors.cpp(80,24): note: 'ValueType &TMapBase<KeyType,ValueType,SetAllocator,KeyFuncs>::Add(KeyType &&,ValueType &&)': cannot convert argument 1 from 'AActor *' to 'KeyType &&'
        with
        [
            ValueType=FAIMemoryEntry,
            KeyType=AActor *,
            SetAllocator=FDefaultSetAllocator,
            KeyFuncs=TDefaultMapHashableKeyFuncs<AActor *,FAIMemoryEntry,false>
        ]
        and
        [
            KeyType=AActor *
        ]
            AIMemories.Add(AIActor, TArray<FAIMemoryEntry>());
                       ^
C:\Users\allen\Desktop\Alexander\Alexander\Source\Alexander\Private\AdvancedAIBehaviors.cpp(80,28): note: You cannot bind an lvalue to an rvalue reference
            AIMemories.Add(AIActor, TArray<FAIMemoryEntry>());
                           ^
C:\Program Files\Epic Games\UE_5.6\Engine\Source\Runtime\Core\Public\Containers\Map.h(410,25): note: or       'ValueType &TMapBase<KeyType,ValueType,SetAllocator,KeyFuncs>::Add(KeyType &&,const ValueType &)'
        with
        [
            ValueType=FAIMemoryEntry,
            KeyType=AActor *,
            SetAllocator=FDefaultSetAllocator,
            KeyFuncs=TDefaultMapHashableKeyFuncs<AActor *,FAIMemoryEntry,false>
        ]
	FORCEINLINE ValueType& Add(		 KeyType&& InKey, const ValueType&  InValue) { return Emplace(MoveTempIfPossible(InKey), InValue); }
	                       ^
C:\Users\allen\Desktop\Alexander\Alexander\Source\Alexander\Private\AdvancedAIBehaviors.cpp(80,24): note: 'ValueType &TMapBase<KeyType,ValueType,SetAllocator,KeyFuncs>::Add(KeyType &&,const ValueType &)': cannot convert argument 1 from 'AActor *' to 'KeyType &&'
        with
        [
            ValueType=FAIMemoryEntry,
            KeyType=AActor *,
            SetAllocator=FDefaultSetAllocator,
            KeyFuncs=TDefaultMapHashableKeyFuncs<AActor *,FAIMemoryEntry,false>
        ]
        and
        [
            KeyType=AActor *
        ]
            AIMemories.Add(AIActor, TArray<FAIMemoryEntry>());
                       ^
C:\Users\allen\Desktop\Alexander\Alexander\Source\Alexander\Private\AdvancedAIBehaviors.cpp(80,28): note: You cannot bind an lvalue to an rvalue reference
            AIMemories.Add(AIActor, TArray<FAIMemoryEntry>());
                           ^
C:\Program Files\Epic Games\UE_5.6\Engine\Source\Runtime\Core\Public\Containers\Map.h(409,25): note: or       'ValueType &TMapBase<KeyType,ValueType,SetAllocator,KeyFuncs>::Add(const KeyType &,ValueType &&)'
        with
        [
            ValueType=FAIMemoryEntry,
            KeyType=AActor *,
            SetAllocator=FDefaultSetAllocator,
            KeyFuncs=TDefaultMapHashableKeyFuncs<AActor *,FAIMemoryEntry,false>
        ]
	FORCEINLINE ValueType& Add(const KeyType&  InKey,		ValueType&& InValue) { return Emplace(InKey, MoveTempIfPossible(InValue)); }
	                       ^
C:\Users\allen\Desktop\Alexander\Alexander\Source\Alexander\Private\AdvancedAIBehaviors.cpp(80,24): note: 'ValueType &TMapBase<KeyType,ValueType,SetAllocator,KeyFuncs>::Add(const KeyType &,ValueType &&)': cannot convert argument 2 from 'TArray<FAIMemoryEntry,FDefaultAllocator>' to 'ValueType &&'
        with
        [
            ValueType=FAIMemoryEntry,
            KeyType=AActor *,
            SetAllocator=FDefaultSetAllocator,
            KeyFuncs=TDefaultMapHashableKeyFuncs<AActor *,FAIMemoryEntry,false>
        ]
        and
        [
            ValueType=FAIMemoryEntry
        ]
            AIMemories.Add(AIActor, TArray<FAIMemoryEntry>());
                       ^
C:\Users\allen\Desktop\Alexander\Alexander\Source\Alexander\Private\AdvancedAIBehaviors.cpp(80,59): note: Reason: cannot convert from 'TArray<FAIMemoryEntry,FDefaultAllocator>' to 'ValueType'
        with
        [
            ValueType=FAIMemoryEntry
        ]
            AIMemories.Add(AIActor, TArray<FAIMemoryEntry>());
                                                          ^
C:\Users\allen\Desktop\Alexander\Alexander\Source\Alexander\Private\AdvancedAIBehaviors.cpp(80,59): note: No user-defined-conversion operator available that can perform this conversion, or the operator cannot be called
C:\Program Files\Epic Games\UE_5.6\Engine\Source\Runtime\Core\Public\Containers\Map.h(408,25): note: or       'ValueType &TMapBase<KeyType,ValueType,SetAllocator,KeyFuncs>::Add(const KeyType &,const ValueType &)'
        with
        [
            ValueType=FAIMemoryEntry,
            KeyType=AActor *,
            SetAllocator=FDefaultSetAllocator,
            KeyFuncs=TDefaultMapHashableKeyFuncs<AActor *,FAIMemoryEntry,false>
        ]
	FORCEINLINE ValueType& Add(const KeyType&  InKey, const ValueType&  InValue) { return Emplace(InKey, InValue); }
	                       ^
C:\Users\allen\Desktop\Alexander\Alexander\Source\Alexander\Private\AdvancedAIBehaviors.cpp(80,24): note: 'ValueType &TMapBase<KeyType,ValueType,SetAllocator,KeyFuncs>::Add(const KeyType &,const ValueType &)': cannot convert argument 2 from 'TArray<FAIMemoryEntry,FDefaultAllocator>' to 'const ValueType &'
        with
        [
            ValueType=FAIMemoryEntry,
            KeyType=AActor *,
            SetAllocator=FDefaultSetAllocator,
            KeyFuncs=TDefaultMapHashableKeyFuncs<AActor *,FAIMemoryEntry,false>
        ]
        and
        [
            ValueType=FAIMemoryEntry
        ]
            AIMemories.Add(AIActor, TArray<FAIMemoryEntry>());
                       ^
C:\Users\allen\Desktop\Alexander\Alexander\Source\Alexander\Private\AdvancedAIBehaviors.cpp(80,59): note: Reason: cannot convert from 'TArray<FAIMemoryEntry,FDefaultAllocator>' to 'const ValueType'
        with
        [
            ValueType=FAIMemoryEntry
        ]
            AIMemories.Add(AIActor, TArray<FAIMemoryEntry>());
                                                          ^
C:\Users\allen\Desktop\Alexander\Alexander\Source\Alexander\Private\AdvancedAIBehaviors.cpp(80,59): note: No user-defined-conversion operator available that can perform this conversion, or the operator cannot be called
C:\Users\allen\Desktop\Alexander\Alexander\Source\Alexander\Private\AdvancedAIBehaviors.cpp(80,24): note: while trying to match the argument list '(AActor *, TArray<FAIMemoryEntry,FDefaultAllocator>)'
            AIMemories.Add(AIActor, TArray<FAIMemoryEntry>());
                       ^
C:\Users\allen\Desktop\Alexander\Alexander\Source\Alexander\Private\AdvancedAIBehaviors.cpp(85,29): error C2665: 'TMapBase<KeyType,ValueType,SetAllocator,KeyFuncs>::Add': no overloaded function could convert all the argument types
        with
        [
            KeyType=AActor *,
            ValueType=FAIRelationship,
            SetAllocator=FDefaultSetAllocator,
            KeyFuncs=TDefaultMapHashableKeyFuncs<AActor *,FAIRelationship,false>
        ]
            AIRelationships.Add(AIActor, TMap<AActor*, FAIRelationship>());
                            ^
C:\Program Files\Epic Games\UE_5.6\Engine\Source\Runtime\Core\Public\Containers\Map.h(411,25): note: could be 'ValueType &TMapBase<KeyType,ValueType,SetAllocator,KeyFuncs>::Add(KeyType &&,ValueType &&)'
        with
        [
            ValueType=FAIRelationship,
            KeyType=AActor *,
            SetAllocator=FDefaultSetAllocator,
            KeyFuncs=TDefaultMapHashableKeyFuncs<AActor *,FAIRelationship,false>
        ]
	FORCEINLINE ValueType& Add(		 KeyType&& InKey,		ValueType&& InValue) { return Emplace(MoveTempIfPossible(InKey), MoveTempIfPossible(InValue)); }
	                       ^
C:\Users\allen\Desktop\Alexander\Alexander\Source\Alexander\Private\AdvancedAIBehaviors.cpp(85,29): note: 'ValueType &TMapBase<KeyType,ValueType,SetAllocator,KeyFuncs>::Add(KeyType &&,ValueType &&)': cannot convert argument 1 from 'AActor *' to 'KeyType &&'
        with
        [
            ValueType=FAIRelationship,
            KeyType=AActor *,
            SetAllocator=FDefaultSetAllocator,
            KeyFuncs=TDefaultMapHashableKeyFuncs<AActor *,FAIRelationship,false>
        ]
        and
        [
            KeyType=AActor *
        ]
            AIRelationships.Add(AIActor, TMap<AActor*, FAIRelationship>());
                            ^
C:\Users\allen\Desktop\Alexander\Alexander\Source\Alexander\Private\AdvancedAIBehaviors.cpp(85,33): note: You cannot bind an lvalue to an rvalue reference
            AIRelationships.Add(AIActor, TMap<AActor*, FAIRelationship>());
                                ^
C:\Program Files\Epic Games\UE_5.6\Engine\Source\Runtime\Core\Public\Containers\Map.h(410,25): note: or       'ValueType &TMapBase<KeyType,ValueType,SetAllocator,KeyFuncs>::Add(KeyType &&,const ValueType &)'
        with
        [
            ValueType=FAIRelationship,
            KeyType=AActor *,
            SetAllocator=FDefaultSetAllocator,
            KeyFuncs=TDefaultMapHashableKeyFuncs<AActor *,FAIRelationship,false>
        ]
	FORCEINLINE ValueType& Add(		 KeyType&& InKey, const ValueType&  InValue) { return Emplace(MoveTempIfPossible(InKey), InValue); }
	                       ^
C:\Users\allen\Desktop\Alexander\Alexander\Source\Alexander\Private\AdvancedAIBehaviors.cpp(85,29): note: 'ValueType &TMapBase<KeyType,ValueType,SetAllocator,KeyFuncs>::Add(KeyType &&,const ValueType &)': cannot convert argument 1 from 'AActor *' to 'KeyType &&'
        with
        [
            ValueType=FAIRelationship,
            KeyType=AActor *,
            SetAllocator=FDefaultSetAllocator,
            KeyFuncs=TDefaultMapHashableKeyFuncs<AActor *,FAIRelationship,false>
        ]
        and
        [
            KeyType=AActor *
        ]
            AIRelationships.Add(AIActor, TMap<AActor*, FAIRelationship>());
                            ^
C:\Users\allen\Desktop\Alexander\Alexander\Source\Alexander\Private\AdvancedAIBehaviors.cpp(85,33): note: You cannot bind an lvalue to an rvalue reference
            AIRelationships.Add(AIActor, TMap<AActor*, FAIRelationship>());
                                ^
C:\Program Files\Epic Games\UE_5.6\Engine\Source\Runtime\Core\Public\Containers\Map.h(409,25): note: or       'ValueType &TMapBase<KeyType,ValueType,SetAllocator,KeyFuncs>::Add(const KeyType &,ValueType &&)'
        with
        [
            ValueType=FAIRelationship,
            KeyType=AActor *,
            SetAllocator=FDefaultSetAllocator,
            KeyFuncs=TDefaultMapHashableKeyFuncs<AActor *,FAIRelationship,false>
        ]
	FORCEINLINE ValueType& Add(const KeyType&  InKey,		ValueType&& InValue) { return Emplace(InKey, MoveTempIfPossible(InValue)); }
	                       ^
C:\Users\allen\Desktop\Alexander\Alexander\Source\Alexander\Private\AdvancedAIBehaviors.cpp(85,29): note: 'ValueType &TMapBase<KeyType,ValueType,SetAllocator,KeyFuncs>::Add(const KeyType &,ValueType &&)': cannot convert argument 2 from 'TMap<AActor *,FAIRelationship,FDefaultSetAllocator,TDefaultMapHashableKeyFuncs<InKeyType,InValueType,false>>' to 'ValueType &&'
        with
        [
            ValueType=FAIRelationship,
            KeyType=AActor *,
            SetAllocator=FDefaultSetAllocator,
            KeyFuncs=TDefaultMapHashableKeyFuncs<AActor *,FAIRelationship,false>
        ]
        and
        [
            InKeyType=AActor *,
            InValueType=FAIRelationship
        ]
        and
        [
            ValueType=FAIRelationship
        ]
            AIRelationships.Add(AIActor, TMap<AActor*, FAIRelationship>());
                            ^
C:\Users\allen\Desktop\Alexander\Alexander\Source\Alexander\Private\AdvancedAIBehaviors.cpp(85,72): note: Reason: cannot convert from 'TMap<AActor *,FAIRelationship,FDefaultSetAllocator,TDefaultMapHashableKeyFuncs<InKeyType,InValueType,false>>' to 'ValueType'
        with
        [
            InKeyType=AActor *,
            InValueType=FAIRelationship
        ]
        and
        [
            ValueType=FAIRelationship
        ]
            AIRelationships.Add(AIActor, TMap<AActor*, FAIRelationship>());
                                                                       ^
C:\Users\allen\Desktop\Alexander\Alexander\Source\Alexander\Private\AdvancedAIBehaviors.cpp(85,72): note: No user-defined-conversion operator available that can perform this conversion, or the operator cannot be called
C:\Program Files\Epic Games\UE_5.6\Engine\Source\Runtime\Core\Public\Containers\Map.h(408,25): note: or       'ValueType &TMapBase<KeyType,ValueType,SetAllocator,KeyFuncs>::Add(const KeyType &,const ValueType &)'
        with
        [
            ValueType=FAIRelationship,
            KeyType=AActor *,
            SetAllocator=FDefaultSetAllocator,
            KeyFuncs=TDefaultMapHashableKeyFuncs<AActor *,FAIRelationship,false>
        ]
	FORCEINLINE ValueType& Add(const KeyType&  InKey, const ValueType&  InValue) { return Emplace(InKey, InValue); }
	                       ^
C:\Users\allen\Desktop\Alexander\Alexander\Source\Alexander\Private\AdvancedAIBehaviors.cpp(85,29): note: 'ValueType &TMapBase<KeyType,ValueType,SetAllocator,KeyFuncs>::Add(const KeyType &,const ValueType &)': cannot convert argument 2 from 'TMap<AActor *,FAIRelationship,FDefaultSetAllocator,TDefaultMapHashableKeyFuncs<InKeyType,InValueType,false>>' to 'const ValueType &'
        with
        [
            ValueType=FAIRelationship,
            KeyType=AActor *,
            SetAllocator=FDefaultSetAllocator,
            KeyFuncs=TDefaultMapHashableKeyFuncs<AActor *,FAIRelationship,false>
        ]
        and
        [
            InKeyType=AActor *,
            InValueType=FAIRelationship
        ]
        and
        [
            ValueType=FAIRelationship
        ]
            AIRelationships.Add(AIActor, TMap<AActor*, FAIRelationship>());
                            ^
C:\Users\allen\Desktop\Alexander\Alexander\Source\Alexander\Private\AdvancedAIBehaviors.cpp(85,72): note: Reason: cannot convert from 'TMap<AActor *,FAIRelationship,FDefaultSetAllocator,TDefaultMapHashableKeyFuncs<InKeyType,InValueType,false>>' to 'const ValueType'
        with
        [
            InKeyType=AActor *,
            InValueType=FAIRelationship
        ]
        and
        [
            ValueType=FAIRelationship
        ]
            AIRelationships.Add(AIActor, TMap<AActor*, FAIRelationship>());
                                                                       ^
C:\Users\allen\Desktop\Alexander\Alexander\Source\Alexander\Private\AdvancedAIBehaviors.cpp(85,72): note: No user-defined-conversion operator available that can perform this conversion, or the operator cannot be called
C:\Users\allen\Desktop\Alexander\Alexander\Source\Alexander\Private\AdvancedAIBehaviors.cpp(85,29): note: while trying to match the argument list '(AActor *, TMap<AActor *,FAIRelationship,FDefaultSetAllocator,TDefaultMapHashableKeyFuncs<InKeyType,InValueType,false>>)'
        with
        [
            InKeyType=AActor *,
            InValueType=FAIRelationship
        ]
            AIRelationships.Add(AIActor, TMap<AActor*, FAIRelationship>());
                            ^
C:\Users\allen\Desktop\Alexander\Alexander\Source\Alexander\Private\AdvancedAIBehaviors.cpp(287,36): error C2668: 'FMath::FRandRange': ambiguous call to overloaded function
                    FVector(FMath::FRandRange(-500, 500), FMath::FRandRange(-500, 500), 0);
                                   ^
C:\Program Files\Epic Games\UE_5.6\Engine\Source\Runtime\Core\Public\Math\UnrealMathUtility.h(316,42): note: could be 'double FMath::FRandRange(double,double)'
	[[nodiscard]] static FORCEINLINE double FRandRange(double InMin, double InMax)
	                                        ^
C:\Program Files\Epic Games\UE_5.6\Engine\Source\Runtime\Core\Public\Math\UnrealMathUtility.h(310,41): note: or       'float FMath::FRandRange(float,float)'
	[[nodiscard]] static FORCEINLINE float FRandRange(float InMin, float InMax)
	                                       ^
C:\Users\allen\Desktop\Alexander\Alexander\Source\Alexander\Private\AdvancedAIBehaviors.cpp(287,36): note: while trying to match the argument list '(int, int)'
                    FVector(FMath::FRandRange(-500, 500), FMath::FRandRange(-500, 500), 0);
                                   ^
C:\Users\allen\Desktop\Alexander\Alexander\Source\Alexander\Private\AdvancedAIBehaviors.cpp(287,66): error C2668: 'FMath::FRandRange': ambiguous call to overloaded function
                    FVector(FMath::FRandRange(-500, 500), FMath::FRandRange(-500, 500), 0);
                                                                 ^
C:\Program Files\Epic Games\UE_5.6\Engine\Source\Runtime\Core\Public\Math\UnrealMathUtility.h(316,42): note: could be 'double FMath::FRandRange(double,double)'
	[[nodiscard]] static FORCEINLINE double FRandRange(double InMin, double InMax)
	                                        ^
C:\Program Files\Epic Games\UE_5.6\Engine\Source\Runtime\Core\Public\Math\UnrealMathUtility.h(310,41): note: or       'float FMath::FRandRange(float,float)'
	[[nodiscard]] static FORCEINLINE float FRandRange(float InMin, float InMax)
	                                       ^
C:\Users\allen\Desktop\Alexander\Alexander\Source\Alexander\Private\AdvancedAIBehaviors.cpp(287,66): note: while trying to match the argument list '(int, int)'
                    FVector(FMath::FRandRange(-500, 500), FMath::FRandRange(-500, 500), 0);
                                                                 ^
C:\Users\allen\Desktop\Alexander\Alexander\Source\Alexander\Private\AdvancedAIBehaviors.cpp(571,38): error C2440: 'initializing': cannot convert from 'ValueType' to 'TArray<FAIMemoryEntry,FDefaultAllocator> &'
        with
        [
            ValueType=FAIMemoryEntry
        ]
    TArray<FAIMemoryEntry>& Memories = AIMemories.FindOrAdd(AIActor);
                                     ^
C:\Users\allen\Desktop\Alexander\Alexander\Source\Alexander\Private\AdvancedAIBehaviors.cpp(590,44): error C2440: 'initializing': cannot convert from 'const FAIMemoryEntry' to 'const TArray<FAIMemoryEntry,FDefaultAllocator> &'
    const TArray<FAIMemoryEntry>& Memories = AIMemories[AIActor];
                                           ^
C:\Users\allen\Desktop\Alexander\Alexander\Source\Alexander\Private\AdvancedAIBehaviors.cpp(590,44): note: Reason: cannot convert from 'const FAIMemoryEntry' to 'const TArray<FAIMemoryEntry,FDefaultAllocator>'
C:\Users\allen\Desktop\Alexander\Alexander\Source\Alexander\Private\AdvancedAIBehaviors.cpp(590,44): note: No user-defined-conversion operator available that can perform this conversion, or the operator cannot be called
C:\Users\allen\Desktop\Alexander\Alexander\Source\Alexander\Private\AdvancedAIBehaviors.cpp(611,38): error C2440: 'initializing': cannot convert from 'FAIMemoryEntry' to 'TArray<FAIMemoryEntry,FDefaultAllocator> &'
    TArray<FAIMemoryEntry>& Memories = AIMemories[AIActor];
                                     ^
C:\Users\allen\Desktop\Alexander\Alexander\Source\Alexander\Private\AdvancedAIBehaviors.cpp(631,44): error C2440: 'initializing': cannot convert from 'const FAIMemoryEntry' to 'const TArray<FAIMemoryEntry,FDefaultAllocator> &'
    const TArray<FAIMemoryEntry>& Memories = AIMemories[AIActor];
                                           ^
C:\Users\allen\Desktop\Alexander\Alexander\Source\Alexander\Private\AdvancedAIBehaviors.cpp(631,44): note: Reason: cannot convert from 'const FAIMemoryEntry' to 'const TArray<FAIMemoryEntry,FDefaultAllocator>'
C:\Users\allen\Desktop\Alexander\Alexander\Source\Alexander\Private\AdvancedAIBehaviors.cpp(631,44): note: No user-defined-conversion operator available that can perform this conversion, or the operator cannot be called
C:\Users\allen\Desktop\Alexander\Alexander\Source\Alexander\Private\AdvancedAIBehaviors.cpp(651,51): error C2440: 'initializing': cannot convert from 'ValueType' to 'TMap<AActor *,FAIRelationship,FDefaultSetAllocator,TDefaultMapHashableKeyFuncs<InKeyType,InValueType,false>> &'
        with
        [
            ValueType=FAIRelationship
        ]
        and
        [
            InKeyType=AActor *,
            InValueType=FAIRelationship
        ]
    TMap<AActor*, FAIRelationship>& Relationships = AIRelationships.FindOrAdd(AIActor);
                                                  ^
C:\Users\allen\Desktop\Alexander\Alexander\Source\Alexander\Private\AdvancedAIBehaviors.cpp(671,57): error C2440: 'initializing': cannot convert from 'const FAIRelationship' to 'const TMap<AActor *,FAIRelationship,FDefaultSetAllocator,TDefaultMapHashableKeyFuncs<InKeyType,InValueType,false>> &'
        with
        [
            InKeyType=AActor *,
            InValueType=FAIRelationship
        ]
    const TMap<AActor*, FAIRelationship>& Relationships = AIRelationships[AIActor];
                                                        ^
C:\Users\allen\Desktop\Alexander\Alexander\Source\Alexander\Private\AdvancedAIBehaviors.cpp(671,57): note: Reason: cannot convert from 'const FAIRelationship' to 'const TMap<AActor *,FAIRelationship,FDefaultSetAllocator,TDefaultMapHashableKeyFuncs<InKeyType,InValueType,false>>'
        with
        [
            InKeyType=AActor *,
            InValueType=FAIRelationship
        ]
C:\Users\allen\Desktop\Alexander\Alexander\Source\Alexander\Private\AdvancedAIBehaviors.cpp(671,57): note: No user-defined-conversion operator available that can perform this conversion, or the operator cannot be called
C:\Users\allen\Desktop\Alexander\Alexander\Source\Alexander\Private\AdvancedAIBehaviors.cpp(687,57): error C2440: 'initializing': cannot convert from 'const FAIRelationship' to 'const TMap<AActor *,FAIRelationship,FDefaultSetAllocator,TDefaultMapHashableKeyFuncs<InKeyType,InValueType,false>> &'
        with
        [
            InKeyType=AActor *,
            InValueType=FAIRelationship
        ]
    const TMap<AActor*, FAIRelationship>& Relationships = AIRelationships[AIActor];
                                                        ^
C:\Users\allen\Desktop\Alexander\Alexander\Source\Alexander\Private\AdvancedAIBehaviors.cpp(687,57): note: Reason: cannot convert from 'const FAIRelationship' to 'const TMap<AActor *,FAIRelationship,FDefaultSetAllocator,TDefaultMapHashableKeyFuncs<InKeyType,InValueType,false>>'
        with
        [
            InKeyType=AActor *,
            InValueType=FAIRelationship
        ]
C:\Users\allen\Desktop\Alexander\Alexander\Source\Alexander\Private\AdvancedAIBehaviors.cpp(687,57): note: No user-defined-conversion operator available that can perform this conversion, or the operator cannot be called
C:\Users\allen\Desktop\Alexander\Alexander\Source\Alexander\Private\AdvancedAIBehaviors.cpp(705,57): error C2440: 'initializing': cannot convert from 'const FAIRelationship' to 'const TMap<AActor *,FAIRelationship,FDefaultSetAllocator,TDefaultMapHashableKeyFuncs<InKeyType,InValueType,false>> &'
        with
        [
            InKeyType=AActor *,
            InValueType=FAIRelationship
        ]
    const TMap<AActor*, FAIRelationship>& Relationships = AIRelationships[AIActor];
                                                        ^
C:\Users\allen\Desktop\Alexander\Alexander\Source\Alexander\Private\AdvancedAIBehaviors.cpp(705,57): note: Reason: cannot convert from 'const FAIRelationship' to 'const TMap<AActor *,FAIRelationship,FDefaultSetAllocator,TDefaultMapHashableKeyFuncs<InKeyType,InValueType,false>>'
        with
        [
            InKeyType=AActor *,
            InValueType=FAIRelationship
        ]
C:\Users\allen\Desktop\Alexander\Alexander\Source\Alexander\Private\AdvancedAIBehaviors.cpp(705,57): note: No user-defined-conversion operator available that can perform this conversion, or the operator cannot be called
C:\Users\allen\Desktop\Alexander\Alexander\Source\Alexander\Private\AdvancedAIBehaviors.cpp(1301,38): error C2440: 'initializing': cannot convert from 'FAIMemoryEntry' to 'TArray<FAIMemoryEntry,FDefaultAllocator> &'
    TArray<FAIMemoryEntry>& Memories = AIMemories[AIActor];
                                     ^
C:\Users\allen\Desktop\Alexander\Alexander\Source\Alexander\Private\AdvancedAIBehaviors.cpp(1318,51): error C2440: 'initializing': cannot convert from 'FAIRelationship' to 'TMap<AActor *,FAIRelationship,FDefaultSetAllocator,TDefaultMapHashableKeyFuncs<InKeyType,InValueType,false>> &'
        with
        [
            InKeyType=AActor *,
            InValueType=FAIRelationship
        ]
    TMap<AActor*, FAIRelationship>& Relationships = AIRelationships[AIActor];
                                                  ^
[84/91] Compile [x64] Module.Alexander.54.cpp
C:\Users\allen\Desktop\Alexander\Alexander\Source\Alexander\Private\Spaceship.cpp(145,2): warning C4996: 'AActor::NetUpdateFrequency': Public access to NetUpdateFrequency has been deprecated. Use SetNetUpdateFrequency() and GetNetUpdateFrequency() instead. - Please update your code to the new API before upgrading to the next release, otherwise your project will no longer compile.
	NetUpdateFrequency = 20.0f; // 20 updates per second default
	^
C:\Users\allen\Desktop\Alexander\Alexander\Source\Alexander\Private\Spaceship.cpp(146,2): warning C4996: 'AActor::MinNetUpdateFrequency': Public access MinNetUpdateFrequency has been deprecated. Use SetMinNetUpdateFrequency() and GetMinNetUpdateFrequency() instead. - Please update your code to the new API before upgrading to the next release, otherwise your project will no longer compile.
	MinNetUpdateFrequency = 5.0f;
	^
C:\Users\allen\Desktop\Alexander\Alexander\Source\Alexander\Private\Spaceship.cpp(147,2): warning C4996: 'AActor::NetCullDistanceSquared': Public access to NetCullDistanceSquared has been deprecated. Use SetNetCullDistanceSquared() and GetNetCullDistanceSquared() instead. - Please update your code to the new API before upgrading to the next release, otherwise your project will no longer compile.
	NetCullDistanceSquared = 100000000.0f; // 100km squared
	^
C:\Users\allen\Desktop\Alexander\Alexander\Source\Alexander\Private\TerrainStreamingManager.cpp(427,2): error C4530: C++ exception handler used, but unwind semantics are not enabled. Specify /EHsc
	try
	^
C:\Users\allen\Desktop\Alexander\Alexander\Source\Alexander\Private\TerrainStreamingManager.cpp(430,27): error C3861: 'GenerateEnhancedTerrainTile': identifier not found
		Request.GeneratedTile = GenerateEnhancedTerrainTile(
		                        ^
C:\Users\allen\Desktop\Alexander\Alexander\Source\Alexander\Private\TerrainStreamingManager.cpp(456,44): error C2039: 'GenerateEnhancedTerrainTile': is not a member of 'UTerrainStreamingManager'
FTerrainTileData UTerrainStreamingManager::GenerateEnhancedTerrainTile(
                                           ^
C:\Users\allen\Desktop\Alexander\Alexander\Source\Alexander\Public\TerrainStreamingManager.h(212,21): note: see declaration of 'UTerrainStreamingManager'
class ALEXANDER_API UTerrainStreamingManager : public UObject
                    ^
C:\Users\allen\Desktop\Alexander\Alexander\Source\Alexander\Private\TerrainStreamingManager.cpp(470,11): error C2039: 'HeightMap': is not a member of 'FTerrainTileData'
	TileData.HeightMap.SetNumUninitialized(Resolution * Resolution);
	         ^
C:\Users\allen\Desktop\Alexander\Alexander\Source\Alexander\Public\TerrainTile.h(14,8): note: see declaration of 'FTerrainTileData'
struct FTerrainTileData
       ^
C:\Users\allen\Desktop\Alexander\Alexander\Source\Alexander\Private\TerrainStreamingManager.cpp(471,11): error C2039: 'NormalMap': is not a member of 'FTerrainTileData'
	TileData.NormalMap.SetNumUninitialized(Resolution * Resolution);
	         ^
C:\Users\allen\Desktop\Alexander\Alexander\Source\Alexander\Public\TerrainTile.h(14,8): note: see declaration of 'FTerrainTileData'
struct FTerrainTileData
       ^
C:\Users\allen\Desktop\Alexander\Alexander\Source\Alexander\Private\TerrainStreamingManager.cpp(472,11): error C2039: 'BiomeMap': is not a member of 'FTerrainTileData'
	TileData.BiomeMap.SetNumUninitialized(Resolution * Resolution);
	         ^
C:\Users\allen\Desktop\Alexander\Alexander\Source\Alexander\Public\TerrainTile.h(14,8): note: see declaration of 'FTerrainTileData'
struct FTerrainTileData
       ^
C:\Users\allen\Desktop\Alexander\Alexander\Source\Alexander\Private\TerrainStreamingManager.cpp(487,41): error C2039: 'PlanetRadius': is not a member of 'FTerrainGenerationConfig'
				WorldX, WorldY, Config.Seed, Config.PlanetRadius);
				                                    ^
C:\Users\allen\Desktop\Alexander\Alexander\Source\Alexander\Public\TerrainTile.h(113,8): note: see declaration of 'FTerrainGenerationConfig'
struct FTerrainGenerationConfig
       ^
C:\Users\allen\Desktop\Alexander\Alexander\Source\Alexander\Private\TerrainStreamingManager.cpp(486,50): error C2660: 'UProceduralNoiseGenerator::GenerateContinentalTerrain': function does not take 3 arguments
			float BaseHeight = UProceduralNoiseGenerator::GenerateContinentalTerrain(
			                                              ^
C:\Users\allen\Desktop\Alexander\Alexander\Source\Alexander\Public\ProceduralNoiseGenerator.h(272,15): note: see declaration of 'UProceduralNoiseGenerator::GenerateContinentalTerrain'
	static float GenerateContinentalTerrain(float X, float Y, int32 Seed, float PlanetRadius);
	             ^
C:\Users\allen\Desktop\Alexander\Alexander\Source\Alexander\Private\TerrainStreamingManager.cpp(486,50): note: while trying to match the argument list '(float, float, const int32)'
			float BaseHeight = UProceduralNoiseGenerator::GenerateContinentalTerrain(
			                                              ^
C:\Users\allen\Desktop\Alexander\Alexander\Source\Alexander\Private\TerrainStreamingManager.cpp(490,31): error C3861: 'GetDominantBiomeAtPosition': identifier not found
			EBiomeType DominantBiome = GetDominantBiomeAtPosition(WorldX, WorldY, Config);
			                           ^
C:\Users\allen\Desktop\Alexander\Alexander\Source\Alexander\Private\TerrainStreamingManager.cpp(495,25): error C3861: 'ApplyErosionEffects': identifier not found
			float ErodedHeight = ApplyErosionEffects(BiomeHeight, WorldX, WorldY, Config);
			                     ^
C:\Users\allen\Desktop\Alexander\Alexander\Source\Alexander\Private\TerrainStreamingManager.cpp(498,13): error C2039: 'HeightMap': is not a member of 'FTerrainTileData'
			TileData.HeightMap[Index] = ErodedHeight;
			         ^
C:\Users\allen\Desktop\Alexander\Alexander\Source\Alexander\Public\TerrainTile.h(14,8): note: see declaration of 'FTerrainTileData'
struct FTerrainTileData
       ^
C:\Users\allen\Desktop\Alexander\Alexander\Source\Alexander\Private\TerrainStreamingManager.cpp(501,13): error C2039: 'NormalMap': is not a member of 'FTerrainTileData'
			TileData.NormalMap[Index] = CalculateTerrainNormal(
			         ^
C:\Users\allen\Desktop\Alexander\Alexander\Source\Alexander\Public\TerrainTile.h(14,8): note: see declaration of 'FTerrainTileData'
struct FTerrainTileData
       ^
C:\Users\allen\Desktop\Alexander\Alexander\Source\Alexander\Private\TerrainStreamingManager.cpp(501,32): error C3861: 'CalculateTerrainNormal': identifier not found
			TileData.NormalMap[Index] = CalculateTerrainNormal(
			                            ^
C:\Users\allen\Desktop\Alexander\Alexander\Source\Alexander\Private\TerrainStreamingManager.cpp(505,13): error C2039: 'BiomeMap': is not a member of 'FTerrainTileData'
			TileData.BiomeMap[Index] = static_cast<uint8>(DominantBiome);
			         ^
C:\Users\allen\Desktop\Alexander\Alexander\Source\Alexander\Public\TerrainTile.h(14,8): note: see declaration of 'FTerrainTileData'
struct FTerrainTileData
       ^
C:\Users\allen\Desktop\Alexander\Alexander\Source\Alexander\Private\TerrainStreamingManager.cpp(518,38): error C2039: 'GetDominantBiomeAtPosition': is not a member of 'UTerrainStreamingManager'
EBiomeType UTerrainStreamingManager::GetDominantBiomeAtPosition(
                                     ^
C:\Users\allen\Desktop\Alexander\Alexander\Source\Alexander\Public\TerrainStreamingManager.h(212,21): note: see declaration of 'UTerrainStreamingManager'
class ALEXANDER_API UTerrainStreamingManager : public UObject
                    ^
C:\Users\allen\Desktop\Alexander\Alexander\Source\Alexander\Private\TerrainStreamingManager.cpp(522,22): error C3861: 'CalculateTemperatureAtPosition': identifier not found
	float Temperature = CalculateTemperatureAtPosition(X, Y, Config);
	                    ^
C:\Users\allen\Desktop\Alexander\Alexander\Source\Alexander\Private\TerrainStreamingManager.cpp(523,19): error C3861: 'CalculateHumidityAtPosition': identifier not found
	float Humidity = CalculateHumidityAtPosition(X, Y, Config);
	                 ^
C:\Users\allen\Desktop\Alexander\Alexander\Source\Alexander\Private\TerrainStreamingManager.cpp(525,29): error C2039: 'PlanetRadius': is not a member of 'FTerrainGenerationConfig'
		X, Y, Config.Seed, Config.PlanetRadius);
		                          ^
C:\Users\allen\Desktop\Alexander\Alexander\Source\Alexander\Public\TerrainTile.h(113,8): note: see declaration of 'FTerrainGenerationConfig'
struct FTerrainGenerationConfig
       ^
C:\Users\allen\Desktop\Alexander\Alexander\Source\Alexander\Private\TerrainStreamingManager.cpp(524,46): error C2660: 'UProceduralNoiseGenerator::GenerateContinentalTerrain': function does not take 3 arguments
	float Altitude = UProceduralNoiseGenerator::GenerateContinentalTerrain(
	                                            ^
C:\Users\allen\Desktop\Alexander\Alexander\Source\Alexander\Public\ProceduralNoiseGenerator.h(272,15): note: see declaration of 'UProceduralNoiseGenerator::GenerateContinentalTerrain'
	static float GenerateContinentalTerrain(float X, float Y, int32 Seed, float PlanetRadius);
	             ^
C:\Users\allen\Desktop\Alexander\Alexander\Source\Alexander\Private\TerrainStreamingManager.cpp(524,46): note: while trying to match the argument list '(float, float, const int32)'
	float Altitude = UProceduralNoiseGenerator::GenerateContinentalTerrain(
	                                            ^
C:\Users\allen\Desktop\Alexander\Alexander\Source\Alexander\Private\TerrainStreamingManager.cpp(550,33): error C2039: 'ApplyErosionEffects': is not a member of 'UTerrainStreamingManager'
float UTerrainStreamingManager::ApplyErosionEffects(
                                ^
C:\Users\allen\Desktop\Alexander\Alexander\Source\Alexander\Public\TerrainStreamingManager.h(212,21): note: see declaration of 'UTerrainStreamingManager'
class ALEXANDER_API UTerrainStreamingManager : public UObject
                    ^
C:\Users\allen\Desktop\Alexander\Alexander\Source\Alexander\Private\TerrainStreamingManager.cpp(554,16): error C3861: 'CalculateSlopeAtPosition': identifier not found
	float Slope = CalculateSlopeAtPosition(X, Y, Config);
	              ^
C:\Users\allen\Desktop\Alexander\Alexander\Source\Alexander\Private\TerrainStreamingManager.cpp(555,21): error C2039: 'TalusAngle': is not a member of 'FTerrainGenerationConfig'
	if (Slope > Config.TalusAngle)
	                   ^
C:\Users\allen\Desktop\Alexander\Alexander\Source\Alexander\Public\TerrainTile.h(113,8): note: see declaration of 'FTerrainGenerationConfig'
struct FTerrainGenerationConfig
       ^
C:\Users\allen\Desktop\Alexander\Alexander\Source\Alexander\Private\TerrainStreamingManager.cpp(566,13): error C2039: 'bGenerateVolcanoes': is not a member of 'FTerrainGenerationConfig'
	if (Config.bGenerateVolcanoes)
	           ^
C:\Users\allen\Desktop\Alexander\Alexander\Source\Alexander\Public\TerrainTile.h(113,8): note: see declaration of 'FTerrainGenerationConfig'
struct FTerrainGenerationConfig
       ^
C:\Users\allen\Desktop\Alexander\Alexander\Source\Alexander\Private\TerrainStreamingManager.cpp(573,13): error C2039: 'bGenerateCraters': is not a member of 'FTerrainGenerationConfig'
	if (Config.bGenerateCraters)
	           ^
C:\Users\allen\Desktop\Alexander\Alexander\Source\Alexander\Public\TerrainTile.h(113,8): note: see declaration of 'FTerrainGenerationConfig'
struct FTerrainGenerationConfig
       ^
C:\Users\allen\Desktop\Alexander\Alexander\Source\Alexander\Private\TerrainStreamingManager.cpp(576,34): error C2039: 'CraterDensity': is not a member of 'FTerrainGenerationConfig'
			X, Y, Config.Seed + 4, Config.CraterDensity, Config.MaxCraterSize);
			                              ^
C:\Users\allen\Desktop\Alexander\Alexander\Source\Alexander\Public\TerrainTile.h(113,8): note: see declaration of 'FTerrainGenerationConfig'
struct FTerrainGenerationConfig
       ^
C:\Users\allen\Desktop\Alexander\Alexander\Source\Alexander\Private\TerrainStreamingManager.cpp(576,56): error C2039: 'MaxCraterSize': is not a member of 'FTerrainGenerationConfig'
			X, Y, Config.Seed + 4, Config.CraterDensity, Config.MaxCraterSize);
			                                                    ^
C:\Users\allen\Desktop\Alexander\Alexander\Source\Alexander\Public\TerrainTile.h(113,8): note: see declaration of 'FTerrainGenerationConfig'
struct FTerrainGenerationConfig
       ^
C:\Users\allen\Desktop\Alexander\Alexander\Source\Alexander\Private\TerrainStreamingManager.cpp(575,43): error C2660: 'UProceduralNoiseGenerator::GenerateCraterField': function does not take 3 arguments
		BaseHeight = UProceduralNoiseGenerator::GenerateCraterField(
		                                        ^
C:\Users\allen\Desktop\Alexander\Alexander\Source\Alexander\Public\ProceduralNoiseGenerator.h(356,15): note: see declaration of 'UProceduralNoiseGenerator::GenerateCraterField'
	static float GenerateCraterField(float X, float Y, int32 Seed, float CraterDensity, float MaxCraterSize);
	             ^
C:\Users\allen\Desktop\Alexander\Alexander\Source\Alexander\Private\TerrainStreamingManager.cpp(575,43): note: while trying to match the argument list '(float, float, int)'
		BaseHeight = UProceduralNoiseGenerator::GenerateCraterField(
		                                        ^
C:\Users\allen\Desktop\Alexander\Alexander\Source\Alexander\Private\TerrainStreamingManager.cpp(582,36): error C2039: 'CalculateTerrainNormal': is not a member of 'UTerrainStreamingManager'
FVector4 UTerrainStreamingManager::CalculateTerrainNormal(
                                   ^
C:\Users\allen\Desktop\Alexander\Alexander\Source\Alexander\Public\TerrainStreamingManager.h(212,21): note: see declaration of 'UTerrainStreamingManager'
class ALEXANDER_API UTerrainStreamingManager : public UObject
                    ^
C:\Users\allen\Desktop\Alexander\Alexander\Source\Alexander\Private\TerrainStreamingManager.cpp(586,24): error C2039: 'TerrainScale': is not a member of 'FTerrainGenerationConfig'
	float Offset = Config.TerrainScale * 0.1f;
	                      ^
C:\Users\allen\Desktop\Alexander\Alexander\Source\Alexander\Public\TerrainTile.h(113,8): note: see declaration of 'FTerrainGenerationConfig'
struct FTerrainGenerationConfig
       ^
C:\Users\allen\Desktop\Alexander\Alexander\Source\Alexander\Private\TerrainStreamingManager.cpp(588,38): error C2039: 'PlanetRadius': is not a member of 'FTerrainGenerationConfig'
		X + Offset, Y, Config.Seed, Config.PlanetRadius);
		                                   ^
C:\Users\allen\Desktop\Alexander\Alexander\Source\Alexander\Public\TerrainTile.h(113,8): note: see declaration of 'FTerrainGenerationConfig'
struct FTerrainGenerationConfig
       ^
C:\Users\allen\Desktop\Alexander\Alexander\Source\Alexander\Private\TerrainStreamingManager.cpp(587,44): error C2660: 'UProceduralNoiseGenerator::GenerateContinentalTerrain': function does not take 3 arguments
	float HRight = UProceduralNoiseGenerator::GenerateContinentalTerrain(
	                                          ^
C:\Users\allen\Desktop\Alexander\Alexander\Source\Alexander\Public\ProceduralNoiseGenerator.h(272,15): note: see declaration of 'UProceduralNoiseGenerator::GenerateContinentalTerrain'
	static float GenerateContinentalTerrain(float X, float Y, int32 Seed, float PlanetRadius);
	             ^
C:\Users\allen\Desktop\Alexander\Alexander\Source\Alexander\Private\TerrainStreamingManager.cpp(587,44): note: while trying to match the argument list '(float, float, const int32)'
	float HRight = UProceduralNoiseGenerator::GenerateContinentalTerrain(
	                                          ^
C:\Users\allen\Desktop\Alexander\Alexander\Source\Alexander\Private\TerrainStreamingManager.cpp(590,38): error C2039: 'PlanetRadius': is not a member of 'FTerrainGenerationConfig'
		X - Offset, Y, Config.Seed, Config.PlanetRadius);
		                                   ^
C:\Users\allen\Desktop\Alexander\Alexander\Source\Alexander\Public\TerrainTile.h(113,8): note: see declaration of 'FTerrainGenerationConfig'
struct FTerrainGenerationConfig
       ^
C:\Users\allen\Desktop\Alexander\Alexander\Source\Alexander\Private\TerrainStreamingManager.cpp(589,43): error C2660: 'UProceduralNoiseGenerator::GenerateContinentalTerrain': function does not take 3 arguments
	float HLeft = UProceduralNoiseGenerator::GenerateContinentalTerrain(
	                                         ^
C:\Users\allen\Desktop\Alexander\Alexander\Source\Alexander\Public\ProceduralNoiseGenerator.h(272,15): note: see declaration of 'UProceduralNoiseGenerator::GenerateContinentalTerrain'
	static float GenerateContinentalTerrain(float X, float Y, int32 Seed, float PlanetRadius);
	             ^
C:\Users\allen\Desktop\Alexander\Alexander\Source\Alexander\Private\TerrainStreamingManager.cpp(589,43): note: while trying to match the argument list '(float, float, const int32)'
	float HLeft = UProceduralNoiseGenerator::GenerateContinentalTerrain(
	                                         ^
C:\Users\allen\Desktop\Alexander\Alexander\Source\Alexander\Private\TerrainStreamingManager.cpp(592,38): error C2039: 'PlanetRadius': is not a member of 'FTerrainGenerationConfig'
		X, Y + Offset, Config.Seed, Config.PlanetRadius);
		                                   ^
C:\Users\allen\Desktop\Alexander\Alexander\Source\Alexander\Public\TerrainTile.h(113,8): note: see declaration of 'FTerrainGenerationConfig'
struct FTerrainGenerationConfig
       ^
C:\Users\allen\Desktop\Alexander\Alexander\Source\Alexander\Private\TerrainStreamingManager.cpp(591,41): error C2660: 'UProceduralNoiseGenerator::GenerateContinentalTerrain': function does not take 3 arguments
	float HUp = UProceduralNoiseGenerator::GenerateContinentalTerrain(
	                                       ^
C:\Users\allen\Desktop\Alexander\Alexander\Source\Alexander\Public\ProceduralNoiseGenerator.h(272,15): note: see declaration of 'UProceduralNoiseGenerator::GenerateContinentalTerrain'
	static float GenerateContinentalTerrain(float X, float Y, int32 Seed, float PlanetRadius);
	             ^
C:\Users\allen\Desktop\Alexander\Alexander\Source\Alexander\Private\TerrainStreamingManager.cpp(591,41): note: while trying to match the argument list '(float, float, const int32)'
	float HUp = UProceduralNoiseGenerator::GenerateContinentalTerrain(
	                                       ^
C:\Users\allen\Desktop\Alexander\Alexander\Source\Alexander\Private\TerrainStreamingManager.cpp(594,38): error C2039: 'PlanetRadius': is not a member of 'FTerrainGenerationConfig'
		X, Y - Offset, Config.Seed, Config.PlanetRadius);
		                                   ^
C:\Users\allen\Desktop\Alexander\Alexander\Source\Alexander\Public\TerrainTile.h(113,8): note: see declaration of 'FTerrainGenerationConfig'
struct FTerrainGenerationConfig
       ^
C:\Users\allen\Desktop\Alexander\Alexander\Source\Alexander\Private\TerrainStreamingManager.cpp(593,43): error C2660: 'UProceduralNoiseGenerator::GenerateContinentalTerrain': function does not take 3 arguments
	float HDown = UProceduralNoiseGenerator::GenerateContinentalTerrain(
	                                         ^
C:\Users\allen\Desktop\Alexander\Alexander\Source\Alexander\Public\ProceduralNoiseGenerator.h(272,15): note: see declaration of 'UProceduralNoiseGenerator::GenerateContinentalTerrain'
	static float GenerateContinentalTerrain(float X, float Y, int32 Seed, float PlanetRadius);
	             ^
C:\Users\allen\Desktop\Alexander\Alexander\Source\Alexander\Private\TerrainStreamingManager.cpp(593,43): note: while trying to match the argument list '(float, float, const int32)'
	float HDown = UProceduralNoiseGenerator::GenerateContinentalTerrain(
	                                         ^
C:\Users\allen\Desktop\Alexander\Alexander\Source\Alexander\Private\TerrainStreamingManager.cpp(603,32): error C2039: 'GenerateAdditionalDataLayers': is not a member of 'UTerrainStreamingManager'
void UTerrainStreamingManager::GenerateAdditionalDataLayers(
                               ^
C:\Users\allen\Desktop\Alexander\Alexander\Source\Alexander\Public\TerrainStreamingManager.h(212,21): note: see declaration of 'UTerrainStreamingManager'
class ALEXANDER_API UTerrainStreamingManager : public UObject
                    ^
C:\Users\allen\Desktop\Alexander\Alexander\Source\Alexander\Private\TerrainStreamingManager.cpp(609,11): error C2039: 'CaveMap': is not a member of 'FTerrainTileData'
	TileData.CaveMap.SetNumUninitialized(Resolution * Resolution);
	         ^
C:\Users\allen\Desktop\Alexander\Alexander\Source\Alexander\Public\TerrainTile.h(14,8): note: see declaration of 'FTerrainTileData'
struct FTerrainTileData
       ^
C:\Users\allen\Desktop\Alexander\Alexander\Source\Alexander\Private\TerrainStreamingManager.cpp(617,28): error C2039: 'HeightMap': is not a member of 'FTerrainTileData'
			float WorldZ = TileData.HeightMap[Index];
			                        ^
C:\Users\allen\Desktop\Alexander\Alexander\Source\Alexander\Public\TerrainTile.h(14,8): note: see declaration of 'FTerrainTileData'
struct FTerrainTileData
       ^
C:\Users\allen\Desktop\Alexander\Alexander\Source\Alexander\Private\TerrainStreamingManager.cpp(619,13): error C2039: 'CaveMap': is not a member of 'FTerrainTileData'
			TileData.CaveMap[Index] = UProceduralNoiseGenerator::GenerateCaveSystem(
			         ^
C:\Users\allen\Desktop\Alexander\Alexander\Source\Alexander\Public\TerrainTile.h(14,8): note: see declaration of 'FTerrainTileData'
struct FTerrainTileData
       ^
C:\Users\allen\Desktop\Alexander\Alexander\Source\Alexander\Private\TerrainStreamingManager.cpp(625,11): error C2039: 'MineralMap': is not a member of 'FTerrainTileData'
	TileData.MineralMap.SetNumUninitialized(Resolution * Resolution);
	         ^
C:\Users\allen\Desktop\Alexander\Alexander\Source\Alexander\Public\TerrainTile.h(14,8): note: see declaration of 'FTerrainTileData'
struct FTerrainTileData
       ^
C:\Users\allen\Desktop\Alexander\Alexander\Source\Alexander\Private\TerrainStreamingManager.cpp(626,2): error C3861: 'GenerateMineralDeposits': identifier not found
	GenerateMineralDeposits(TileData, Config);
	^
C:\Users\allen\Desktop\Alexander\Alexander\Source\Alexander\Private\TerrainStreamingManager.cpp(629,32): error C2039: 'ApplyPostProcessingEffects': is not a member of 'UTerrainStreamingManager'
void UTerrainStreamingManager::ApplyPostProcessingEffects(
                               ^
C:\Users\allen\Desktop\Alexander\Alexander\Source\Alexander\Public\TerrainStreamingManager.h(212,21): note: see declaration of 'UTerrainStreamingManager'
class ALEXANDER_API UTerrainStreamingManager : public UObject
                    ^
C:\Users\allen\Desktop\Alexander\Alexander\Source\Alexander\Private\TerrainStreamingManager.cpp(633,13): error C2039: 'bApplySmoothing': is not a member of 'FTerrainGenerationConfig'
	if (Config.bApplySmoothing)
	           ^
C:\Users\allen\Desktop\Alexander\Alexander\Source\Alexander\Public\TerrainTile.h(113,8): note: see declaration of 'FTerrainGenerationConfig'
struct FTerrainGenerationConfig
       ^
C:\Users\allen\Desktop\Alexander\Alexander\Source\Alexander\Private\TerrainStreamingManager.cpp(635,33): error C2039: 'HeightMap': is not a member of 'FTerrainTileData'
		ApplySmoothingFilter(TileData.HeightMap, TileData.Resolution);
		                              ^
C:\Users\allen\Desktop\Alexander\Alexander\Source\Alexander\Public\TerrainTile.h(14,8): note: see declaration of 'FTerrainTileData'
struct FTerrainTileData
       ^
C:\Users\allen\Desktop\Alexander\Alexander\Source\Alexander\Private\TerrainStreamingManager.cpp(635,3): error C3861: 'ApplySmoothingFilter': identifier not found
		ApplySmoothingFilter(TileData.HeightMap, TileData.Resolution);
		^
C:\Users\allen\Desktop\Alexander\Alexander\Source\Alexander\Private\TerrainStreamingManager.cpp(639,13): error C2039: 'bEnableEdgeBlending': is not a member of 'FTerrainGenerationConfig'
	if (Config.bEnableEdgeBlending)
	           ^
C:\Users\allen\Desktop\Alexander\Alexander\Source\Alexander\Public\TerrainTile.h(113,8): note: see declaration of 'FTerrainGenerationConfig'
struct FTerrainGenerationConfig
       ^
C:\Users\allen\Desktop\Alexander\Alexander\Source\Alexander\Private\TerrainStreamingManager.cpp(641,3): error C3861: 'ApplyEdgeBlending': identifier not found
		ApplyEdgeBlending(TileData);
		^
C:\Users\allen\Desktop\Alexander\Alexander\Source\Alexander\Private\TerrainStreamingManager.cpp(645,2): error C3861: 'ApplyLODOptimizations': identifier not found
	ApplyLODOptimizations(TileData, Config);
	^
[85/91] Compile [x64] Module.Alexander.53.cpp
C:\Users\allen\Desktop\Alexander\Alexander\Source\Alexander\Private\PlanetAtmosphereComponent.cpp(10,4): warning C5038: data member 'UPlanetAtmosphereComponent::LookupTables' will be initialized after data member 'UPlanetAtmosphereComponent::bUseSkyAtmosphere'
	, LookupTables(nullptr)
	  ^
C:\Users\allen\Desktop\Alexander\Alexander\Source\Alexander\Private\ProceduralMissionGenerator.cpp(108,32): error C2440: 'initializing': cannot convert from 'FMissionTemplate' to 'FMissionTemplate *'
    FMissionTemplate* Template = GetMissionTemplate(TemplateName);
                               ^
C:\Users\allen\Desktop\Alexander\Alexander\Source\Alexander\Private\ProceduralMissionGenerator.cpp(108,32): note: No user-defined-conversion operator available that can perform this conversion, or the operator cannot be called
C:\Users\allen\Desktop\Alexander\Alexander\Source\Alexander\Private\ProceduralMissionGenerator.cpp(184,48): error C2556: 'FMissionTemplate *UProceduralMissionGenerator::GetMissionTemplate(const FName &)': overloaded function differs only by return type from 'FMissionTemplate UProceduralMissionGenerator::GetMissionTemplate(const FName &)'
FMissionTemplate* UProceduralMissionGenerator::GetMissionTemplate(const FName& TemplateName)
                                               ^
C:\Users\allen\Desktop\Alexander\Alexander\Source\Alexander\Public\ProceduralMissionGenerator.h(282,22): note: see declaration of 'UProceduralMissionGenerator::GetMissionTemplate'
    FMissionTemplate GetMissionTemplate(const FName& TemplateName);
                     ^
C:\Users\allen\Desktop\Alexander\Alexander\Source\Alexander\Private\ProceduralMissionGenerator.cpp(184,48): error C2040: 'UProceduralMissionGenerator::GetMissionTemplate': 'FMissionTemplate *(const FName &)' differs in levels of indirection from 'FMissionTemplate (const FName &)'
FMissionTemplate* UProceduralMissionGenerator::GetMissionTemplate(const FName& TemplateName)
                                               ^
C:\Users\allen\Desktop\Alexander\Alexander\Source\Alexander\Private\ProceduralMissionGenerator.cpp(189,55): error C2084: function 'TArray<FMissionTemplate,FDefaultAllocator> UProceduralMissionGenerator::GetAllTemplates(void) const' already has a body
TArray<FMissionTemplate> UProceduralMissionGenerator::GetAllTemplates() const
                                                      ^
C:\Users\allen\Desktop\Alexander\Alexander\Source\Alexander\Public\ProceduralMissionGenerator.h(285,30): note: see previous definition of 'UProceduralMissionGenerator::GetAllTemplates'
    TArray<FMissionTemplate> GetAllTemplates() const { return MissionTemplates; }
                             ^
C:\Users\allen\Desktop\Alexander\Alexander\Source\Alexander\Private\ProceduralMissionGenerator.cpp(226,56): error C2556: 'TArray<FMissionObjective,FDefaultAllocator> UProceduralMissionGenerator::GenerateObjectives(const FMissionTemplate &,const FMissionGenerationContext &)': overloaded function differs only by return type from 'TArray<FMissionBoardObjective,FDefaultAllocator> UProceduralMissionGenerator::GenerateObjectives(const FMissionTemplate &,const FMissionGenerationContext &)'
TArray<FMissionObjective> UProceduralMissionGenerator::GenerateObjectives(const FMissionTemplate& Template, const FMissionGenerationContext& Context)
                                                       ^
C:\Users\allen\Desktop\Alexander\Alexander\Source\Alexander\Public\ProceduralMissionGenerator.h(296,36): note: see declaration of 'UProceduralMissionGenerator::GenerateObjectives'
    TArray<FMissionBoardObjective> GenerateObjectives(const FMissionTemplate& Template, const FMissionGenerationContext& Context);
                                   ^
C:\Users\allen\Desktop\Alexander\Alexander\Source\Alexander\Private\ProceduralMissionGenerator.cpp(226,56): error C2371: 'UProceduralMissionGenerator::GenerateObjectives': redefinition; different basic types
TArray<FMissionObjective> UProceduralMissionGenerator::GenerateObjectives(const FMissionTemplate& Template, const FMissionGenerationContext& Context)
                                                       ^
C:\Users\allen\Desktop\Alexander\Alexander\Source\Alexander\Public\ProceduralMissionGenerator.h(296,36): note: see declaration of 'UProceduralMissionGenerator::GenerateObjectives'
    TArray<FMissionBoardObjective> GenerateObjectives(const FMissionTemplate& Template, const FMissionGenerationContext& Context);
                                   ^
C:\Users\allen\Desktop\Alexander\Alexander\Source\Alexander\Private\ProceduralMissionGenerator.cpp(249,41): error C2440: 'initializing': cannot convert from 'FMissionBoardObjective' to 'FMissionObjective'
            FMissionObjective Objective = GenerateObjective(ObjectiveTemplate, Context);
                                        ^
C:\Users\allen\Desktop\Alexander\Alexander\Source\Alexander\Private\ProceduralMissionGenerator.cpp(249,41): note: No user-defined-conversion operator available that can perform this conversion, or the operator cannot be called
C:\Users\allen\Desktop\Alexander\Alexander\Source\Alexander\Private\QuadTreeTileManager.cpp(524,9): error C4458: declaration of 'ActiveNodes' hides class member
	int32& ActiveNodes,
	       ^
C:\Users\allen\Desktop\Alexander\Alexander\Source\Alexander\Public\QuadTreeTileManager.h(309,36): note: see declaration of 'UQuadTreeTileManager::ActiveNodes'
	TArray<TSharedPtr<FQuadTreeNode>> ActiveNodes;
	                                  ^
C:\Users\allen\Desktop\Alexander\Alexander\Source\Alexander\Private\ShipEntryComponent.cpp(13,1): fatal error C1083: Cannot open include file: 'Components/MotionControllerComponent.h': No such file or directory
#include "Components/MotionControllerComponent.h"
^
[86/91] Compile [x64] Module.Alexander.55.cpp
[87/91] Compile [x64] Module.Alexander.51.cpp
[88/91] Compile [x64] Module.Alexander.56.cpp
C:\Users\allen\Desktop\Alexander\Alexander\Source\Alexander\Private\VRPerformanceOptimizer.cpp(21,4): warning C5038: data member 'UVRPerformanceOptimizer::LastDrawCallCount' will be initialized after data member 'UVRPerformanceOptimizer::FrameHistoryIndex'
	, LastDrawCallCount(0)
	  ^
[89/91] Compile [x64] Module.Alexander.52.cpp
Trace written to file C:/Users/allen/AppData/Local/UnrealBuildTool/Log.uba with size 76.4kb
Total time in Unreal Build Accelerator local executor: 38.24 seconds

Result: Failed (OtherCompilationError)
Total execution time: 41.58 seconds
